# JRE version: OpenJDK Runtime Environment OpenLogic-OpenJDK (17.0.10+7) (build 17.0.10+7-adhoc..jdk17u)
# Java VM: OpenJDK 64-Bit Server VM OpenLogic-OpenJDK (17.0.10+7-adhoc..jdk17u, mixed mode, sharing, tiered, compressed oops, compressed class ptrs, g1 gc, windows-amd64)
GC Precious Log:
 CPUs: 4 total, 4 available
 Memory: 16309M
 Large Page Support: Disabled
 NUMA Support: Disabled
 Compressed Oops: Enabled (32-bit)
 Heap Region Size: 1M
 Heap Min Capacity: 8M
 Heap Initial Capacity: 256M
 Heap Max Capacity: 2G
 Pre-touch: Disabled
 Parallel Workers: 4
 Concurrent Workers: 1
 Concurrent Refinement Workers: 4
 Periodic GC: Disabled
Heap:
 garbage-first heap   total 244736K, used 197598K [0x0000000080000000, 0x0000000100000000)
  region size 1024K, 31 young (31744K), 6 survivors (6144K)
 Metaspace       used 106742K, committed 107776K, reserved 557056K
  class space    used 14764K, committed 15232K, reserved 425984K
GC Heap History (20 events):
Event: 52.132 GC heap before
{Heap before GC invocations=41 (full 0):
 garbage-first heap   total 203776K, used 167606K [0x0000000080000000, 0x0000000100000000)
  region size 1024K, 36 young (36864K), 7 survivors (7168K)
 Metaspace       used 99272K, committed 100160K, reserved 557056K
  class space    used 13717K, committed 14144K, reserved 425984K
}
Event: 52.140 GC heap after
{Heap after GC invocations=42 (full 0):
 garbage-first heap   total 203776K, used 144896K [0x0000000080000000, 0x0000000100000000)
  region size 1024K, 5 young (5120K), 5 survivors (5120K)
 Metaspace       used 99272K, committed 100160K, reserved 557056K
  class space    used 13717K, committed 14144K, reserved 425984K
}
Event: 52.312 GC heap before
{Heap before GC invocations=42 (full 0):
 garbage-first heap   total 203776K, used 167424K [0x0000000080000000, 0x0000000100000000)
  region size 1024K, 27 young (27648K), 5 survivors (5120K)
 Metaspace       used 99936K, committed 100928K, reserved 557056K
  class space    used 13847K, committed 14272K, reserved 425984K
}
Event: 52.320 GC heap after
{Heap after GC invocations=43 (full 0):
 garbage-first heap   total 203776K, used 149035K [0x0000000080000000, 0x0000000100000000)
  region size 1024K, 4 young (4096K), 4 survivors (4096K)
 Metaspace       used 99936K, committed 100928K, reserved 557056K
  class space    used 13847K, committed 14272K, reserved 425984K
}
Event: 52.646 GC heap before
{Heap before GC invocations=43 (full 0):
 garbage-first heap   total 203776K, used 169515K [0x0000000080000000, 0x0000000100000000)
  region size 1024K, 24 young (24576K), 4 survivors (4096K)
 Metaspace       used 101356K, committed 102400K, reserved 557056K
  class space    used 14021K, committed 14464K, reserved 425984K
}
Event: 52.650 GC heap after
{Heap after GC invocations=44 (full 0):
 garbage-first heap   total 203776K, used 151772K [0x0000000080000000, 0x0000000100000000)
  region size 1024K, 3 young (3072K), 3 survivors (3072K)
 Metaspace       used 101356K, committed 102400K, reserved 557056K
  class space    used 14021K, committed 14464K, reserved 425984K
}
Event: 52.876 GC heap before
{Heap before GC invocations=44 (full 0):
 garbage-first heap   total 203776K, used 171228K [0x0000000080000000, 0x0000000100000000)
  region size 1024K, 22 young (22528K), 3 survivors (3072K)
 Metaspace       used 102334K, committed 103360K, reserved 557056K
  class space    used 14170K, committed 14656K, reserved 425984K
}
Event: 52.881 GC heap after
{Heap after GC invocations=45 (full 0):
 garbage-first heap   total 203776K, used 152726K [0x0000000080000000, 0x0000000100000000)
  region size 1024K, 1 young (1024K), 1 survivors (1024K)
 Metaspace       used 102334K, committed 103360K, reserved 557056K
  class space    used 14170K, committed 14656K, reserved 425984K
}
Event: 53.109 GC heap before
{Heap before GC invocations=45 (full 0):
 garbage-first heap   total 203776K, used 173206K [0x0000000080000000, 0x0000000100000000)
  region size 1024K, 21 young (21504K), 1 survivors (1024K)
 Metaspace       used 103444K, committed 104448K, reserved 557056K
  class space    used 14339K, committed 14784K, reserved 425984K
}
Event: 53.112 GC heap after
{Heap after GC invocations=46 (full 0):
 garbage-first heap   total 203776K, used 153429K [0x0000000080000000, 0x0000000100000000)
  region size 1024K, 2 young (2048K), 2 survivors (2048K)
 Metaspace       used 103444K, committed 104448K, reserved 557056K
  class space    used 14339K, committed 14784K, reserved 425984K
}
Event: 53.296 GC heap before
{Heap before GC invocations=46 (full 0):
 garbage-first heap   total 203776K, used 173909K [0x0000000080000000, 0x0000000100000000)
  region size 1024K, 22 young (22528K), 2 survivors (2048K)
 Metaspace       used 104453K, committed 105472K, reserved 557056K
  class space    used 14481K, committed 14976K, reserved 425984K
}
Event: 53.301 GC heap after
{Heap after GC invocations=47 (full 0):
 garbage-first heap   total 203776K, used 154724K [0x0000000080000000, 0x0000000100000000)
  region size 1024K, 3 young (3072K), 3 survivors (3072K)
 Metaspace       used 104453K, committed 105472K, reserved 557056K
  class space    used 14481K, committed 14976K, reserved 425984K
}
Event: 53.509 GC heap before
{Heap before GC invocations=47 (full 0):
 garbage-first heap   total 203776K, used 175204K [0x0000000080000000, 0x0000000100000000)
  region size 1024K, 23 young (23552K), 3 survivors (3072K)
 Metaspace       used 105603K, committed 106688K, reserved 557056K
  class space    used 14632K, committed 15104K, reserved 425984K
}
Event: 53.516 GC heap after
{Heap after GC invocations=48 (full 0):
 garbage-first heap   total 203776K, used 155823K [0x0000000080000000, 0x0000000100000000)
  region size 1024K, 3 young (3072K), 3 survivors (3072K)
 Metaspace       used 105603K, committed 106688K, reserved 557056K
  class space    used 14632K, committed 15104K, reserved 425984K
}
Event: 53.738 GC heap before
{Heap before GC invocations=48 (full 0):
 garbage-first heap   total 203776K, used 176303K [0x0000000080000000, 0x0000000100000000)
  region size 1024K, 23 young (23552K), 3 survivors (3072K)
 Metaspace       used 106144K, committed 107200K, reserved 557056K
  class space    used 14701K, committed 15168K, reserved 425984K
}
Event: 53.746 GC heap after
{Heap after GC invocations=49 (full 0):
 garbage-first heap   total 244736K, used 158294K [0x0000000080000000, 0x0000000100000000)
  region size 1024K, 3 young (3072K), 3 survivors (3072K)
 Metaspace       used 106144K, committed 107200K, reserved 557056K
  class space    used 14701K, committed 15168K, reserved 425984K
}
Event: 54.119 GC heap before
{Heap before GC invocations=49 (full 0):
 garbage-first heap   total 244736K, used 205398K [0x0000000080000000, 0x0000000100000000)
  region size 1024K, 49 young (50176K), 3 survivors (3072K)
 Metaspace       used 106350K, committed 107328K, reserved 557056K
  class space    used 14722K, committed 15168K, reserved 425984K
}
Event: 54.132 GC heap after
{Heap after GC invocations=50 (full 0):
 garbage-first heap   total 244736K, used 166428K [0x0000000080000000, 0x0000000100000000)
  region size 1024K, 7 young (7168K), 7 survivors (7168K)
 Metaspace       used 106350K, committed 107328K, reserved 557056K
  class space    used 14722K, committed 15168K, reserved 425984K
}
Event: 54.570 GC heap before
{Heap before GC invocations=50 (full 0):
 garbage-first heap   total 244736K, used 205340K [0x0000000080000000, 0x0000000100000000)
  region size 1024K, 45 young (46080K), 7 survivors (7168K)
 Metaspace       used 106479K, committed 107520K, reserved 557056K
  class space    used 14734K, committed 15232K, reserved 425984K
}
Event: 54.582 GC heap after
{Heap after GC invocations=51 (full 0):
 garbage-first heap   total 244736K, used 173022K [0x0000000080000000, 0x0000000100000000)
  region size 1024K, 6 young (6144K), 6 survivors (6144K)
 Metaspace       used 106479K, committed 107520K, reserved 557056K
  class space    used 14734K, committed 15232K, reserved 425984K
}

