# JRE version: OpenJDK Runtime Environment OpenLogic-OpenJDK (17.0.10+7) (build 17.0.10+7-adhoc..jdk17u)
# Java VM: OpenJDK 64-Bit Server VM OpenLogic-OpenJDK (17.0.10+7-adhoc..jdk17u, mixed mode, sharing, tiered, compressed oops, compressed class ptrs, g1 gc, windows-amd64)
GC Precious Log:
 CPUs: 4 total, 4 available
 Memory: 16309M
 Large Page Support: Disabled
 NUMA Support: Disabled
 Compressed Oops: Enabled (Zero based)
 Heap Region Size: 2M
 Heap Min Capacity: 8M
 Heap Initial Capacity: 256M
 Heap Max Capacity: 4078M
 Pre-touch: Disabled
 Parallel Workers: 4
 Concurrent Workers: 1
 Concurrent Refinement Workers: 4
 Periodic GC: Disabled
Heap:
 garbage-first heap   total 69632K, used 35549K [0x0000000701200000, 0x0000000800000000)
  region size 2048K, 6 young (12288K), 1 survivors (2048K)
 Metaspace       used 36660K, committed 36928K, reserved 1114112K
  class space    used 4512K, committed 4608K, reserved 1048576K
GC Heap History (16 events):
Event: 2.496 GC heap before
{Heap before GC invocations=0 (full 0):
 garbage-first heap   total 262144K, used 14336K [0x0000000701200000, 0x0000000800000000)
  region size 2048K, 6 young (12288K), 0 survivors (0K)
 Metaspace       used 3435K, committed 3584K, reserved 1114112K
  class space    used 256K, committed 320K, reserved 1048576K
}
Event: 2.540 GC heap after
{Heap after GC invocations=1 (full 0):
 garbage-first heap   total 262144K, used 6206K [0x0000000701200000, 0x0000000800000000)
  region size 2048K, 1 young (2048K), 1 survivors (2048K)
 Metaspace       used 3435K, committed 3584K, reserved 1114112K
  class space    used 256K, committed 320K, reserved 1048576K
}
Event: 3.072 GC heap before
{Heap before GC invocations=1 (full 0):
 garbage-first heap   total 262144K, used 18494K [0x0000000701200000, 0x0000000800000000)
  region size 2048K, 7 young (14336K), 1 survivors (2048K)
 Metaspace       used 6656K, committed 6784K, reserved 1114112K
  class space    used 673K, committed 768K, reserved 1048576K
}
Event: 3.076 GC heap after
{Heap after GC invocations=2 (full 0):
 garbage-first heap   total 262144K, used 6961K [0x0000000701200000, 0x0000000800000000)
  region size 2048K, 1 young (2048K), 1 survivors (2048K)
 Metaspace       used 6656K, committed 6784K, reserved 1114112K
  class space    used 673K, committed 768K, reserved 1048576K
}
Event: 5.176 GC heap before
{Heap before GC invocations=2 (full 0):
 garbage-first heap   total 262144K, used 37681K [0x0000000701200000, 0x0000000800000000)
  region size 2048K, 16 young (32768K), 1 survivors (2048K)
 Metaspace       used 13375K, committed 13632K, reserved 1114112K
  class space    used 1520K, committed 1664K, reserved 1048576K
}
Event: 5.181 GC heap after
{Heap after GC invocations=3 (full 0):
 garbage-first heap   total 262144K, used 10245K [0x0000000701200000, 0x0000000800000000)
  region size 2048K, 2 young (4096K), 2 survivors (4096K)
 Metaspace       used 13375K, committed 13632K, reserved 1114112K
  class space    used 1520K, committed 1664K, reserved 1048576K
}
Event: 6.610 GC heap before
{Heap before GC invocations=3 (full 0):
 garbage-first heap   total 262144K, used 40965K [0x0000000701200000, 0x0000000800000000)
  region size 2048K, 16 young (32768K), 2 survivors (4096K)
 Metaspace       used 21304K, committed 21504K, reserved 1114112K
  class space    used 2732K, committed 2816K, reserved 1048576K
}
Event: 6.617 GC heap after
{Heap after GC invocations=4 (full 0):
 garbage-first heap   total 262144K, used 16924K [0x0000000701200000, 0x0000000800000000)
  region size 2048K, 4 young (8192K), 4 survivors (8192K)
 Metaspace       used 21304K, committed 21504K, reserved 1114112K
  class space    used 2732K, committed 2816K, reserved 1048576K
}
Event: 14.594 GC heap before
{Heap before GC invocations=5 (full 0):
 garbage-first heap   total 69632K, used 51740K [0x0000000701200000, 0x0000000800000000)
  region size 2048K, 20 young (40960K), 4 survivors (8192K)
 Metaspace       used 26574K, committed 26816K, reserved 1114112K
  class space    used 3532K, committed 3648K, reserved 1048576K
}
Event: 14.608 GC heap after
{Heap after GC invocations=6 (full 0):
 garbage-first heap   total 69632K, used 24099K [0x0000000701200000, 0x0000000800000000)
  region size 2048K, 3 young (6144K), 3 survivors (6144K)
 Metaspace       used 26574K, committed 26816K, reserved 1114112K
  class space    used 3532K, committed 3648K, reserved 1048576K
}
Event: 14.643 GC heap before
{Heap before GC invocations=6 (full 0):
 garbage-first heap   total 69632K, used 26147K [0x0000000701200000, 0x0000000800000000)
  region size 2048K, 4 young (8192K), 3 survivors (6144K)
 Metaspace       used 26744K, committed 27008K, reserved 1114112K
  class space    used 3547K, committed 3648K, reserved 1048576K
}
Event: 14.653 GC heap after
{Heap after GC invocations=7 (full 0):
 garbage-first heap   total 69632K, used 26091K [0x0000000701200000, 0x0000000800000000)
  region size 2048K, 1 young (2048K), 1 survivors (2048K)
 Metaspace       used 26744K, committed 27008K, reserved 1114112K
  class space    used 3547K, committed 3648K, reserved 1048576K
}
Event: 15.685 GC heap before
{Heap before GC invocations=7 (full 0):
 garbage-first heap   total 69632K, used 48619K [0x0000000701200000, 0x0000000800000000)
  region size 2048K, 12 young (24576K), 1 survivors (2048K)
 Metaspace       used 31006K, committed 31232K, reserved 1114112K
  class space    used 3951K, committed 4032K, reserved 1048576K
}
Event: 15.694 GC heap after
{Heap after GC invocations=8 (full 0):
 garbage-first heap   total 69632K, used 25672K [0x0000000701200000, 0x0000000800000000)
  region size 2048K, 2 young (4096K), 2 survivors (4096K)
 Metaspace       used 31006K, committed 31232K, reserved 1114112K
  class space    used 3951K, committed 4032K, reserved 1048576K
}
Event: 16.918 GC heap before
{Heap before GC invocations=8 (full 0):
 garbage-first heap   total 69632K, used 44104K [0x0000000701200000, 0x0000000800000000)
  region size 2048K, 12 young (24576K), 2 survivors (4096K)
 Metaspace       used 35747K, committed 35968K, reserved 1114112K
  class space    used 4418K, committed 4544K, reserved 1048576K
}
Event: 16.925 GC heap after
{Heap after GC invocations=9 (full 0):
 garbage-first heap   total 69632K, used 27357K [0x0000000701200000, 0x0000000800000000)
  region size 2048K, 1 young (2048K), 1 survivors (2048K)
 Metaspace       used 35747K, committed 35968K, reserved 1114112K
  class space    used 4418K, committed 4544K, reserved 1048576K
}

