# JRE version: OpenJDK Runtime Environment OpenLogic-OpenJDK (17.0.10+7) (build 17.0.10+7-adhoc..jdk17u)
# Java VM: OpenJDK 64-Bit Server VM OpenLogic-OpenJDK (17.0.10+7-adhoc..jdk17u, mixed mode, sharing, tiered, compressed oops, compressed class ptrs, g1 gc, windows-amd64)
GC Precious Log:
 CPUs: 4 total, 4 available
 Memory: 16309M
 Large Page Support: Disabled
 NUMA Support: Disabled
 Compressed Oops: Enabled (32-bit)
 Heap Region Size: 1M
 Heap Min Capacity: 8M
 Heap Initial Capacity: 256M
 Heap Max Capacity: 2G
 Pre-touch: Disabled
 Parallel Workers: 4
 Concurrent Workers: 1
 Concurrent Refinement Workers: 4
 Periodic GC: Disabled
Heap:
 garbage-first heap   total 89088K, used 68712K [0x0000000080000000, 0x0000000100000000)
  region size 1024K, 19 young (19456K), 3 survivors (3072K)
 Metaspace       used 56923K, committed 57600K, reserved 491520K
  class space    used 7891K, committed 8192K, reserved 425984K
GC Heap History (20 events):
Event: 42.453 GC heap before
{Heap before GC invocations=8 (full 0):
 garbage-first heap   total 81920K, used 60901K [0x0000000080000000, 0x0000000100000000)
  region size 1024K, 34 young (34816K), 4 survivors (4096K)
 Metaspace       used 34971K, committed 35392K, reserved 491520K
  class space    used 4844K, committed 5056K, reserved 425984K
}
Event: 42.466 GC heap after
{Heap after GC invocations=9 (full 0):
 garbage-first heap   total 81920K, used 32659K [0x0000000080000000, 0x0000000100000000)
  region size 1024K, 2 young (2048K), 2 survivors (2048K)
 Metaspace       used 34971K, committed 35392K, reserved 491520K
  class space    used 4844K, committed 5056K, reserved 425984K
}
Event: 42.505 GC heap before
{Heap before GC invocations=9 (full 0):
 garbage-first heap   total 81920K, used 35731K [0x0000000080000000, 0x0000000100000000)
  region size 1024K, 5 young (5120K), 2 survivors (2048K)
 Metaspace       used 35567K, committed 35968K, reserved 491520K
  class space    used 4852K, committed 5056K, reserved 425984K
}
Event: 42.509 GC heap after
{Heap after GC invocations=10 (full 0):
 garbage-first heap   total 81920K, used 33659K [0x0000000080000000, 0x0000000100000000)
  region size 1024K, 2 young (2048K), 2 survivors (2048K)
 Metaspace       used 35567K, committed 35968K, reserved 491520K
  class space    used 4852K, committed 5056K, reserved 425984K
}
Event: 43.654 GC heap before
{Heap before GC invocations=11 (full 0):
 garbage-first heap   total 81920K, used 64379K [0x0000000080000000, 0x0000000100000000)
  region size 1024K, 32 young (32768K), 2 survivors (2048K)
 Metaspace       used 38879K, committed 39296K, reserved 491520K
  class space    used 5376K, committed 5568K, reserved 425984K
}
Event: 43.660 GC heap after
{Heap after GC invocations=12 (full 0):
 garbage-first heap   total 81920K, used 34134K [0x0000000080000000, 0x0000000100000000)
  region size 1024K, 3 young (3072K), 3 survivors (3072K)
 Metaspace       used 38879K, committed 39296K, reserved 491520K
  class space    used 5376K, committed 5568K, reserved 425984K
}
Event: 44.943 GC heap before
{Heap before GC invocations=12 (full 0):
 garbage-first heap   total 81920K, used 65878K [0x0000000080000000, 0x0000000100000000)
  region size 1024K, 34 young (34816K), 3 survivors (3072K)
 Metaspace       used 44281K, committed 44800K, reserved 491520K
  class space    used 6056K, committed 6272K, reserved 425984K
}
Event: 44.950 GC heap after
{Heap after GC invocations=13 (full 0):
 garbage-first heap   total 81920K, used 37147K [0x0000000080000000, 0x0000000100000000)
  region size 1024K, 5 young (5120K), 5 survivors (5120K)
 Metaspace       used 44281K, committed 44800K, reserved 491520K
  class space    used 6056K, committed 6272K, reserved 425984K
}
Event: 47.586 GC heap before
{Heap before GC invocations=13 (full 0):
 garbage-first heap   total 81920K, used 64795K [0x0000000080000000, 0x0000000100000000)
  region size 1024K, 32 young (32768K), 5 survivors (5120K)
 Metaspace       used 48906K, committed 49408K, reserved 491520K
  class space    used 6714K, committed 6912K, reserved 425984K
}
Event: 47.593 GC heap after
{Heap after GC invocations=14 (full 0):
 garbage-first heap   total 81920K, used 39459K [0x0000000080000000, 0x0000000100000000)
  region size 1024K, 3 young (3072K), 3 survivors (3072K)
 Metaspace       used 48906K, committed 49408K, reserved 491520K
  class space    used 6714K, committed 6912K, reserved 425984K
}
Event: 48.724 GC heap before
{Heap before GC invocations=14 (full 0):
 garbage-first heap   total 81920K, used 65059K [0x0000000080000000, 0x0000000100000000)
  region size 1024K, 28 young (28672K), 3 survivors (3072K)
 Metaspace       used 51928K, committed 52480K, reserved 491520K
  class space    used 7206K, committed 7424K, reserved 425984K
}
Event: 48.734 GC heap after
{Heap after GC invocations=15 (full 0):
 garbage-first heap   total 81920K, used 41236K [0x0000000080000000, 0x0000000100000000)
  region size 1024K, 2 young (2048K), 2 survivors (2048K)
 Metaspace       used 51928K, committed 52480K, reserved 491520K
  class space    used 7206K, committed 7424K, reserved 425984K
}
Event: 49.881 GC heap before
{Heap before GC invocations=16 (full 0):
 garbage-first heap   total 81920K, used 53524K [0x0000000080000000, 0x0000000100000000)
  region size 1024K, 15 young (15360K), 2 survivors (2048K)
 Metaspace       used 52896K, committed 53504K, reserved 491520K
  class space    used 7331K, committed 7616K, reserved 425984K
}
Event: 49.886 GC heap after
{Heap after GC invocations=17 (full 0):
 garbage-first heap   total 81920K, used 42223K [0x0000000080000000, 0x0000000100000000)
  region size 1024K, 3 young (3072K), 3 survivors (3072K)
 Metaspace       used 52896K, committed 53504K, reserved 491520K
  class space    used 7331K, committed 7616K, reserved 425984K
}
Event: 50.024 GC heap before
{Heap before GC invocations=18 (full 0):
 garbage-first heap   total 81920K, used 44271K [0x0000000080000000, 0x0000000100000000)
  region size 1024K, 4 young (4096K), 3 survivors (3072K)
 Metaspace       used 52896K, committed 53504K, reserved 491520K
  class space    used 7331K, committed 7616K, reserved 425984K
}
Event: 50.030 GC heap after
{Heap after GC invocations=19 (full 0):
 garbage-first heap   total 81920K, used 44452K [0x0000000080000000, 0x0000000100000000)
  region size 1024K, 2 young (2048K), 2 survivors (2048K)
 Metaspace       used 52896K, committed 53504K, reserved 491520K
  class space    used 7331K, committed 7616K, reserved 425984K
}
Event: 50.858 GC heap before
{Heap before GC invocations=20 (full 0):
 garbage-first heap   total 81920K, used 49572K [0x0000000080000000, 0x0000000100000000)
  region size 1024K, 6 young (6144K), 2 survivors (2048K)
 Metaspace       used 53015K, committed 53632K, reserved 491520K
  class space    used 7347K, committed 7616K, reserved 425984K
}
Event: 50.862 GC heap after
{Heap after GC invocations=21 (full 0):
 garbage-first heap   total 81920K, used 47016K [0x0000000080000000, 0x0000000100000000)
  region size 1024K, 2 young (2048K), 2 survivors (2048K)
 Metaspace       used 53015K, committed 53632K, reserved 491520K
  class space    used 7347K, committed 7616K, reserved 425984K
}
Event: 51.868 GC heap before
{Heap before GC invocations=22 (full 0):
 garbage-first heap   total 89088K, used 70568K [0x0000000080000000, 0x0000000100000000)
  region size 1024K, 21 young (21504K), 2 survivors (2048K)
 Metaspace       used 55460K, committed 56128K, reserved 491520K
  class space    used 7652K, committed 8000K, reserved 425984K
}
Event: 51.873 GC heap after
{Heap after GC invocations=23 (full 0):
 garbage-first heap   total 89088K, used 53352K [0x0000000080000000, 0x0000000100000000)
  region size 1024K, 3 young (3072K), 3 survivors (3072K)
 Metaspace       used 55460K, committed 56128K, reserved 491520K
  class space    used 7652K, committed 8000K, reserved 425984K
}

