# JRE version: OpenJDK Runtime Environment OpenLogic-OpenJDK (17.0.10+7) (build 17.0.10+7-adhoc..jdk17u)
# Java VM: OpenJDK 64-Bit Server VM OpenLogic-OpenJDK (17.0.10+7-adhoc..jdk17u, mixed mode, sharing, tiered, compressed oops, compressed class ptrs, g1 gc, windows-amd64)
GC Precious Log:
 CPUs: 4 total, 4 available
 Memory: 16309M
 Large Page Support: Disabled
 NUMA Support: Disabled
 Compressed Oops: Enabled (32-bit)
 Heap Region Size: 1M
 Heap Min Capacity: 8M
 Heap Initial Capacity: 256M
 Heap Max Capacity: 2G
 Pre-touch: Disabled
 Parallel Workers: 4
 Concurrent Workers: 1
 Concurrent Refinement Workers: 4
 Periodic GC: Disabled
Heap:
 garbage-first heap   total 81920K, used 54921K [0x0000000080000000, 0x0000000100000000)
  region size 1024K, 24 young (24576K), 3 survivors (3072K)
 Metaspace       used 40916K, committed 41344K, reserved 491520K
  class space    used 5714K, committed 5888K, reserved 425984K
GC Heap History (20 events):
Event: 0.551 GC heap before
{Heap before GC invocations=0 (full 0):
 garbage-first heap   total 262144K, used 13312K [0x0000000080000000, 0x0000000100000000)
  region size 1024K, 13 young (13312K), 0 survivors (0K)
 Metaspace       used 1011K, committed 1152K, reserved 491520K
  class space    used 78K, committed 128K, reserved 425984K
}
Event: 0.561 GC heap after
{Heap after GC invocations=1 (full 0):
 garbage-first heap   total 262144K, used 3337K [0x0000000080000000, 0x0000000100000000)
  region size 1024K, 2 young (2048K), 2 survivors (2048K)
 Metaspace       used 1011K, committed 1152K, reserved 491520K
  class space    used 78K, committed 128K, reserved 425984K
}
Event: 1.159 GC heap before
{Heap before GC invocations=1 (full 0):
 garbage-first heap   total 262144K, used 21769K [0x0000000080000000, 0x0000000100000000)
  region size 1024K, 17 young (17408K), 2 survivors (2048K)
 Metaspace       used 3855K, committed 4032K, reserved 491520K
  class space    used 484K, committed 576K, reserved 425984K
}
Event: 1.163 GC heap after
{Heap after GC invocations=2 (full 0):
 garbage-first heap   total 262144K, used 11025K [0x0000000080000000, 0x0000000100000000)
  region size 1024K, 3 young (3072K), 3 survivors (3072K)
 Metaspace       used 3855K, committed 4032K, reserved 491520K
  class space    used 484K, committed 576K, reserved 425984K
}
Event: 1.701 GC heap before
{Heap before GC invocations=2 (full 0):
 garbage-first heap   total 262144K, used 33553K [0x0000000080000000, 0x0000000100000000)
  region size 1024K, 25 young (25600K), 3 survivors (3072K)
 Metaspace       used 4046K, committed 4224K, reserved 491520K
  class space    used 491K, committed 576K, reserved 425984K
}
Event: 1.704 GC heap after
{Heap after GC invocations=3 (full 0):
 garbage-first heap   total 262144K, used 12265K [0x0000000080000000, 0x0000000100000000)
  region size 1024K, 2 young (2048K), 2 survivors (2048K)
 Metaspace       used 4046K, committed 4224K, reserved 491520K
  class space    used 491K, committed 576K, reserved 425984K
}
Event: 4.398 GC heap before
{Heap before GC invocations=3 (full 0):
 garbage-first heap   total 262144K, used 125929K [0x0000000080000000, 0x0000000100000000)
  region size 1024K, 114 young (116736K), 2 survivors (2048K)
 Metaspace       used 21199K, committed 21504K, reserved 491520K
  class space    used 3129K, committed 3328K, reserved 425984K
}
Event: 4.409 GC heap after
{Heap after GC invocations=4 (full 0):
 garbage-first heap   total 262144K, used 22894K [0x0000000080000000, 0x0000000100000000)
  region size 1024K, 12 young (12288K), 12 survivors (12288K)
 Metaspace       used 21199K, committed 21504K, reserved 491520K
  class space    used 3129K, committed 3328K, reserved 425984K
}
Event: 5.223 GC heap before
{Heap before GC invocations=5 (full 0):
 garbage-first heap   total 81920K, used 59758K [0x0000000080000000, 0x0000000100000000)
  region size 1024K, 48 young (49152K), 12 survivors (12288K)
 Metaspace       used 27822K, committed 28160K, reserved 491520K
  class space    used 3960K, committed 4096K, reserved 425984K
}
Event: 5.232 GC heap after
{Heap after GC invocations=6 (full 0):
 garbage-first heap   total 81920K, used 25688K [0x0000000080000000, 0x0000000100000000)
  region size 1024K, 4 young (4096K), 4 survivors (4096K)
 Metaspace       used 27822K, committed 28160K, reserved 491520K
  class space    used 3960K, committed 4096K, reserved 425984K
}
Event: 5.790 GC heap before
{Heap before GC invocations=6 (full 0):
 garbage-first heap   total 81920K, used 59480K [0x0000000080000000, 0x0000000100000000)
  region size 1024K, 38 young (38912K), 4 survivors (4096K)
 Metaspace       used 31154K, committed 31552K, reserved 491520K
  class space    used 4396K, committed 4608K, reserved 425984K
}
Event: 5.798 GC heap after
{Heap after GC invocations=7 (full 0):
 garbage-first heap   total 81920K, used 28393K [0x0000000080000000, 0x0000000100000000)
  region size 1024K, 3 young (3072K), 3 survivors (3072K)
 Metaspace       used 31154K, committed 31552K, reserved 491520K
  class space    used 4396K, committed 4608K, reserved 425984K
}
Event: 15.026 GC heap before
{Heap before GC invocations=7 (full 0):
 garbage-first heap   total 81920K, used 67305K [0x0000000080000000, 0x0000000100000000)
  region size 1024K, 36 young (36864K), 3 survivors (3072K)
 Metaspace       used 33441K, committed 33856K, reserved 491520K
  class space    used 4610K, committed 4800K, reserved 425984K
}
Event: 15.032 GC heap after
{Heap after GC invocations=8 (full 0):
 garbage-first heap   total 81920K, used 31425K [0x0000000080000000, 0x0000000100000000)
  region size 1024K, 4 young (4096K), 4 survivors (4096K)
 Metaspace       used 33441K, committed 33856K, reserved 491520K
  class space    used 4610K, committed 4800K, reserved 425984K
}
Event: 15.632 GC heap before
{Heap before GC invocations=8 (full 0):
 garbage-first heap   total 81920K, used 61121K [0x0000000080000000, 0x0000000100000000)
  region size 1024K, 34 young (34816K), 4 survivors (4096K)
 Metaspace       used 35117K, committed 35584K, reserved 491520K
  class space    used 4852K, committed 5056K, reserved 425984K
}
Event: 15.637 GC heap after
{Heap after GC invocations=9 (full 0):
 garbage-first heap   total 81920K, used 33217K [0x0000000080000000, 0x0000000100000000)
  region size 1024K, 2 young (2048K), 2 survivors (2048K)
 Metaspace       used 35117K, committed 35584K, reserved 491520K
  class space    used 4852K, committed 5056K, reserved 425984K
}
Event: 15.652 GC heap before
{Heap before GC invocations=9 (full 0):
 garbage-first heap   total 81920K, used 36289K [0x0000000080000000, 0x0000000100000000)
  region size 1024K, 4 young (4096K), 2 survivors (2048K)
 Metaspace       used 35736K, committed 36160K, reserved 491520K
  class space    used 4852K, committed 5056K, reserved 425984K
}
Event: 15.655 GC heap after
{Heap after GC invocations=10 (full 0):
 garbage-first heap   total 81920K, used 33933K [0x0000000080000000, 0x0000000100000000)
  region size 1024K, 2 young (2048K), 2 survivors (2048K)
 Metaspace       used 35736K, committed 36160K, reserved 491520K
  class space    used 4852K, committed 5056K, reserved 425984K
}
Event: 16.211 GC heap before
{Heap before GC invocations=11 (full 0):
 garbage-first heap   total 81920K, used 62605K [0x0000000080000000, 0x0000000100000000)
  region size 1024K, 31 young (31744K), 2 survivors (2048K)
 Metaspace       used 38723K, committed 39232K, reserved 491520K
  class space    used 5370K, committed 5568K, reserved 425984K
}
Event: 16.214 GC heap after
{Heap after GC invocations=12 (full 0):
 garbage-first heap   total 81920K, used 34441K [0x0000000080000000, 0x0000000100000000)
  region size 1024K, 3 young (3072K), 3 survivors (3072K)
 Metaspace       used 38723K, committed 39232K, reserved 491520K
  class space    used 5370K, committed 5568K, reserved 425984K
}

