# JRE version: OpenJDK Runtime Environment OpenLogic-OpenJDK (17.0.10+7) (build 17.0.10+7-adhoc..jdk17u)
# Java VM: OpenJDK 64-Bit Server VM OpenLogic-OpenJDK (17.0.10+7-adhoc..jdk17u, mixed mode, sharing, tiered, compressed oops, compressed class ptrs, g1 gc, windows-amd64)
GC Precious Log:
 CPUs: 4 total, 4 available
 Memory: 16309M
 Large Page Support: Disabled
 NUMA Support: Disabled
 Compressed Oops: Enabled (32-bit)
 Heap Region Size: 1M
 Heap Min Capacity: 8M
 Heap Initial Capacity: 256M
 Heap Max Capacity: 2G
 Pre-touch: Disabled
 Parallel Workers: 4
 Concurrent Workers: 1
 Concurrent Refinement Workers: 4
 Periodic GC: Disabled
Heap:
 garbage-first heap   total 181248K, used 119322K [0x0000000080000000, 0x0000000100000000)
  region size 1024K, 36 young (36864K), 3 survivors (3072K)
 Metaspace       used 77844K, committed 78592K, reserved 557056K
  class space    used 10789K, committed 11136K, reserved 425984K
GC Heap History (20 events):
Event: 24.618 GC heap before
{Heap before GC invocations=33 (full 0):
 garbage-first heap   total 121856K, used 74243K [0x0000000080000000, 0x0000000100000000)
  region size 1024K, 7 young (7168K), 2 survivors (2048K)
 Metaspace       used 64577K, committed 65344K, reserved 491520K
  class space    used 9170K, committed 9536K, reserved 425984K
}
Event: 24.620 GC heap after
{Heap after GC invocations=34 (full 0):
 garbage-first heap   total 121856K, used 74592K [0x0000000080000000, 0x0000000100000000)
  region size 1024K, 3 young (3072K), 3 survivors (3072K)
 Metaspace       used 64577K, committed 65344K, reserved 491520K
  class space    used 9170K, committed 9536K, reserved 425984K
}
Event: 25.137 GC heap before
{Heap before GC invocations=35 (full 0):
 garbage-first heap   total 130048K, used 90976K [0x0000000080000000, 0x0000000100000000)
  region size 1024K, 18 young (18432K), 3 survivors (3072K)
 Metaspace       used 65452K, committed 66176K, reserved 491520K
  class space    used 9276K, committed 9600K, reserved 425984K
}
Event: 25.139 GC heap after
{Heap after GC invocations=36 (full 0):
 garbage-first heap   total 130048K, used 77892K [0x0000000080000000, 0x0000000100000000)
  region size 1024K, 3 young (3072K), 3 survivors (3072K)
 Metaspace       used 65452K, committed 66176K, reserved 491520K
  class space    used 9276K, committed 9600K, reserved 425984K
}
Event: 25.157 GC heap before
{Heap before GC invocations=36 (full 0):
 garbage-first heap   total 130048K, used 80964K [0x0000000080000000, 0x0000000100000000)
  region size 1024K, 6 young (6144K), 3 survivors (3072K)
 Metaspace       used 65612K, committed 66368K, reserved 491520K
  class space    used 9303K, committed 9664K, reserved 425984K
}
Event: 25.159 GC heap after
{Heap after GC invocations=37 (full 0):
 garbage-first heap   total 130048K, used 77724K [0x0000000080000000, 0x0000000100000000)
  region size 1024K, 1 young (1024K), 1 survivors (1024K)
 Metaspace       used 65612K, committed 66368K, reserved 491520K
  class space    used 9303K, committed 9664K, reserved 425984K
}
Event: 25.554 GC heap before
{Heap before GC invocations=37 (full 0):
 garbage-first heap   total 130048K, used 95132K [0x0000000080000000, 0x0000000100000000)
  region size 1024K, 19 young (19456K), 1 survivors (1024K)
 Metaspace       used 67141K, committed 67840K, reserved 491520K
  class space    used 9468K, committed 9792K, reserved 425984K
}
Event: 25.557 GC heap after
{Heap after GC invocations=38 (full 0):
 garbage-first heap   total 130048K, used 78687K [0x0000000080000000, 0x0000000100000000)
  region size 1024K, 2 young (2048K), 2 survivors (2048K)
 Metaspace       used 67141K, committed 67840K, reserved 491520K
  class space    used 9468K, committed 9792K, reserved 425984K
}
Event: 25.777 GC heap before
{Heap before GC invocations=39 (full 0):
 garbage-first heap   total 150528K, used 97119K [0x0000000080000000, 0x0000000100000000)
  region size 1024K, 21 young (21504K), 2 survivors (2048K)
 Metaspace       used 68905K, committed 69632K, reserved 491520K
  class space    used 9646K, committed 9984K, reserved 425984K
}
Event: 25.781 GC heap after
{Heap after GC invocations=40 (full 0):
 garbage-first heap   total 181248K, used 78648K [0x0000000080000000, 0x0000000100000000)
  region size 1024K, 2 young (2048K), 2 survivors (2048K)
 Metaspace       used 68905K, committed 69632K, reserved 491520K
  class space    used 9646K, committed 9984K, reserved 425984K
}
Event: 25.883 GC heap before
{Heap before GC invocations=40 (full 0):
 garbage-first heap   total 181248K, used 84792K [0x0000000080000000, 0x0000000100000000)
  region size 1024K, 8 young (8192K), 2 survivors (2048K)
 Metaspace       used 69492K, committed 70208K, reserved 491520K
  class space    used 9702K, committed 10048K, reserved 425984K
}
Event: 25.887 GC heap after
{Heap after GC invocations=41 (full 0):
 garbage-first heap   total 181248K, used 78554K [0x0000000080000000, 0x0000000100000000)
  region size 1024K, 1 young (1024K), 1 survivors (1024K)
 Metaspace       used 69492K, committed 70208K, reserved 491520K
  class space    used 9702K, committed 10048K, reserved 425984K
}
Event: 26.259 GC heap before
{Heap before GC invocations=41 (full 0):
 garbage-first heap   total 181248K, used 101082K [0x0000000080000000, 0x0000000100000000)
  region size 1024K, 21 young (21504K), 1 survivors (1024K)
 Metaspace       used 71569K, committed 72256K, reserved 491520K
  class space    used 9950K, committed 10240K, reserved 425984K
}
Event: 26.262 GC heap after
{Heap after GC invocations=42 (full 0):
 garbage-first heap   total 181248K, used 84251K [0x0000000080000000, 0x0000000100000000)
  region size 1024K, 4 young (4096K), 4 survivors (4096K)
 Metaspace       used 71569K, committed 72256K, reserved 491520K
  class space    used 9950K, committed 10240K, reserved 425984K
}
Event: 26.899 GC heap before
{Heap before GC invocations=43 (full 0):
 garbage-first heap   total 181248K, used 134427K [0x0000000080000000, 0x0000000100000000)
  region size 1024K, 50 young (51200K), 4 survivors (4096K)
 Metaspace       used 74234K, committed 74944K, reserved 491520K
  class space    used 10305K, committed 10624K, reserved 425984K
}
Event: 26.904 GC heap after
{Heap after GC invocations=44 (full 0):
 garbage-first heap   total 181248K, used 84504K [0x0000000080000000, 0x0000000100000000)
  region size 1024K, 7 young (7168K), 7 survivors (7168K)
 Metaspace       used 74234K, committed 74944K, reserved 491520K
  class space    used 10305K, committed 10624K, reserved 425984K
}
Event: 26.916 GC heap before
{Heap before GC invocations=44 (full 0):
 garbage-first heap   total 181248K, used 85528K [0x0000000080000000, 0x0000000100000000)
  region size 1024K, 8 young (8192K), 7 survivors (7168K)
 Metaspace       used 74314K, committed 75008K, reserved 491520K
  class space    used 10316K, committed 10624K, reserved 425984K
}
Event: 26.923 GC heap after
{Heap after GC invocations=45 (full 0):
 garbage-first heap   total 181248K, used 84590K [0x0000000080000000, 0x0000000100000000)
  region size 1024K, 1 young (1024K), 1 survivors (1024K)
 Metaspace       used 74314K, committed 75008K, reserved 491520K
  class space    used 10316K, committed 10624K, reserved 425984K
}
Event: 27.327 GC heap before
{Heap before GC invocations=45 (full 0):
 garbage-first heap   total 181248K, used 134766K [0x0000000080000000, 0x0000000100000000)
  region size 1024K, 50 young (51200K), 1 survivors (1024K)
 Metaspace       used 77743K, committed 78400K, reserved 557056K
  class space    used 10780K, committed 11072K, reserved 425984K
}
Event: 27.332 GC heap after
{Heap after GC invocations=46 (full 0):
 garbage-first heap   total 181248K, used 86554K [0x0000000080000000, 0x0000000100000000)
  region size 1024K, 3 young (3072K), 3 survivors (3072K)
 Metaspace       used 77743K, committed 78400K, reserved 557056K
  class space    used 10780K, committed 11072K, reserved 425984K
}

