# JRE version: OpenJDK Runtime Environment OpenLogic-OpenJDK (17.0.10+7) (build 17.0.10+7-adhoc..jdk17u)
# Java VM: OpenJDK 64-Bit Server VM OpenLogic-OpenJDK (17.0.10+7-adhoc..jdk17u, mixed mode, sharing, tiered, compressed oops, compressed class ptrs, g1 gc, windows-amd64)
GC Precious Log:
 CPUs: 4 total, 4 available
 Memory: 16309M
 Large Page Support: Disabled
 NUMA Support: Disabled
 Compressed Oops: Enabled (32-bit)
 Heap Region Size: 1M
 Heap Min Capacity: 8M
 Heap Initial Capacity: 256M
 Heap Max Capacity: 2G
 Pre-touch: Disabled
 Parallel Workers: 4
 Concurrent Workers: 1
 Concurrent Refinement Workers: 4
 Periodic GC: Disabled
Heap:
 garbage-first heap   total 83968K, used 57931K [0x0000000080000000, 0x0000000100000000)
  region size 1024K, 14 young (14336K), 3 survivors (3072K)
 Metaspace       used 48209K, committed 48832K, reserved 491520K
  class space    used 6757K, committed 7040K, reserved 425984K
GC Heap History (20 events):
Event: 8.808 GC heap before
{Heap before GC invocations=5 (full 0):
 garbage-first heap   total 81920K, used 59261K [0x0000000080000000, 0x0000000100000000)
  region size 1024K, 48 young (49152K), 12 survivors (12288K)
 Metaspace       used 27899K, committed 28224K, reserved 491520K
  class space    used 3966K, committed 4096K, reserved 425984K
}
Event: 8.816 GC heap after
{Heap after GC invocations=6 (full 0):
 garbage-first heap   total 81920K, used 25513K [0x0000000080000000, 0x0000000100000000)
  region size 1024K, 4 young (4096K), 4 survivors (4096K)
 Metaspace       used 27899K, committed 28224K, reserved 491520K
  class space    used 3966K, committed 4096K, reserved 425984K
}
Event: 8.832 GC heap before
{Heap before GC invocations=6 (full 0):
 garbage-first heap   total 81920K, used 26537K [0x0000000080000000, 0x0000000100000000)
  region size 1024K, 5 young (5120K), 4 survivors (4096K)
 Metaspace       used 28028K, committed 28288K, reserved 491520K
  class space    used 3980K, committed 4096K, reserved 425984K
}
Event: 8.835 GC heap after
{Heap after GC invocations=7 (full 0):
 garbage-first heap   total 81920K, used 25937K [0x0000000080000000, 0x0000000100000000)
  region size 1024K, 1 young (1024K), 1 survivors (1024K)
 Metaspace       used 28028K, committed 28288K, reserved 491520K
  class space    used 3980K, committed 4096K, reserved 425984K
}
Event: 9.610 GC heap before
{Heap before GC invocations=7 (full 0):
 garbage-first heap   total 81920K, used 60753K [0x0000000080000000, 0x0000000100000000)
  region size 1024K, 36 young (36864K), 1 survivors (1024K)
 Metaspace       used 31220K, committed 31616K, reserved 491520K
  class space    used 4396K, committed 4608K, reserved 425984K
}
Event: 9.615 GC heap after
{Heap after GC invocations=8 (full 0):
 garbage-first heap   total 81920K, used 28728K [0x0000000080000000, 0x0000000100000000)
  region size 1024K, 4 young (4096K), 4 survivors (4096K)
 Metaspace       used 31220K, committed 31616K, reserved 491520K
  class space    used 4396K, committed 4608K, reserved 425984K
}
Event: 21.154 GC heap before
{Heap before GC invocations=8 (full 0):
 garbage-first heap   total 81920K, used 66616K [0x0000000080000000, 0x0000000100000000)
  region size 1024K, 37 young (37888K), 4 survivors (4096K)
 Metaspace       used 33591K, committed 33984K, reserved 491520K
  class space    used 4628K, committed 4800K, reserved 425984K
}
Event: 21.160 GC heap after
{Heap after GC invocations=9 (full 0):
 garbage-first heap   total 81920K, used 31053K [0x0000000080000000, 0x0000000100000000)
  region size 1024K, 4 young (4096K), 4 survivors (4096K)
 Metaspace       used 33591K, committed 33984K, reserved 491520K
  class space    used 4628K, committed 4800K, reserved 425984K
}
Event: 22.059 GC heap before
{Heap before GC invocations=9 (full 0):
 garbage-first heap   total 81920K, used 60749K [0x0000000080000000, 0x0000000100000000)
  region size 1024K, 33 young (33792K), 4 survivors (4096K)
 Metaspace       used 35639K, committed 36096K, reserved 491520K
  class space    used 4853K, committed 5056K, reserved 425984K
}
Event: 22.064 GC heap after
{Heap after GC invocations=10 (full 0):
 garbage-first heap   total 81920K, used 33119K [0x0000000080000000, 0x0000000100000000)
  region size 1024K, 2 young (2048K), 2 survivors (2048K)
 Metaspace       used 35639K, committed 36096K, reserved 491520K
  class space    used 4853K, committed 5056K, reserved 425984K
}
Event: 23.166 GC heap before
{Heap before GC invocations=11 (full 0):
 garbage-first heap   total 81920K, used 63839K [0x0000000080000000, 0x0000000100000000)
  region size 1024K, 32 young (32768K), 2 survivors (2048K)
 Metaspace       used 38969K, committed 39424K, reserved 491520K
  class space    used 5387K, committed 5568K, reserved 425984K
}
Event: 23.172 GC heap after
{Heap after GC invocations=12 (full 0):
 garbage-first heap   total 81920K, used 33499K [0x0000000080000000, 0x0000000100000000)
  region size 1024K, 3 young (3072K), 3 survivors (3072K)
 Metaspace       used 38969K, committed 39424K, reserved 491520K
  class space    used 5387K, committed 5568K, reserved 425984K
}
Event: 24.491 GC heap before
{Heap before GC invocations=12 (full 0):
 garbage-first heap   total 81920K, used 64219K [0x0000000080000000, 0x0000000100000000)
  region size 1024K, 33 young (33792K), 3 survivors (3072K)
 Metaspace       used 42007K, committed 42496K, reserved 491520K
  class space    used 5874K, committed 6080K, reserved 425984K
}
Event: 24.499 GC heap after
{Heap after GC invocations=13 (full 0):
 garbage-first heap   total 81920K, used 35351K [0x0000000080000000, 0x0000000100000000)
  region size 1024K, 5 young (5120K), 5 survivors (5120K)
 Metaspace       used 42007K, committed 42496K, reserved 491520K
  class space    used 5874K, committed 6080K, reserved 425984K
}
Event: 25.688 GC heap before
{Heap before GC invocations=13 (full 0):
 garbage-first heap   total 81920K, used 65047K [0x0000000080000000, 0x0000000100000000)
  region size 1024K, 34 young (34816K), 5 survivors (5120K)
 Metaspace       used 45559K, committed 46144K, reserved 491520K
  class space    used 6435K, committed 6720K, reserved 425984K
}
Event: 25.695 GC heap after
{Heap after GC invocations=14 (full 0):
 garbage-first heap   total 81920K, used 37389K [0x0000000080000000, 0x0000000100000000)
  region size 1024K, 4 young (4096K), 4 survivors (4096K)
 Metaspace       used 45559K, committed 46144K, reserved 491520K
  class space    used 6435K, committed 6720K, reserved 425984K
}
Event: 26.104 GC heap before
{Heap before GC invocations=14 (full 0):
 garbage-first heap   total 81920K, used 49677K [0x0000000080000000, 0x0000000100000000)
  region size 1024K, 15 young (15360K), 4 survivors (4096K)
 Metaspace       used 46536K, committed 47168K, reserved 491520K
  class space    used 6556K, committed 6848K, reserved 425984K
}
Event: 26.110 GC heap after
{Heap after GC invocations=15 (full 0):
 garbage-first heap   total 81920K, used 40446K [0x0000000080000000, 0x0000000100000000)
  region size 1024K, 3 young (3072K), 3 survivors (3072K)
 Metaspace       used 46536K, committed 47168K, reserved 491520K
  class space    used 6556K, committed 6848K, reserved 425984K
}
Event: 26.281 GC heap before
{Heap before GC invocations=16 (full 0):
 garbage-first heap   total 81920K, used 45566K [0x0000000080000000, 0x0000000100000000)
  region size 1024K, 7 young (7168K), 3 survivors (3072K)
 Metaspace       used 46646K, committed 47296K, reserved 491520K
  class space    used 6572K, committed 6848K, reserved 425984K
}
Event: 26.287 GC heap after
{Heap after GC invocations=17 (full 0):
 garbage-first heap   total 81920K, used 43595K [0x0000000080000000, 0x0000000100000000)
  region size 1024K, 3 young (3072K), 3 survivors (3072K)
 Metaspace       used 46646K, committed 47296K, reserved 491520K
  class space    used 6572K, committed 6848K, reserved 425984K
}

