# JRE version: OpenJDK Runtime Environment OpenLogic-OpenJDK (17.0.10+7) (build 17.0.10+7-adhoc..jdk17u)
# Java VM: OpenJDK 64-Bit Server VM OpenLogic-OpenJDK (17.0.10+7-adhoc..jdk17u, mixed mode, sharing, tiered, compressed oops, compressed class ptrs, g1 gc, windows-amd64)
GC Precious Log:
 CPUs: 4 total, 4 available
 Memory: 16309M
 Large Page Support: Disabled
 NUMA Support: Disabled
 Compressed Oops: Enabled (32-bit)
 Heap Region Size: 1M
 Heap Min Capacity: 8M
 Heap Initial Capacity: 256M
 Heap Max Capacity: 2G
 Pre-touch: Disabled
 Parallel Workers: 4
 Concurrent Workers: 1
 Concurrent Refinement Workers: 4
 Periodic GC: Disabled
Heap:
 garbage-first heap   total 165888K, used 116500K [0x0000000080000000, 0x0000000100000000)
  region size 1024K, 26 young (26624K), 1 survivors (1024K)
 Metaspace       used 78711K, committed 79424K, reserved 557056K
  class space    used 10901K, committed 11264K, reserved 425984K
GC Heap History (20 events):
Event: 36.424 GC heap before
{Heap before GC invocations=37 (full 0):
 garbage-first heap   total 138240K, used 92925K [0x0000000080000000, 0x0000000100000000)
  region size 1024K, 18 young (18432K), 2 survivors (2048K)
 Metaspace       used 65728K, committed 66432K, reserved 491520K
  class space    used 9303K, committed 9664K, reserved 425984K
}
Event: 36.425 GC heap after
{Heap after GC invocations=38 (full 0):
 garbage-first heap   total 138240K, used 79453K [0x0000000080000000, 0x0000000100000000)
  region size 1024K, 3 young (3072K), 3 survivors (3072K)
 Metaspace       used 65728K, committed 66432K, reserved 491520K
  class space    used 9303K, committed 9664K, reserved 425984K
}
Event: 36.471 GC heap before
{Heap before GC invocations=38 (full 0):
 garbage-first heap   total 138240K, used 81501K [0x0000000080000000, 0x0000000100000000)
  region size 1024K, 6 young (6144K), 3 survivors (3072K)
 Metaspace       used 65964K, committed 66688K, reserved 491520K
  class space    used 9330K, committed 9664K, reserved 425984K
}
Event: 36.476 GC heap after
{Heap after GC invocations=39 (full 0):
 garbage-first heap   total 138240K, used 78838K [0x0000000080000000, 0x0000000100000000)
  region size 1024K, 1 young (1024K), 1 survivors (1024K)
 Metaspace       used 65964K, committed 66688K, reserved 491520K
  class space    used 9330K, committed 9664K, reserved 425984K
}
Event: 36.799 GC heap before
{Heap before GC invocations=39 (full 0):
 garbage-first heap   total 138240K, used 99318K [0x0000000080000000, 0x0000000100000000)
  region size 1024K, 22 young (22528K), 1 survivors (1024K)
 Metaspace       used 67876K, committed 68544K, reserved 491520K
  class space    used 9530K, committed 9856K, reserved 425984K
}
Event: 36.801 GC heap after
{Heap after GC invocations=40 (full 0):
 garbage-first heap   total 165888K, used 79351K [0x0000000080000000, 0x0000000100000000)
  region size 1024K, 1 young (1024K), 1 survivors (1024K)
 Metaspace       used 67876K, committed 68544K, reserved 491520K
  class space    used 9530K, committed 9856K, reserved 425984K
}
Event: 37.945 GC heap before
{Heap before GC invocations=41 (full 0):
 garbage-first heap   total 165888K, used 116215K [0x0000000080000000, 0x0000000100000000)
  region size 1024K, 36 young (36864K), 1 survivors (1024K)
 Metaspace       used 71621K, committed 72320K, reserved 491520K
  class space    used 9942K, committed 10240K, reserved 425984K
}
Event: 37.959 GC heap after
{Heap after GC invocations=42 (full 0):
 garbage-first heap   total 165888K, used 82344K [0x0000000080000000, 0x0000000100000000)
  region size 1024K, 3 young (3072K), 3 survivors (3072K)
 Metaspace       used 71621K, committed 72320K, reserved 491520K
  class space    used 9942K, committed 10240K, reserved 425984K
}
Event: 37.972 GC heap before
{Heap before GC invocations=42 (full 0):
 garbage-first heap   total 165888K, used 90536K [0x0000000080000000, 0x0000000100000000)
  region size 1024K, 8 young (8192K), 3 survivors (3072K)
 Metaspace       used 71621K, committed 72320K, reserved 491520K
  class space    used 9942K, committed 10240K, reserved 425984K
}
Event: 37.979 GC heap after
{Heap after GC invocations=43 (full 0):
 garbage-first heap   total 165888K, used 86328K [0x0000000080000000, 0x0000000100000000)
  region size 1024K, 1 young (1024K), 1 survivors (1024K)
 Metaspace       used 71621K, committed 72320K, reserved 491520K
  class space    used 9942K, committed 10240K, reserved 425984K
}
Event: 38.036 GC heap before
{Heap before GC invocations=43 (full 0):
 garbage-first heap   total 165888K, used 89400K [0x0000000080000000, 0x0000000100000000)
  region size 1024K, 5 young (5120K), 1 survivors (1024K)
 Metaspace       used 71630K, committed 72320K, reserved 491520K
  class space    used 9943K, committed 10240K, reserved 425984K
}
Event: 38.039 GC heap after
{Heap after GC invocations=44 (full 0):
 garbage-first heap   total 165888K, used 86819K [0x0000000080000000, 0x0000000100000000)
  region size 1024K, 2 young (2048K), 2 survivors (2048K)
 Metaspace       used 71630K, committed 72320K, reserved 491520K
  class space    used 9943K, committed 10240K, reserved 425984K
}
Event: 39.006 GC heap before
{Heap before GC invocations=45 (full 0):
 garbage-first heap   total 165888K, used 125731K [0x0000000080000000, 0x0000000100000000)
  region size 1024K, 38 young (38912K), 2 survivors (2048K)
 Metaspace       used 74001K, committed 74688K, reserved 491520K
  class space    used 10259K, committed 10560K, reserved 425984K
}
Event: 39.010 GC heap after
{Heap after GC invocations=46 (full 0):
 garbage-first heap   total 165888K, used 89137K [0x0000000080000000, 0x0000000100000000)
  region size 1024K, 3 young (3072K), 3 survivors (3072K)
 Metaspace       used 74001K, committed 74688K, reserved 491520K
  class space    used 10259K, committed 10560K, reserved 425984K
}
Event: 39.575 GC heap before
{Heap before GC invocations=46 (full 0):
 garbage-first heap   total 165888K, used 127025K [0x0000000080000000, 0x0000000100000000)
  region size 1024K, 40 young (40960K), 3 survivors (3072K)
 Metaspace       used 76850K, committed 77568K, reserved 557056K
  class space    used 10635K, committed 10944K, reserved 425984K
}
Event: 39.580 GC heap after
{Heap after GC invocations=47 (full 0):
 garbage-first heap   total 165888K, used 91273K [0x0000000080000000, 0x0000000100000000)
  region size 1024K, 2 young (2048K), 2 survivors (2048K)
 Metaspace       used 76850K, committed 77568K, reserved 557056K
  class space    used 10635K, committed 10944K, reserved 425984K
}
Event: 40.082 GC heap before
{Heap before GC invocations=48 (full 0):
 garbage-first heap   total 165888K, used 128137K [0x0000000080000000, 0x0000000100000000)
  region size 1024K, 40 young (40960K), 2 survivors (2048K)
 Metaspace       used 77866K, committed 78592K, reserved 557056K
  class space    used 10776K, committed 11136K, reserved 425984K
}
Event: 40.088 GC heap after
{Heap after GC invocations=49 (full 0):
 garbage-first heap   total 165888K, used 91691K [0x0000000080000000, 0x0000000100000000)
  region size 1024K, 5 young (5120K), 5 survivors (5120K)
 Metaspace       used 77866K, committed 78592K, reserved 557056K
  class space    used 10776K, committed 11136K, reserved 425984K
}
Event: 40.129 GC heap before
{Heap before GC invocations=49 (full 0):
 garbage-first heap   total 165888K, used 94763K [0x0000000080000000, 0x0000000100000000)
  region size 1024K, 8 young (8192K), 5 survivors (5120K)
 Metaspace       used 77901K, committed 78656K, reserved 557056K
  class space    used 10778K, committed 11136K, reserved 425984K
}
Event: 40.135 GC heap after
{Heap after GC invocations=50 (full 0):
 garbage-first heap   total 165888K, used 91924K [0x0000000080000000, 0x0000000100000000)
  region size 1024K, 1 young (1024K), 1 survivors (1024K)
 Metaspace       used 77901K, committed 78656K, reserved 557056K
  class space    used 10778K, committed 11136K, reserved 425984K
}

