# JRE version: OpenJDK Runtime Environment OpenLogic-OpenJDK (17.0.10+7) (build 17.0.10+7-adhoc..jdk17u)
# Java VM: OpenJDK 64-Bit Server VM OpenLogic-OpenJDK (17.0.10+7-adhoc..jdk17u, mixed mode, sharing, tiered, compressed oops, compressed class ptrs, g1 gc, windows-amd64)
GC Precious Log:
 CPUs: 4 total, 4 available
 Memory: 16309M
 Large Page Support: Disabled
 NUMA Support: Disabled
 Compressed Oops: Enabled (32-bit)
 Heap Region Size: 1M
 Heap Min Capacity: 8M
 Heap Initial Capacity: 256M
 Heap Max Capacity: 2G
 Pre-touch: Disabled
 Parallel Workers: 4
 Concurrent Workers: 1
 Concurrent Refinement Workers: 4
 Periodic GC: Disabled
Heap:
 garbage-first heap   total 81920K, used 38529K [0x0000000080000000, 0x0000000100000000)
  region size 1024K, 9 young (9216K), 4 survivors (4096K)
 Metaspace       used 39418K, committed 39872K, reserved 491520K
  class space    used 5450K, committed 5632K, reserved 425984K
GC Heap History (20 events):
Event: 0.460 GC heap before
{Heap before GC invocations=0 (full 0):
 garbage-first heap   total 262144K, used 13312K [0x0000000080000000, 0x0000000100000000)
  region size 1024K, 13 young (13312K), 0 survivors (0K)
 Metaspace       used 1015K, committed 1152K, reserved 491520K
  class space    used 79K, committed 128K, reserved 425984K
}
Event: 0.462 GC heap after
{Heap after GC invocations=1 (full 0):
 garbage-first heap   total 262144K, used 3341K [0x0000000080000000, 0x0000000100000000)
  region size 1024K, 2 young (2048K), 2 survivors (2048K)
 Metaspace       used 1015K, committed 1152K, reserved 491520K
  class space    used 79K, committed 128K, reserved 425984K
}
Event: 1.145 GC heap before
{Heap before GC invocations=1 (full 0):
 garbage-first heap   total 262144K, used 22797K [0x0000000080000000, 0x0000000100000000)
  region size 1024K, 18 young (18432K), 2 survivors (2048K)
 Metaspace       used 3933K, committed 4096K, reserved 491520K
  class space    used 489K, committed 576K, reserved 425984K
}
Event: 1.148 GC heap after
{Heap after GC invocations=2 (full 0):
 garbage-first heap   total 262144K, used 10768K [0x0000000080000000, 0x0000000100000000)
  region size 1024K, 3 young (3072K), 3 survivors (3072K)
 Metaspace       used 3933K, committed 4096K, reserved 491520K
  class space    used 489K, committed 576K, reserved 425984K
}
Event: 2.260 GC heap before
{Heap before GC invocations=2 (full 0):
 garbage-first heap   total 262144K, used 34320K [0x0000000080000000, 0x0000000100000000)
  region size 1024K, 25 young (25600K), 3 survivors (3072K)
 Metaspace       used 4035K, committed 4224K, reserved 491520K
  class space    used 491K, committed 576K, reserved 425984K
}
Event: 2.262 GC heap after
{Heap after GC invocations=3 (full 0):
 garbage-first heap   total 262144K, used 13175K [0x0000000080000000, 0x0000000100000000)
  region size 1024K, 3 young (3072K), 3 survivors (3072K)
 Metaspace       used 4035K, committed 4224K, reserved 491520K
  class space    used 491K, committed 576K, reserved 425984K
}
Event: 6.403 GC heap before
{Heap before GC invocations=3 (full 0):
 garbage-first heap   total 262144K, used 126839K [0x0000000080000000, 0x0000000100000000)
  region size 1024K, 115 young (117760K), 3 survivors (3072K)
 Metaspace       used 21196K, committed 21504K, reserved 491520K
  class space    used 3129K, committed 3328K, reserved 425984K
}
Event: 6.415 GC heap after
{Heap after GC invocations=4 (full 0):
 garbage-first heap   total 262144K, used 22523K [0x0000000080000000, 0x0000000100000000)
  region size 1024K, 12 young (12288K), 12 survivors (12288K)
 Metaspace       used 21196K, committed 21504K, reserved 491520K
  class space    used 3129K, committed 3328K, reserved 425984K
}
Event: 7.866 GC heap before
{Heap before GC invocations=5 (full 0):
 garbage-first heap   total 81920K, used 59387K [0x0000000080000000, 0x0000000100000000)
  region size 1024K, 48 young (49152K), 12 survivors (12288K)
 Metaspace       used 27834K, committed 28160K, reserved 491520K
  class space    used 3958K, committed 4096K, reserved 425984K
}
Event: 7.877 GC heap after
{Heap after GC invocations=6 (full 0):
 garbage-first heap   total 81920K, used 25356K [0x0000000080000000, 0x0000000100000000)
  region size 1024K, 3 young (3072K), 3 survivors (3072K)
 Metaspace       used 27834K, committed 28160K, reserved 491520K
  class space    used 3958K, committed 4096K, reserved 425984K
}
Event: 8.669 GC heap before
{Heap before GC invocations=6 (full 0):
 garbage-first heap   total 81920K, used 59148K [0x0000000080000000, 0x0000000100000000)
  region size 1024K, 37 young (37888K), 3 survivors (3072K)
 Metaspace       used 31208K, committed 31616K, reserved 491520K
  class space    used 4396K, committed 4608K, reserved 425984K
}
Event: 8.675 GC heap after
{Heap after GC invocations=7 (full 0):
 garbage-first heap   total 81920K, used 28902K [0x0000000080000000, 0x0000000100000000)
  region size 1024K, 4 young (4096K), 4 survivors (4096K)
 Metaspace       used 31208K, committed 31616K, reserved 491520K
  class space    used 4396K, committed 4608K, reserved 425984K
}
Event: 26.185 GC heap before
{Heap before GC invocations=7 (full 0):
 garbage-first heap   total 81920K, used 65766K [0x0000000080000000, 0x0000000100000000)
  region size 1024K, 36 young (36864K), 4 survivors (4096K)
 Metaspace       used 33484K, committed 33920K, reserved 491520K
  class space    used 4604K, committed 4800K, reserved 425984K
}
Event: 26.192 GC heap after
{Heap after GC invocations=8 (full 0):
 garbage-first heap   total 81920K, used 31259K [0x0000000080000000, 0x0000000100000000)
  region size 1024K, 4 young (4096K), 4 survivors (4096K)
 Metaspace       used 33484K, committed 33920K, reserved 491520K
  class space    used 4604K, committed 4800K, reserved 425984K
}
Event: 26.788 GC heap before
{Heap before GC invocations=8 (full 0):
 garbage-first heap   total 81920K, used 60955K [0x0000000080000000, 0x0000000100000000)
  region size 1024K, 34 young (34816K), 4 survivors (4096K)
 Metaspace       used 35000K, committed 35520K, reserved 491520K
  class space    used 4845K, committed 5056K, reserved 425984K
}
Event: 26.800 GC heap after
{Heap after GC invocations=9 (full 0):
 garbage-first heap   total 81920K, used 33166K [0x0000000080000000, 0x0000000100000000)
  region size 1024K, 2 young (2048K), 2 survivors (2048K)
 Metaspace       used 35000K, committed 35520K, reserved 491520K
  class space    used 4845K, committed 5056K, reserved 425984K
}
Event: 26.821 GC heap before
{Heap before GC invocations=9 (full 0):
 garbage-first heap   total 81920K, used 36238K [0x0000000080000000, 0x0000000100000000)
  region size 1024K, 4 young (4096K), 2 survivors (2048K)
 Metaspace       used 35515K, committed 35968K, reserved 491520K
  class space    used 4852K, committed 5056K, reserved 425984K
}
Event: 26.823 GC heap after
{Heap after GC invocations=10 (full 0):
 garbage-first heap   total 81920K, used 33894K [0x0000000080000000, 0x0000000100000000)
  region size 1024K, 2 young (2048K), 2 survivors (2048K)
 Metaspace       used 35515K, committed 35968K, reserved 491520K
  class space    used 4852K, committed 5056K, reserved 425984K
}
Event: 27.453 GC heap before
{Heap before GC invocations=11 (full 0):
 garbage-first heap   total 81920K, used 64614K [0x0000000080000000, 0x0000000100000000)
  region size 1024K, 32 young (32768K), 2 survivors (2048K)
 Metaspace       used 38954K, committed 39360K, reserved 491520K
  class space    used 5384K, committed 5568K, reserved 425984K
}
Event: 27.459 GC heap after
{Heap after GC invocations=12 (full 0):
 garbage-first heap   total 81920K, used 34433K [0x0000000080000000, 0x0000000100000000)
  region size 1024K, 4 young (4096K), 4 survivors (4096K)
 Metaspace       used 38954K, committed 39360K, reserved 491520K
  class space    used 5384K, committed 5568K, reserved 425984K
}

