# JRE version: OpenJDK Runtime Environment OpenLogic-OpenJDK (17.0.10+7) (build 17.0.10+7-adhoc..jdk17u)
# Java VM: OpenJDK 64-Bit Server VM OpenLogic-OpenJDK (17.0.10+7-adhoc..jdk17u, mixed mode, sharing, tiered, compressed oops, compressed class ptrs, g1 gc, windows-amd64)
GC Precious Log:
 CPUs: 4 total, 4 available
 Memory: 16309M
 Large Page Support: Disabled
 NUMA Support: Disabled
 Compressed Oops: Enabled (32-bit)
 Heap Region Size: 1M
 Heap Min Capacity: 8M
 Heap Initial Capacity: 256M
 Heap Max Capacity: 2G
 Pre-touch: Disabled
 Parallel Workers: 4
 Concurrent Workers: 1
 Concurrent Refinement Workers: 4
 Periodic GC: Disabled
Heap:
 garbage-first heap   total 352256K, used 263447K [0x0000000080000000, 0x0000000100000000)
  region size 1024K, 62 young (63488K), 10 survivors (10240K)
 Metaspace       used 106353K, committed 107584K, reserved 557056K
  class space    used 14648K, committed 15168K, reserved 425984K
GC Heap History (20 events):
Event: 41.724 GC heap before
{Heap before GC invocations=30 (full 0):
 garbage-first heap   total 256000K, used 201798K [0x0000000080000000, 0x0000000100000000)
  region size 1024K, 83 young (84992K), 14 survivors (14336K)
 Metaspace       used 94260K, committed 95360K, reserved 557056K
  class space    used 13179K, committed 13696K, reserved 425984K
}
Event: 41.736 GC heap after
{Heap after GC invocations=31 (full 0):
 garbage-first heap   total 256000K, used 142336K [0x0000000080000000, 0x0000000100000000)
  region size 1024K, 10 young (10240K), 10 survivors (10240K)
 Metaspace       used 94260K, committed 95360K, reserved 557056K
  class space    used 13179K, committed 13696K, reserved 425984K
}
Event: 42.235 GC heap before
{Heap before GC invocations=31 (full 0):
 garbage-first heap   total 256000K, used 206848K [0x0000000080000000, 0x0000000100000000)
  region size 1024K, 73 young (74752K), 10 survivors (10240K)
 Metaspace       used 97699K, committed 98688K, reserved 557056K
  class space    used 13667K, committed 14144K, reserved 425984K
}
Event: 42.243 GC heap after
{Heap after GC invocations=32 (full 0):
 garbage-first heap   total 256000K, used 147395K [0x0000000080000000, 0x0000000100000000)
  region size 1024K, 5 young (5120K), 5 survivors (5120K)
 Metaspace       used 97699K, committed 98688K, reserved 557056K
  class space    used 13667K, committed 14144K, reserved 425984K
}
Event: 43.041 GC heap before
{Heap before GC invocations=32 (full 0):
 garbage-first heap   total 256000K, used 209859K [0x0000000080000000, 0x0000000100000000)
  region size 1024K, 66 young (67584K), 5 survivors (5120K)
 Metaspace       used 98358K, committed 99456K, reserved 557056K
  class space    used 13747K, committed 14272K, reserved 425984K
}
Event: 43.064 GC heap after
{Heap after GC invocations=33 (full 0):
 garbage-first heap   total 256000K, used 156099K [0x0000000080000000, 0x0000000100000000)
  region size 1024K, 9 young (9216K), 9 survivors (9216K)
 Metaspace       used 98358K, committed 99456K, reserved 557056K
  class space    used 13747K, committed 14272K, reserved 425984K
}
Event: 43.596 GC heap before
{Heap before GC invocations=33 (full 0):
 garbage-first heap   total 256000K, used 211395K [0x0000000080000000, 0x0000000100000000)
  region size 1024K, 62 young (63488K), 9 survivors (9216K)
 Metaspace       used 98645K, committed 99776K, reserved 557056K
  class space    used 13782K, committed 14336K, reserved 425984K
}
Event: 43.611 GC heap after
{Heap after GC invocations=34 (full 0):
 garbage-first heap   total 256000K, used 165621K [0x0000000080000000, 0x0000000100000000)
  region size 1024K, 8 young (8192K), 8 survivors (8192K)
 Metaspace       used 98645K, committed 99776K, reserved 557056K
  class space    used 13782K, committed 14336K, reserved 425984K
}
Event: 44.306 GC heap before
{Heap before GC invocations=34 (full 0):
 garbage-first heap   total 256000K, used 211701K [0x0000000080000000, 0x0000000100000000)
  region size 1024K, 53 young (54272K), 8 survivors (8192K)
 Metaspace       used 99117K, committed 100288K, reserved 557056K
  class space    used 13830K, committed 14400K, reserved 425984K
}
Event: 44.320 GC heap after
{Heap after GC invocations=35 (full 0):
 garbage-first heap   total 256000K, used 176004K [0x0000000080000000, 0x0000000100000000)
  region size 1024K, 7 young (7168K), 7 survivors (7168K)
 Metaspace       used 99117K, committed 100288K, reserved 557056K
  class space    used 13830K, committed 14400K, reserved 425984K
}
Event: 44.816 GC heap before
{Heap before GC invocations=35 (full 0):
 garbage-first heap   total 256000K, used 215940K [0x0000000080000000, 0x0000000100000000)
  region size 1024K, 43 young (44032K), 7 survivors (7168K)
 Metaspace       used 99357K, committed 100608K, reserved 557056K
  class space    used 13861K, committed 14400K, reserved 425984K
}
Event: 44.827 GC heap after
{Heap after GC invocations=36 (full 0):
 garbage-first heap   total 256000K, used 189345K [0x0000000080000000, 0x0000000100000000)
  region size 1024K, 6 young (6144K), 6 survivors (6144K)
 Metaspace       used 99357K, committed 100608K, reserved 557056K
  class space    used 13861K, committed 14400K, reserved 425984K
}
Event: 45.103 GC heap before
{Heap before GC invocations=36 (full 0):
 garbage-first heap   total 256000K, used 215969K [0x0000000080000000, 0x0000000100000000)
  region size 1024K, 32 young (32768K), 6 survivors (6144K)
 Metaspace       used 100034K, committed 101184K, reserved 557056K
  class space    used 13946K, committed 14464K, reserved 425984K
}
Event: 45.115 GC heap after
{Heap after GC invocations=37 (full 0):
 garbage-first heap   total 307200K, used 194126K [0x0000000080000000, 0x0000000100000000)
  region size 1024K, 4 young (4096K), 4 survivors (4096K)
 Metaspace       used 100034K, committed 101184K, reserved 557056K
  class space    used 13946K, committed 14464K, reserved 425984K
}
Event: 45.991 GC heap before
{Heap before GC invocations=38 (full 0):
 garbage-first heap   total 352256K, used 243278K [0x0000000080000000, 0x0000000100000000)
  region size 1024K, 52 young (53248K), 4 survivors (4096K)
 Metaspace       used 103522K, committed 104704K, reserved 557056K
  class space    used 14461K, committed 14976K, reserved 425984K
}
Event: 46.007 GC heap after
{Heap after GC invocations=39 (full 0):
 garbage-first heap   total 352256K, used 197481K [0x0000000080000000, 0x0000000100000000)
  region size 1024K, 7 young (7168K), 7 survivors (7168K)
 Metaspace       used 103522K, committed 104704K, reserved 557056K
  class space    used 14461K, committed 14976K, reserved 425984K
}
Event: 46.239 GC heap before
{Heap before GC invocations=39 (full 0):
 garbage-first heap   total 352256K, used 207721K [0x0000000080000000, 0x0000000100000000)
  region size 1024K, 17 young (17408K), 7 survivors (7168K)
 Metaspace       used 103707K, committed 104960K, reserved 557056K
  class space    used 14474K, committed 15040K, reserved 425984K
}
Event: 46.249 GC heap after
{Heap after GC invocations=40 (full 0):
 garbage-first heap   total 352256K, used 199245K [0x0000000080000000, 0x0000000100000000)
  region size 1024K, 3 young (3072K), 3 survivors (3072K)
 Metaspace       used 103707K, committed 104960K, reserved 557056K
  class space    used 14474K, committed 15040K, reserved 425984K
}
Event: 47.011 GC heap before
{Heap before GC invocations=40 (full 0):
 garbage-first heap   total 352256K, used 275021K [0x0000000080000000, 0x0000000100000000)
  region size 1024K, 77 young (78848K), 3 survivors (3072K)
 Metaspace       used 104515K, committed 105728K, reserved 557056K
  class space    used 14538K, committed 15040K, reserved 425984K
}
Event: 47.024 GC heap after
{Heap after GC invocations=41 (full 0):
 garbage-first heap   total 352256K, used 207127K [0x0000000080000000, 0x0000000100000000)
  region size 1024K, 10 young (10240K), 10 survivors (10240K)
 Metaspace       used 104515K, committed 105728K, reserved 557056K
  class space    used 14538K, committed 15040K, reserved 425984K
}

