# JRE version: OpenJDK Runtime Environment OpenLogic-OpenJDK (17.0.10+7) (build 17.0.10+7-adhoc..jdk17u)
# Java VM: OpenJDK 64-Bit Server VM OpenLogic-OpenJDK (17.0.10+7-adhoc..jdk17u, mixed mode, sharing, tiered, compressed oops, compressed class ptrs, g1 gc, windows-amd64)
GC Precious Log:
 CPUs: 4 total, 4 available
 Memory: 16309M
 Large Page Support: Disabled
 NUMA Support: Disabled
 Compressed Oops: Enabled (32-bit)
 Heap Region Size: 1M
 Heap Min Capacity: 8M
 Heap Initial Capacity: 256M
 Heap Max Capacity: 2G
 Pre-touch: Disabled
 Parallel Workers: 4
 Concurrent Workers: 1
 Concurrent Refinement Workers: 4
 Periodic GC: Disabled
Heap:
 garbage-first heap   total 281600K, used 171657K [0x0000000080000000, 0x0000000100000000)
  region size 1024K, 50 young (51200K), 15 survivors (15360K)
 Metaspace       used 94124K, committed 95104K, reserved 557056K
  class space    used 13158K, committed 13632K, reserved 425984K
GC Heap History (20 events):
Event: 45.953 GC heap before
{Heap before GC invocations=48 (full 0):
 garbage-first heap   total 156672K, used 85380K [0x0000000080000000, 0x0000000100000000)
  region size 1024K, 7 young (7168K), 5 survivors (5120K)
 Metaspace       used 72458K, committed 73152K, reserved 491520K
  class space    used 10048K, committed 10368K, reserved 425984K
}
Event: 45.957 GC heap after
{Heap after GC invocations=49 (full 0):
 garbage-first heap   total 156672K, used 83406K [0x0000000080000000, 0x0000000100000000)
  region size 1024K, 1 young (1024K), 1 survivors (1024K)
 Metaspace       used 72458K, committed 73152K, reserved 491520K
  class space    used 10048K, committed 10368K, reserved 425984K
}
Event: 46.734 GC heap before
{Heap before GC invocations=49 (full 0):
 garbage-first heap   total 156672K, used 116174K [0x0000000080000000, 0x0000000100000000)
  region size 1024K, 33 young (33792K), 1 survivors (1024K)
 Metaspace       used 74765K, committed 75520K, reserved 491520K
  class space    used 10341K, committed 10688K, reserved 425984K
}
Event: 46.739 GC heap after
{Heap after GC invocations=50 (full 0):
 garbage-first heap   total 156672K, used 84817K [0x0000000080000000, 0x0000000100000000)
  region size 1024K, 2 young (2048K), 2 survivors (2048K)
 Metaspace       used 74765K, committed 75520K, reserved 491520K
  class space    used 10341K, committed 10688K, reserved 425984K
}
Event: 47.511 GC heap before
{Heap before GC invocations=51 (full 0):
 garbage-first heap   total 156672K, used 118609K [0x0000000080000000, 0x0000000100000000)
  region size 1024K, 35 young (35840K), 2 survivors (2048K)
 Metaspace       used 77412K, committed 78144K, reserved 557056K
  class space    used 10679K, committed 11008K, reserved 425984K
}
Event: 47.515 GC heap after
{Heap after GC invocations=52 (full 0):
 garbage-first heap   total 156672K, used 86254K [0x0000000080000000, 0x0000000100000000)
  region size 1024K, 4 young (4096K), 4 survivors (4096K)
 Metaspace       used 77412K, committed 78144K, reserved 557056K
  class space    used 10679K, committed 11008K, reserved 425984K
}
Event: 47.566 GC heap before
{Heap before GC invocations=52 (full 0):
 garbage-first heap   total 156672K, used 89326K [0x0000000080000000, 0x0000000100000000)
  region size 1024K, 7 young (7168K), 4 survivors (4096K)
 Metaspace       used 77525K, committed 78208K, reserved 557056K
  class space    used 10694K, committed 11008K, reserved 425984K
}
Event: 47.569 GC heap after
{Heap after GC invocations=53 (full 0):
 garbage-first heap   total 156672K, used 86408K [0x0000000080000000, 0x0000000100000000)
  region size 1024K, 1 young (1024K), 1 survivors (1024K)
 Metaspace       used 77525K, committed 78208K, reserved 557056K
  class space    used 10694K, committed 11008K, reserved 425984K
}
Event: 49.214 GC heap before
{Heap before GC invocations=53 (full 0):
 garbage-first heap   total 156672K, used 122248K [0x0000000080000000, 0x0000000100000000)
  region size 1024K, 36 young (36864K), 1 survivors (1024K)
 Metaspace       used 78019K, committed 78784K, reserved 557056K
  class space    used 10778K, committed 11136K, reserved 425984K
}
Event: 49.218 GC heap after
{Heap after GC invocations=54 (full 0):
 garbage-first heap   total 156672K, used 88837K [0x0000000080000000, 0x0000000100000000)
  region size 1024K, 3 young (3072K), 3 survivors (3072K)
 Metaspace       used 78019K, committed 78784K, reserved 557056K
  class space    used 10778K, committed 11136K, reserved 425984K
}
Event: 62.813 GC heap before
{Heap before GC invocations=55 (full 0):
 garbage-first heap   total 156672K, used 124677K [0x0000000080000000, 0x0000000100000000)
  region size 1024K, 38 young (38912K), 3 survivors (3072K)
 Metaspace       used 79873K, committed 80576K, reserved 557056K
  class space    used 11036K, committed 11392K, reserved 425984K
}
Event: 62.820 GC heap after
{Heap after GC invocations=56 (full 0):
 garbage-first heap   total 156672K, used 91111K [0x0000000080000000, 0x0000000100000000)
  region size 1024K, 3 young (3072K), 3 survivors (3072K)
 Metaspace       used 79873K, committed 80576K, reserved 557056K
  class space    used 11036K, committed 11392K, reserved 425984K
}
Event: 62.863 GC heap before
{Heap before GC invocations=56 (full 0):
 garbage-first heap   total 156672K, used 95207K [0x0000000080000000, 0x0000000100000000)
  region size 1024K, 7 young (7168K), 3 survivors (3072K)
 Metaspace       used 80091K, committed 80768K, reserved 557056K
  class space    used 11071K, committed 11392K, reserved 425984K
}
Event: 62.867 GC heap after
{Heap after GC invocations=57 (full 0):
 garbage-first heap   total 156672K, used 91227K [0x0000000080000000, 0x0000000100000000)
  region size 1024K, 1 young (1024K), 1 survivors (1024K)
 Metaspace       used 80091K, committed 80768K, reserved 557056K
  class space    used 11071K, committed 11392K, reserved 425984K
}
Event: 63.424 GC heap before
{Heap before GC invocations=57 (full 0):
 garbage-first heap   total 156672K, used 127067K [0x0000000080000000, 0x0000000100000000)
  region size 1024K, 35 young (35840K), 1 survivors (1024K)
 Metaspace       used 82408K, committed 83136K, reserved 557056K
  class space    used 11418K, committed 11776K, reserved 425984K
}
Event: 63.428 GC heap after
{Heap after GC invocations=58 (full 0):
 garbage-first heap   total 281600K, used 92082K [0x0000000080000000, 0x0000000100000000)
  region size 1024K, 2 young (2048K), 2 survivors (2048K)
 Metaspace       used 82408K, committed 83136K, reserved 557056K
  class space    used 11418K, committed 11776K, reserved 425984K
}
Event: 68.127 GC heap before
{Heap before GC invocations=58 (full 0):
 garbage-first heap   total 281600K, used 220082K [0x0000000080000000, 0x0000000100000000)
  region size 1024K, 124 young (126976K), 2 survivors (2048K)
 Metaspace       used 89899K, committed 90752K, reserved 557056K
  class space    used 12562K, committed 12992K, reserved 425984K
}
Event: 68.146 GC heap after
{Heap after GC invocations=59 (full 0):
 garbage-first heap   total 281600K, used 111123K [0x0000000080000000, 0x0000000100000000)
  region size 1024K, 16 young (16384K), 16 survivors (16384K)
 Metaspace       used 89899K, committed 90752K, reserved 557056K
  class space    used 12562K, committed 12992K, reserved 425984K
}
Event: 77.033 GC heap before
{Heap before GC invocations=59 (full 0):
 garbage-first heap   total 281600K, used 223763K [0x0000000080000000, 0x0000000100000000)
  region size 1024K, 120 young (122880K), 16 survivors (16384K)
 Metaspace       used 91816K, committed 92800K, reserved 557056K
  class space    used 12848K, committed 13312K, reserved 425984K
}
Event: 77.057 GC heap after
{Heap after GC invocations=60 (full 0):
 garbage-first heap   total 281600K, used 136841K [0x0000000080000000, 0x0000000100000000)
  region size 1024K, 15 young (15360K), 15 survivors (15360K)
 Metaspace       used 91816K, committed 92800K, reserved 557056K
  class space    used 12848K, committed 13312K, reserved 425984K
}

