# JRE version: OpenJDK Runtime Environment OpenLogic-OpenJDK (17.0.10+7) (build 17.0.10+7-adhoc..jdk17u)
# Java VM: OpenJDK 64-Bit Server VM OpenLogic-OpenJDK (17.0.10+7-adhoc..jdk17u, mixed mode, sharing, tiered, compressed oops, compressed class ptrs, g1 gc, windows-amd64)
GC Precious Log:
 CPUs: 4 total, 4 available
 Memory: 16309M
 Large Page Support: Disabled
 NUMA Support: Disabled
 Compressed Oops: Enabled (32-bit)
 Heap Region Size: 1M
 Heap Min Capacity: 8M
 Heap Initial Capacity: 256M
 Heap Max Capacity: 2G
 Pre-touch: Disabled
 Parallel Workers: 4
 Concurrent Workers: 1
 Concurrent Refinement Workers: 4
 Periodic GC: Disabled
Heap:
 garbage-first heap   total 81920K, used 35842K [0x0000000080000000, 0x0000000100000000)
  region size 1024K, 5 young (5120K), 2 survivors (2048K)
 Metaspace       used 35892K, committed 36416K, reserved 491520K
  class space    used 4878K, committed 5120K, reserved 425984K
GC Heap History (18 events):
Event: 0.580 GC heap before
{Heap before GC invocations=0 (full 0):
 garbage-first heap   total 262144K, used 13312K [0x0000000080000000, 0x0000000100000000)
  region size 1024K, 13 young (13312K), 0 survivors (0K)
 Metaspace       used 1016K, committed 1152K, reserved 491520K
  class space    used 79K, committed 128K, reserved 425984K
}
Event: 0.584 GC heap after
{Heap after GC invocations=1 (full 0):
 garbage-first heap   total 262144K, used 3549K [0x0000000080000000, 0x0000000100000000)
  region size 1024K, 2 young (2048K), 2 survivors (2048K)
 Metaspace       used 1016K, committed 1152K, reserved 491520K
  class space    used 79K, committed 128K, reserved 425984K
}
Event: 1.251 GC heap before
{Heap before GC invocations=1 (full 0):
 garbage-first heap   total 262144K, used 21981K [0x0000000080000000, 0x0000000100000000)
  region size 1024K, 17 young (17408K), 2 survivors (2048K)
 Metaspace       used 3870K, committed 4032K, reserved 491520K
  class space    used 486K, committed 576K, reserved 425984K
}
Event: 1.255 GC heap after
{Heap after GC invocations=2 (full 0):
 garbage-first heap   total 262144K, used 10977K [0x0000000080000000, 0x0000000100000000)
  region size 1024K, 3 young (3072K), 3 survivors (3072K)
 Metaspace       used 3870K, committed 4032K, reserved 491520K
  class space    used 486K, committed 576K, reserved 425984K
}
Event: 2.125 GC heap before
{Heap before GC invocations=2 (full 0):
 garbage-first heap   total 262144K, used 34529K [0x0000000080000000, 0x0000000100000000)
  region size 1024K, 25 young (25600K), 3 survivors (3072K)
 Metaspace       used 4024K, committed 4224K, reserved 491520K
  class space    used 490K, committed 576K, reserved 425984K
}
Event: 2.131 GC heap after
{Heap after GC invocations=3 (full 0):
 garbage-first heap   total 262144K, used 12187K [0x0000000080000000, 0x0000000100000000)
  region size 1024K, 2 young (2048K), 2 survivors (2048K)
 Metaspace       used 4024K, committed 4224K, reserved 491520K
  class space    used 490K, committed 576K, reserved 425984K
}
Event: 5.554 GC heap before
{Heap before GC invocations=3 (full 0):
 garbage-first heap   total 262144K, used 128923K [0x0000000080000000, 0x0000000100000000)
  region size 1024K, 117 young (119808K), 2 survivors (2048K)
 Metaspace       used 21187K, committed 21504K, reserved 491520K
  class space    used 3125K, committed 3328K, reserved 425984K
}
Event: 5.565 GC heap after
{Heap after GC invocations=4 (full 0):
 garbage-first heap   total 262144K, used 22875K [0x0000000080000000, 0x0000000100000000)
  region size 1024K, 12 young (12288K), 12 survivors (12288K)
 Metaspace       used 21187K, committed 21504K, reserved 491520K
  class space    used 3125K, committed 3328K, reserved 425984K
}
Event: 6.427 GC heap before
{Heap before GC invocations=5 (full 0):
 garbage-first heap   total 81920K, used 59739K [0x0000000080000000, 0x0000000100000000)
  region size 1024K, 48 young (49152K), 12 survivors (12288K)
 Metaspace       used 27824K, committed 28096K, reserved 491520K
  class space    used 3957K, committed 4096K, reserved 425984K
}
Event: 6.441 GC heap after
{Heap after GC invocations=6 (full 0):
 garbage-first heap   total 81920K, used 25328K [0x0000000080000000, 0x0000000100000000)
  region size 1024K, 3 young (3072K), 3 survivors (3072K)
 Metaspace       used 27824K, committed 28096K, reserved 491520K
  class space    used 3957K, committed 4096K, reserved 425984K
}
Event: 6.463 GC heap before
{Heap before GC invocations=6 (full 0):
 garbage-first heap   total 81920K, used 26352K [0x0000000080000000, 0x0000000100000000)
  region size 1024K, 4 young (4096K), 3 survivors (3072K)
 Metaspace       used 27981K, committed 28352K, reserved 491520K
  class space    used 3976K, committed 4160K, reserved 425984K
}
Event: 6.467 GC heap after
{Heap after GC invocations=7 (full 0):
 garbage-first heap   total 81920K, used 25963K [0x0000000080000000, 0x0000000100000000)
  region size 1024K, 1 young (1024K), 1 survivors (1024K)
 Metaspace       used 27981K, committed 28352K, reserved 491520K
  class space    used 3976K, committed 4160K, reserved 425984K
}
Event: 7.165 GC heap before
{Heap before GC invocations=7 (full 0):
 garbage-first heap   total 81920K, used 60779K [0x0000000080000000, 0x0000000100000000)
  region size 1024K, 36 young (36864K), 1 survivors (1024K)
 Metaspace       used 31166K, committed 31488K, reserved 491520K
  class space    used 4394K, committed 4544K, reserved 425984K
}
Event: 7.169 GC heap after
{Heap after GC invocations=8 (full 0):
 garbage-first heap   total 81920K, used 28959K [0x0000000080000000, 0x0000000100000000)
  region size 1024K, 4 young (4096K), 4 survivors (4096K)
 Metaspace       used 31166K, committed 31488K, reserved 491520K
  class space    used 4394K, committed 4544K, reserved 425984K
}
Event: 25.239 GC heap before
{Heap before GC invocations=8 (full 0):
 garbage-first heap   total 81920K, used 66847K [0x0000000080000000, 0x0000000100000000)
  region size 1024K, 37 young (37888K), 4 survivors (4096K)
 Metaspace       used 33568K, committed 33984K, reserved 491520K
  class space    used 4626K, committed 4800K, reserved 425984K
}
Event: 25.245 GC heap after
{Heap after GC invocations=9 (full 0):
 garbage-first heap   total 81920K, used 31596K [0x0000000080000000, 0x0000000100000000)
  region size 1024K, 4 young (4096K), 4 survivors (4096K)
 Metaspace       used 33568K, committed 33984K, reserved 491520K
  class space    used 4626K, committed 4800K, reserved 425984K
}
Event: 25.908 GC heap before
{Heap before GC invocations=9 (full 0):
 garbage-first heap   total 81920K, used 62316K [0x0000000080000000, 0x0000000100000000)
  region size 1024K, 33 young (33792K), 4 survivors (4096K)
 Metaspace       used 35604K, committed 36096K, reserved 491520K
  class space    used 4848K, committed 5120K, reserved 425984K
}
Event: 25.912 GC heap after
{Heap after GC invocations=10 (full 0):
 garbage-first heap   total 81920K, used 33794K [0x0000000080000000, 0x0000000100000000)
  region size 1024K, 2 young (2048K), 2 survivors (2048K)
 Metaspace       used 35604K, committed 36096K, reserved 491520K
  class space    used 4848K, committed 5120K, reserved 425984K
}

