# JRE version: OpenJDK Runtime Environment OpenLogic-OpenJDK (17.0.10+7) (build 17.0.10+7-adhoc..jdk17u)
# Java VM: OpenJDK 64-Bit Server VM OpenLogic-OpenJDK (17.0.10+7-adhoc..jdk17u, mixed mode, sharing, tiered, compressed oops, compressed class ptrs, g1 gc, windows-amd64)
GC Precious Log:
 CPUs: 4 total, 4 available
 Memory: 16309M
 Large Page Support: Disabled
 NUMA Support: Disabled
 Compressed Oops: Enabled (32-bit)
 Heap Region Size: 1M
 Heap Min Capacity: 8M
 Heap Initial Capacity: 256M
 Heap Max Capacity: 2G
 Pre-touch: Disabled
 Parallel Workers: 4
 Concurrent Workers: 1
 Concurrent Refinement Workers: 4
 Periodic GC: Disabled
Heap:
 garbage-first heap   total 375808K, used 265321K [0x0000000080000000, 0x0000000100000000)
  region size 1024K, 50 young (51200K), 3 survivors (3072K)
 Metaspace       used 121081K, committed 122368K, reserved 557056K
  class space    used 16462K, committed 17024K, reserved 425984K
GC Heap History (20 events):
Event: 48.648 GC heap before
{Heap before GC invocations=38 (full 0):
 garbage-first heap   total 243712K, used 202316K [0x0000000080000000, 0x0000000100000000)
  region size 1024K, 52 young (53248K), 7 survivors (7168K)
 Metaspace       used 111300K, committed 112384K, reserved 557056K
  class space    used 15324K, committed 15808K, reserved 425984K
}
Event: 48.660 GC heap after
{Heap after GC invocations=39 (full 0):
 garbage-first heap   total 243712K, used 164968K [0x0000000080000000, 0x0000000100000000)
  region size 1024K, 7 young (7168K), 7 survivors (7168K)
 Metaspace       used 111300K, committed 112384K, reserved 557056K
  class space    used 15324K, committed 15808K, reserved 425984K
}
Event: 49.242 GC heap before
{Heap before GC invocations=39 (full 0):
 garbage-first heap   total 243712K, used 202856K [0x0000000080000000, 0x0000000100000000)
  region size 1024K, 44 young (45056K), 7 survivors (7168K)
 Metaspace       used 111641K, committed 112768K, reserved 557056K
  class space    used 15364K, committed 15872K, reserved 425984K
}
Event: 49.253 GC heap after
{Heap after GC invocations=40 (full 0):
 garbage-first heap   total 292864K, used 172483K [0x0000000080000000, 0x0000000100000000)
  region size 1024K, 6 young (6144K), 6 survivors (6144K)
 Metaspace       used 111641K, committed 112768K, reserved 557056K
  class space    used 15364K, committed 15872K, reserved 425984K
}
Event: 51.112 GC heap before
{Heap before GC invocations=40 (full 0):
 garbage-first heap   total 292864K, used 238019K [0x0000000080000000, 0x0000000100000000)
  region size 1024K, 68 young (69632K), 6 survivors (6144K)
 Metaspace       used 112843K, committed 113984K, reserved 557056K
  class space    used 15525K, committed 16064K, reserved 425984K
}
Event: 51.126 GC heap after
{Heap after GC invocations=41 (full 0):
 garbage-first heap   total 292864K, used 188544K [0x0000000080000000, 0x0000000100000000)
  region size 1024K, 9 young (9216K), 9 survivors (9216K)
 Metaspace       used 112843K, committed 113984K, reserved 557056K
  class space    used 15525K, committed 16064K, reserved 425984K
}
Event: 52.149 GC heap before
{Heap before GC invocations=41 (full 0):
 garbage-first heap   total 292864K, used 238720K [0x0000000080000000, 0x0000000100000000)
  region size 1024K, 58 young (59392K), 9 survivors (9216K)
 Metaspace       used 116234K, committed 117440K, reserved 557056K
  class space    used 16012K, committed 16576K, reserved 425984K
}
Event: 52.162 GC heap after
{Heap after GC invocations=42 (full 0):
 garbage-first heap   total 292864K, used 194272K [0x0000000080000000, 0x0000000100000000)
  region size 1024K, 5 young (5120K), 5 survivors (5120K)
 Metaspace       used 116234K, committed 117440K, reserved 557056K
  class space    used 16012K, committed 16576K, reserved 425984K
}
Event: 52.178 GC heap before
{Heap before GC invocations=42 (full 0):
 garbage-first heap   total 292864K, used 195296K [0x0000000080000000, 0x0000000100000000)
  region size 1024K, 7 young (7168K), 5 survivors (5120K)
 Metaspace       used 116267K, committed 117440K, reserved 557056K
  class space    used 16015K, committed 16576K, reserved 425984K
}
Event: 52.187 GC heap after
{Heap after GC invocations=43 (full 0):
 garbage-first heap   total 292864K, used 194950K [0x0000000080000000, 0x0000000100000000)
  region size 1024K, 1 young (1024K), 1 survivors (1024K)
 Metaspace       used 116267K, committed 117440K, reserved 557056K
  class space    used 16015K, committed 16576K, reserved 425984K
}
Event: 52.792 GC heap before
{Heap before GC invocations=44 (full 0):
 garbage-first heap   total 353280K, used 235910K [0x0000000080000000, 0x0000000100000000)
  region size 1024K, 41 young (41984K), 1 survivors (1024K)
 Metaspace       used 116918K, committed 118080K, reserved 557056K
  class space    used 16082K, committed 16640K, reserved 425984K
}
Event: 52.803 GC heap after
{Heap after GC invocations=45 (full 0):
 garbage-first heap   total 353280K, used 199939K [0x0000000080000000, 0x0000000100000000)
  region size 1024K, 6 young (6144K), 6 survivors (6144K)
 Metaspace       used 116918K, committed 118080K, reserved 557056K
  class space    used 16082K, committed 16640K, reserved 425984K
}
Event: 55.186 GC heap before
{Heap before GC invocations=45 (full 0):
 garbage-first heap   total 353280K, used 210179K [0x0000000080000000, 0x0000000100000000)
  region size 1024K, 17 young (17408K), 6 survivors (6144K)
 Metaspace       used 117695K, committed 118912K, reserved 557056K
  class space    used 16150K, committed 16704K, reserved 425984K
}
Event: 55.201 GC heap after
{Heap after GC invocations=46 (full 0):
 garbage-first heap   total 353280K, used 199852K [0x0000000080000000, 0x0000000100000000)
  region size 1024K, 2 young (2048K), 2 survivors (2048K)
 Metaspace       used 117695K, committed 118912K, reserved 557056K
  class space    used 16150K, committed 16704K, reserved 425984K
}
Event: 55.803 GC heap before
{Heap before GC invocations=46 (full 0):
 garbage-first heap   total 353280K, used 269484K [0x0000000080000000, 0x0000000100000000)
  region size 1024K, 71 young (72704K), 2 survivors (2048K)
 Metaspace       used 118920K, committed 120192K, reserved 557056K
  class space    used 16245K, committed 16832K, reserved 425984K
}
Event: 55.815 GC heap after
{Heap after GC invocations=47 (full 0):
 garbage-first heap   total 353280K, used 208647K [0x0000000080000000, 0x0000000100000000)
  region size 1024K, 9 young (9216K), 9 survivors (9216K)
 Metaspace       used 118920K, committed 120192K, reserved 557056K
  class space    used 16245K, committed 16832K, reserved 425984K
}
Event: 57.105 GC heap before
{Heap before GC invocations=48 (full 0):
 garbage-first heap   total 375808K, used 279303K [0x0000000080000000, 0x0000000100000000)
  region size 1024K, 74 young (75776K), 9 survivors (9216K)
 Metaspace       used 121003K, committed 122240K, reserved 557056K
  class space    used 16462K, committed 17024K, reserved 425984K
}
Event: 57.116 GC heap after
{Heap after GC invocations=49 (full 0):
 garbage-first heap   total 375808K, used 213066K [0x0000000080000000, 0x0000000100000000)
  region size 1024K, 5 young (5120K), 5 survivors (5120K)
 Metaspace       used 121003K, committed 122240K, reserved 557056K
  class space    used 16462K, committed 17024K, reserved 425984K
}
Event: 57.201 GC heap before
{Heap before GC invocations=49 (full 0):
 garbage-first heap   total 375808K, used 226378K [0x0000000080000000, 0x0000000100000000)
  region size 1024K, 18 young (18432K), 5 survivors (5120K)
 Metaspace       used 121028K, committed 122304K, reserved 557056K
  class space    used 16462K, committed 17024K, reserved 425984K
}
Event: 57.208 GC heap after
{Heap after GC invocations=50 (full 0):
 garbage-first heap   total 375808K, used 214121K [0x0000000080000000, 0x0000000100000000)
  region size 1024K, 3 young (3072K), 3 survivors (3072K)
 Metaspace       used 121028K, committed 122304K, reserved 557056K
  class space    used 16462K, committed 17024K, reserved 425984K
}

