# JRE version: OpenJDK Runtime Environment OpenLogic-OpenJDK (17.0.10+7) (build 17.0.10+7-adhoc..jdk17u)
# Java VM: OpenJDK 64-Bit Server VM OpenLogic-OpenJDK (17.0.10+7-adhoc..jdk17u, mixed mode, sharing, tiered, compressed oops, compressed class ptrs, g1 gc, windows-amd64)
GC Precious Log:
 CPUs: 4 total, 4 available
 Memory: 16309M
 Large Page Support: Disabled
 NUMA Support: Disabled
 Compressed Oops: Enabled (Zero based)
 Heap Region Size: 2M
 Heap Min Capacity: 8M
 Heap Initial Capacity: 256M
 Heap Max Capacity: 4078M
 Pre-touch: Disabled
 Parallel Workers: 4
 Concurrent Workers: 1
 Concurrent Refinement Workers: 4
 Periodic GC: Disabled
Heap:
 garbage-first heap   total 147456K, used 106305K [0x0000000701200000, 0x0000000800000000)
  region size 2048K, 13 young (26624K), 2 survivors (4096K)
 Metaspace       used 60638K, committed 60992K, reserved 1114112K
  class space    used 6927K, committed 7104K, reserved 1048576K
GC Heap History (20 events):
Event: 29.712 GC heap before
{Heap before GC invocations=24 (full 0):
 garbage-first heap   total 96256K, used 65775K [0x0000000701200000, 0x0000000800000000)
  region size 2048K, 8 young (16384K), 2 survivors (4096K)
 Metaspace       used 51432K, committed 51776K, reserved 1114112K
  class space    used 6072K, committed 6272K, reserved 1048576K
}
Event: 29.722 GC heap after
{Heap after GC invocations=25 (full 0):
 garbage-first heap   total 96256K, used 55945K [0x0000000701200000, 0x0000000800000000)
  region size 2048K, 1 young (2048K), 1 survivors (2048K)
 Metaspace       used 51432K, committed 51776K, reserved 1114112K
  class space    used 6072K, committed 6272K, reserved 1048576K
}
Event: 31.737 GC heap before
{Heap before GC invocations=25 (full 0):
 garbage-first heap   total 96256K, used 74377K [0x0000000701200000, 0x0000000800000000)
  region size 2048K, 10 young (20480K), 1 survivors (2048K)
 Metaspace       used 52039K, committed 52352K, reserved 1114112K
  class space    used 6160K, committed 6336K, reserved 1048576K
}
Event: 31.749 GC heap after
{Heap after GC invocations=26 (full 0):
 garbage-first heap   total 116736K, used 59392K [0x0000000701200000, 0x0000000800000000)
  region size 2048K, 2 young (4096K), 2 survivors (4096K)
 Metaspace       used 52039K, committed 52352K, reserved 1114112K
  class space    used 6160K, committed 6336K, reserved 1048576K
}
Event: 34.774 GC heap before
{Heap before GC invocations=27 (full 0):
 garbage-first heap   total 116736K, used 88064K [0x0000000701200000, 0x0000000800000000)
  region size 2048K, 16 young (32768K), 2 survivors (4096K)
 Metaspace       used 52199K, committed 52544K, reserved 1114112K
  class space    used 6167K, committed 6336K, reserved 1048576K
}
Event: 34.789 GC heap after
{Heap after GC invocations=28 (full 0):
 garbage-first heap   total 116736K, used 64468K [0x0000000701200000, 0x0000000800000000)
  region size 2048K, 2 young (4096K), 2 survivors (4096K)
 Metaspace       used 52199K, committed 52544K, reserved 1114112K
  class space    used 6167K, committed 6336K, reserved 1048576K
}
Event: 36.002 GC heap before
{Heap before GC invocations=28 (full 0):
 garbage-first heap   total 116736K, used 89044K [0x0000000701200000, 0x0000000800000000)
  region size 2048K, 14 young (28672K), 2 survivors (4096K)
 Metaspace       used 52270K, committed 52608K, reserved 1114112K
  class space    used 6171K, committed 6336K, reserved 1048576K
}
Event: 36.022 GC heap after
{Heap after GC invocations=29 (full 0):
 garbage-first heap   total 116736K, used 69220K [0x0000000701200000, 0x0000000800000000)
  region size 2048K, 2 young (4096K), 2 survivors (4096K)
 Metaspace       used 52270K, committed 52608K, reserved 1114112K
  class space    used 6171K, committed 6336K, reserved 1048576K
}
Event: 37.415 GC heap before
{Heap before GC invocations=30 (full 0):
 garbage-first heap   total 120832K, used 91748K [0x0000000701200000, 0x0000000800000000)
  region size 2048K, 13 young (26624K), 2 survivors (4096K)
 Metaspace       used 53176K, committed 53504K, reserved 1114112K
  class space    used 6269K, committed 6464K, reserved 1048576K
}
Event: 37.425 GC heap after
{Heap after GC invocations=31 (full 0):
 garbage-first heap   total 120832K, used 70847K [0x0000000701200000, 0x0000000800000000)
  region size 2048K, 1 young (2048K), 1 survivors (2048K)
 Metaspace       used 53176K, committed 53504K, reserved 1114112K
  class space    used 6269K, committed 6464K, reserved 1048576K
}
Event: 37.987 GC heap before
{Heap before GC invocations=31 (full 0):
 garbage-first heap   total 120832K, used 95423K [0x0000000701200000, 0x0000000800000000)
  region size 2048K, 13 young (26624K), 1 survivors (2048K)
 Metaspace       used 53238K, committed 53568K, reserved 1114112K
  class space    used 6275K, committed 6464K, reserved 1048576K
}
Event: 37.992 GC heap after
{Heap after GC invocations=32 (full 0):
 garbage-first heap   total 120832K, used 71501K [0x0000000701200000, 0x0000000800000000)
  region size 2048K, 1 young (2048K), 1 survivors (2048K)
 Metaspace       used 53238K, committed 53568K, reserved 1114112K
  class space    used 6275K, committed 6464K, reserved 1048576K
}
Event: 39.598 GC heap before
{Heap before GC invocations=33 (full 0):
 garbage-first heap   total 126976K, used 96077K [0x0000000701200000, 0x0000000800000000)
  region size 2048K, 13 young (26624K), 1 survivors (2048K)
 Metaspace       used 54608K, committed 54912K, reserved 1114112K
  class space    used 6379K, committed 6528K, reserved 1048576K
}
Event: 39.605 GC heap after
{Heap after GC invocations=34 (full 0):
 garbage-first heap   total 126976K, used 72869K [0x0000000701200000, 0x0000000800000000)
  region size 2048K, 2 young (4096K), 2 survivors (4096K)
 Metaspace       used 54608K, committed 54912K, reserved 1114112K
  class space    used 6379K, committed 6528K, reserved 1048576K
}
Event: 41.337 GC heap before
{Heap before GC invocations=34 (full 0):
 garbage-first heap   total 126976K, used 101541K [0x0000000701200000, 0x0000000800000000)
  region size 2048K, 16 young (32768K), 2 survivors (4096K)
 Metaspace       used 56958K, committed 57280K, reserved 1114112K
  class space    used 6589K, committed 6784K, reserved 1048576K
}
Event: 41.349 GC heap after
{Heap after GC invocations=35 (full 0):
 garbage-first heap   total 126976K, used 76361K [0x0000000701200000, 0x0000000800000000)
  region size 2048K, 2 young (4096K), 2 survivors (4096K)
 Metaspace       used 56958K, committed 57280K, reserved 1114112K
  class space    used 6589K, committed 6784K, reserved 1048576K
}
Event: 43.284 GC heap before
{Heap before GC invocations=36 (full 0):
 garbage-first heap   total 133120K, used 100937K [0x0000000701200000, 0x0000000800000000)
  region size 2048K, 14 young (28672K), 2 survivors (4096K)
 Metaspace       used 59035K, committed 59392K, reserved 1114112K
  class space    used 6774K, committed 6976K, reserved 1048576K
}
Event: 43.297 GC heap after
{Heap after GC invocations=37 (full 0):
 garbage-first heap   total 133120K, used 79985K [0x0000000701200000, 0x0000000800000000)
  region size 2048K, 2 young (4096K), 2 survivors (4096K)
 Metaspace       used 59035K, committed 59392K, reserved 1114112K
  class space    used 6774K, committed 6976K, reserved 1048576K
}
Event: 45.913 GC heap before
{Heap before GC invocations=37 (full 0):
 garbage-first heap   total 133120K, used 106609K [0x0000000701200000, 0x0000000800000000)
  region size 2048K, 15 young (30720K), 2 survivors (4096K)
 Metaspace       used 60231K, committed 60544K, reserved 1114112K
  class space    used 6897K, committed 7040K, reserved 1048576K
}
Event: 45.922 GC heap after
{Heap after GC invocations=38 (full 0):
 garbage-first heap   total 133120K, used 83777K [0x0000000701200000, 0x0000000800000000)
  region size 2048K, 2 young (4096K), 2 survivors (4096K)
 Metaspace       used 60231K, committed 60544K, reserved 1114112K
  class space    used 6897K, committed 7040K, reserved 1048576K
}

