# JRE version: OpenJDK Runtime Environment OpenLogic-OpenJDK (17.0.10+7) (build 17.0.10+7-adhoc..jdk17u)
# Java VM: OpenJDK 64-Bit Server VM OpenLogic-OpenJDK (17.0.10+7-adhoc..jdk17u, mixed mode, sharing, tiered, compressed oops, compressed class ptrs, g1 gc, windows-amd64)
GC Precious Log:
 CPUs: 4 total, 4 available
 Memory: 16309M
 Large Page Support: Disabled
 NUMA Support: Disabled
 Compressed Oops: Enabled (32-bit)
 Heap Region Size: 1M
 Heap Min Capacity: 8M
 Heap Initial Capacity: 256M
 Heap Max Capacity: 2G
 Pre-touch: Disabled
 Parallel Workers: 4
 Concurrent Workers: 1
 Concurrent Refinement Workers: 4
 Periodic GC: Disabled
Heap:
 garbage-first heap   total 168960K, used 111298K [0x0000000080000000, 0x0000000100000000)
  region size 1024K, 19 young (19456K), 2 survivors (2048K)
 Metaspace       used 87399K, committed 88128K, reserved 557056K
  class space    used 12007K, committed 12352K, reserved 425984K
GC Heap History (20 events):
Event: 45.678 GC heap before
{Heap before GC invocations=44 (full 0):
 garbage-first heap   total 140288K, used 95784K [0x0000000080000000, 0x0000000100000000)
  region size 1024K, 19 young (19456K), 2 survivors (2048K)
 Metaspace       used 72251K, committed 72960K, reserved 491520K
  class space    used 10082K, committed 10432K, reserved 425984K
}
Event: 45.680 GC heap after
{Heap after GC invocations=45 (full 0):
 garbage-first heap   total 168960K, used 81305K [0x0000000080000000, 0x0000000100000000)
  region size 1024K, 3 young (3072K), 3 survivors (3072K)
 Metaspace       used 72251K, committed 72960K, reserved 491520K
  class space    used 10082K, committed 10432K, reserved 425984K
}
Event: 45.781 GC heap before
{Heap before GC invocations=45 (full 0):
 garbage-first heap   total 168960K, used 86425K [0x0000000080000000, 0x0000000100000000)
  region size 1024K, 8 young (8192K), 3 survivors (3072K)
 Metaspace       used 72683K, committed 73408K, reserved 491520K
  class space    used 10136K, committed 10496K, reserved 425984K
}
Event: 45.783 GC heap after
{Heap after GC invocations=46 (full 0):
 garbage-first heap   total 168960K, used 80781K [0x0000000080000000, 0x0000000100000000)
  region size 1024K, 1 young (1024K), 1 survivors (1024K)
 Metaspace       used 72683K, committed 73408K, reserved 491520K
  class space    used 10136K, committed 10496K, reserved 425984K
}
Event: 46.273 GC heap before
{Heap before GC invocations=46 (full 0):
 garbage-first heap   total 168960K, used 113549K [0x0000000080000000, 0x0000000100000000)
  region size 1024K, 34 young (34816K), 1 survivors (1024K)
 Metaspace       used 75751K, committed 76480K, reserved 557056K
  class space    used 10432K, committed 10752K, reserved 425984K
}
Event: 46.276 GC heap after
{Heap after GC invocations=47 (full 0):
 garbage-first heap   total 168960K, used 81560K [0x0000000080000000, 0x0000000100000000)
  region size 1024K, 1 young (1024K), 1 survivors (1024K)
 Metaspace       used 75751K, committed 76480K, reserved 557056K
  class space    used 10432K, committed 10752K, reserved 425984K
}
Event: 47.198 GC heap before
{Heap before GC invocations=48 (full 0):
 garbage-first heap   total 168960K, used 124568K [0x0000000080000000, 0x0000000100000000)
  region size 1024K, 37 young (37888K), 1 survivors (1024K)
 Metaspace       used 77403K, committed 78144K, reserved 557056K
  class space    used 10673K, committed 11008K, reserved 425984K
}
Event: 47.204 GC heap after
{Heap after GC invocations=49 (full 0):
 garbage-first heap   total 168960K, used 85728K [0x0000000080000000, 0x0000000100000000)
  region size 1024K, 5 young (5120K), 5 survivors (5120K)
 Metaspace       used 77403K, committed 78144K, reserved 557056K
  class space    used 10673K, committed 11008K, reserved 425984K
}
Event: 47.332 GC heap before
{Heap before GC invocations=49 (full 0):
 garbage-first heap   total 168960K, used 87776K [0x0000000080000000, 0x0000000100000000)
  region size 1024K, 8 young (8192K), 5 survivors (5120K)
 Metaspace       used 77660K, committed 78400K, reserved 557056K
  class space    used 10698K, committed 11008K, reserved 425984K
}
Event: 47.337 GC heap after
{Heap after GC invocations=50 (full 0):
 garbage-first heap   total 168960K, used 85777K [0x0000000080000000, 0x0000000100000000)
  region size 1024K, 1 young (1024K), 1 survivors (1024K)
 Metaspace       used 77660K, committed 78400K, reserved 557056K
  class space    used 10698K, committed 11008K, reserved 425984K
}
Event: 47.856 GC heap before
{Heap before GC invocations=50 (full 0):
 garbage-first heap   total 168960K, used 122641K [0x0000000080000000, 0x0000000100000000)
  region size 1024K, 37 young (37888K), 1 survivors (1024K)
 Metaspace       used 80290K, committed 81024K, reserved 557056K
  class space    used 11019K, committed 11328K, reserved 425984K
}
Event: 47.861 GC heap after
{Heap after GC invocations=51 (full 0):
 garbage-first heap   total 168960K, used 87221K [0x0000000080000000, 0x0000000100000000)
  region size 1024K, 2 young (2048K), 2 survivors (2048K)
 Metaspace       used 80290K, committed 81024K, reserved 557056K
  class space    used 11019K, committed 11328K, reserved 425984K
}
Event: 48.446 GC heap before
{Heap before GC invocations=52 (full 0):
 garbage-first heap   total 168960K, used 126133K [0x0000000080000000, 0x0000000100000000)
  region size 1024K, 40 young (40960K), 2 survivors (2048K)
 Metaspace       used 83137K, committed 83904K, reserved 557056K
  class space    used 11406K, committed 11776K, reserved 425984K
}
Event: 48.450 GC heap after
{Heap after GC invocations=53 (full 0):
 garbage-first heap   total 168960K, used 88916K [0x0000000080000000, 0x0000000100000000)
  region size 1024K, 4 young (4096K), 4 survivors (4096K)
 Metaspace       used 83137K, committed 83904K, reserved 557056K
  class space    used 11406K, committed 11776K, reserved 425984K
}
Event: 48.612 GC heap before
{Heap before GC invocations=53 (full 0):
 garbage-first heap   total 168960K, used 91988K [0x0000000080000000, 0x0000000100000000)
  region size 1024K, 8 young (8192K), 4 survivors (4096K)
 Metaspace       used 83239K, committed 83968K, reserved 557056K
  class space    used 11432K, committed 11776K, reserved 425984K
}
Event: 48.619 GC heap after
{Heap after GC invocations=54 (full 0):
 garbage-first heap   total 168960K, used 89024K [0x0000000080000000, 0x0000000100000000)
  region size 1024K, 1 young (1024K), 1 survivors (1024K)
 Metaspace       used 83239K, committed 83968K, reserved 557056K
  class space    used 11432K, committed 11776K, reserved 425984K
}
Event: 59.079 GC heap before
{Heap before GC invocations=54 (full 0):
 garbage-first heap   total 168960K, used 129984K [0x0000000080000000, 0x0000000100000000)
  region size 1024K, 41 young (41984K), 1 survivors (1024K)
 Metaspace       used 83553K, committed 84224K, reserved 557056K
  class space    used 11474K, committed 11776K, reserved 425984K
}
Event: 59.085 GC heap after
{Heap after GC invocations=55 (full 0):
 garbage-first heap   total 168960K, used 92399K [0x0000000080000000, 0x0000000100000000)
  region size 1024K, 4 young (4096K), 4 survivors (4096K)
 Metaspace       used 83553K, committed 84224K, reserved 557056K
  class space    used 11474K, committed 11776K, reserved 425984K
}
Event: 59.733 GC heap before
{Heap before GC invocations=56 (full 0):
 garbage-first heap   total 168960K, used 132335K [0x0000000080000000, 0x0000000100000000)
  region size 1024K, 43 young (44032K), 4 survivors (4096K)
 Metaspace       used 86396K, committed 87168K, reserved 557056K
  class space    used 11875K, committed 12224K, reserved 425984K
}
Event: 59.741 GC heap after
{Heap after GC invocations=57 (full 0):
 garbage-first heap   total 168960K, used 93890K [0x0000000080000000, 0x0000000100000000)
  region size 1024K, 2 young (2048K), 2 survivors (2048K)
 Metaspace       used 86396K, committed 87168K, reserved 557056K
  class space    used 11875K, committed 12224K, reserved 425984K
}

