# JRE version: OpenJDK Runtime Environment OpenLogic-OpenJDK (17.0.10+7) (build 17.0.10+7-adhoc..jdk17u)
# Java VM: OpenJDK 64-Bit Server VM OpenLogic-OpenJDK (17.0.10+7-adhoc..jdk17u, mixed mode, sharing, tiered, compressed oops, compressed class ptrs, g1 gc, windows-amd64)
GC Precious Log:
 CPUs: 4 total, 4 available
 Memory: 16309M
 Large Page Support: Disabled
 NUMA Support: Disabled
 Compressed Oops: Enabled (32-bit)
 Heap Region Size: 1M
 Heap Min Capacity: 8M
 Heap Initial Capacity: 256M
 Heap Max Capacity: 2G
 Pre-touch: Disabled
 Parallel Workers: 4
 Concurrent Workers: 1
 Concurrent Refinement Workers: 4
 Periodic GC: Disabled
Heap:
 garbage-first heap   total 242688K, used 197378K [0x0000000080000000, 0x0000000100000000)
  region size 1024K, 21 young (21504K), 5 survivors (5120K)
 Metaspace       used 105133K, committed 106240K, reserved 557056K
  class space    used 14590K, committed 15104K, reserved 425984K
GC Heap History (20 events):
Event: 67.485 GC heap before
{Heap before GC invocations=75 (full 0):
 garbage-first heap   total 201728K, used 156494K [0x0000000080000000, 0x0000000100000000)
  region size 1024K, 26 young (26624K), 2 survivors (2048K)
 Metaspace       used 96403K, committed 97280K, reserved 557056K
  class space    used 13405K, committed 13824K, reserved 425984K
}
Event: 67.491 GC heap after
{Heap after GC invocations=76 (full 0):
 garbage-first heap   total 201728K, used 136962K [0x0000000080000000, 0x0000000100000000)
  region size 1024K, 4 young (4096K), 4 survivors (4096K)
 Metaspace       used 96403K, committed 97280K, reserved 557056K
  class space    used 13405K, committed 13824K, reserved 425984K
}
Event: 67.829 GC heap before
{Heap before GC invocations=77 (full 0):
 garbage-first heap   total 242688K, used 157442K [0x0000000080000000, 0x0000000100000000)
  region size 1024K, 24 young (24576K), 4 survivors (4096K)
 Metaspace       used 96836K, committed 97728K, reserved 557056K
  class space    used 13479K, committed 13888K, reserved 425984K
}
Event: 67.840 GC heap after
{Heap after GC invocations=78 (full 0):
 garbage-first heap   total 242688K, used 140070K [0x0000000080000000, 0x0000000100000000)
  region size 1024K, 3 young (3072K), 3 survivors (3072K)
 Metaspace       used 96836K, committed 97728K, reserved 557056K
  class space    used 13479K, committed 13888K, reserved 425984K
}
Event: 68.002 GC heap before
{Heap before GC invocations=78 (full 0):
 garbage-first heap   total 242688K, used 148262K [0x0000000080000000, 0x0000000100000000)
  region size 1024K, 11 young (11264K), 3 survivors (3072K)
 Metaspace       used 97022K, committed 97984K, reserved 557056K
  class space    used 13509K, committed 13952K, reserved 425984K
}
Event: 68.008 GC heap after
{Heap after GC invocations=79 (full 0):
 garbage-first heap   total 242688K, used 141114K [0x0000000080000000, 0x0000000100000000)
  region size 1024K, 2 young (2048K), 2 survivors (2048K)
 Metaspace       used 97022K, committed 97984K, reserved 557056K
  class space    used 13509K, committed 13952K, reserved 425984K
}
Event: 69.090 GC heap before
{Heap before GC invocations=79 (full 0):
 garbage-first heap   total 242688K, used 180026K [0x0000000080000000, 0x0000000100000000)
  region size 1024K, 40 young (40960K), 2 survivors (2048K)
 Metaspace       used 99489K, committed 100480K, reserved 557056K
  class space    used 13850K, committed 14336K, reserved 425984K
}
Event: 69.096 GC heap after
{Heap after GC invocations=80 (full 0):
 garbage-first heap   total 242688K, used 142741K [0x0000000080000000, 0x0000000100000000)
  region size 1024K, 4 young (4096K), 4 survivors (4096K)
 Metaspace       used 99489K, committed 100480K, reserved 557056K
  class space    used 13850K, committed 14336K, reserved 425984K
}
Event: 69.852 GC heap before
{Heap before GC invocations=80 (full 0):
 garbage-first heap   total 242688K, used 183701K [0x0000000080000000, 0x0000000100000000)
  region size 1024K, 44 young (45056K), 4 survivors (4096K)
 Metaspace       used 101629K, committed 102656K, reserved 557056K
  class space    used 14152K, committed 14656K, reserved 425984K
}
Event: 69.861 GC heap after
{Heap after GC invocations=81 (full 0):
 garbage-first heap   total 242688K, used 144743K [0x0000000080000000, 0x0000000100000000)
  region size 1024K, 6 young (6144K), 6 survivors (6144K)
 Metaspace       used 101629K, committed 102656K, reserved 557056K
  class space    used 14152K, committed 14656K, reserved 425984K
}
Event: 71.114 GC heap before
{Heap before GC invocations=81 (full 0):
 garbage-first heap   total 242688K, used 188775K [0x0000000080000000, 0x0000000100000000)
  region size 1024K, 49 young (50176K), 6 survivors (6144K)
 Metaspace       used 103110K, committed 104128K, reserved 557056K
  class space    used 14338K, committed 14848K, reserved 425984K
}
Event: 71.129 GC heap after
{Heap after GC invocations=82 (full 0):
 garbage-first heap   total 242688K, used 149439K [0x0000000080000000, 0x0000000100000000)
  region size 1024K, 7 young (7168K), 7 survivors (7168K)
 Metaspace       used 103110K, committed 104128K, reserved 557056K
  class space    used 14338K, committed 14848K, reserved 425984K
}
Event: 71.725 GC heap before
{Heap before GC invocations=82 (full 0):
 garbage-first heap   total 242688K, used 192447K [0x0000000080000000, 0x0000000100000000)
  region size 1024K, 49 young (50176K), 7 survivors (7168K)
 Metaspace       used 103327K, committed 104384K, reserved 557056K
  class space    used 14359K, committed 14848K, reserved 425984K
}
Event: 71.738 GC heap after
{Heap after GC invocations=83 (full 0):
 garbage-first heap   total 242688K, used 156741K [0x0000000080000000, 0x0000000100000000)
  region size 1024K, 7 young (7168K), 7 survivors (7168K)
 Metaspace       used 103327K, committed 104384K, reserved 557056K
  class space    used 14359K, committed 14848K, reserved 425984K
}
Event: 72.739 GC heap before
{Heap before GC invocations=83 (full 0):
 garbage-first heap   total 242688K, used 194629K [0x0000000080000000, 0x0000000100000000)
  region size 1024K, 45 young (46080K), 7 survivors (7168K)
 Metaspace       used 103494K, committed 104576K, reserved 557056K
  class space    used 14378K, committed 14912K, reserved 425984K
}
Event: 72.751 GC heap after
{Heap after GC invocations=84 (full 0):
 garbage-first heap   total 242688K, used 163586K [0x0000000080000000, 0x0000000100000000)
  region size 1024K, 6 young (6144K), 6 survivors (6144K)
 Metaspace       used 103494K, committed 104576K, reserved 557056K
  class space    used 14378K, committed 14912K, reserved 425984K
}
Event: 74.825 GC heap before
{Heap before GC invocations=84 (full 0):
 garbage-first heap   total 242688K, used 200450K [0x0000000080000000, 0x0000000100000000)
  region size 1024K, 41 young (41984K), 6 survivors (6144K)
 Metaspace       used 103899K, committed 105024K, reserved 557056K
  class space    used 14423K, committed 14976K, reserved 425984K
}
Event: 74.839 GC heap after
{Heap after GC invocations=85 (full 0):
 garbage-first heap   total 242688K, used 173826K [0x0000000080000000, 0x0000000100000000)
  region size 1024K, 6 young (6144K), 6 survivors (6144K)
 Metaspace       used 103899K, committed 105024K, reserved 557056K
  class space    used 14423K, committed 14976K, reserved 425984K
}
Event: 76.035 GC heap before
{Heap before GC invocations=85 (full 0):
 garbage-first heap   total 242688K, used 203522K [0x0000000080000000, 0x0000000100000000)
  region size 1024K, 33 young (33792K), 6 survivors (6144K)
 Metaspace       used 104237K, committed 105344K, reserved 557056K
  class space    used 14456K, committed 14976K, reserved 425984K
}
Event: 76.046 GC heap after
{Heap after GC invocations=86 (full 0):
 garbage-first heap   total 242688K, used 182018K [0x0000000080000000, 0x0000000100000000)
  region size 1024K, 5 young (5120K), 5 survivors (5120K)
 Metaspace       used 104237K, committed 105344K, reserved 557056K
  class space    used 14456K, committed 14976K, reserved 425984K
}

