# JRE version: OpenJDK Runtime Environment OpenLogic-OpenJDK (17.0.10+7) (build 17.0.10+7-adhoc..jdk17u)
# Java VM: OpenJDK 64-Bit Server VM OpenLogic-OpenJDK (17.0.10+7-adhoc..jdk17u, mixed mode, sharing, tiered, compressed oops, compressed class ptrs, g1 gc, windows-amd64)
GC Precious Log:
 CPUs: 4 total, 4 available
 Memory: 16309M
 Large Page Support: Disabled
 NUMA Support: Disabled
 Compressed Oops: Enabled (32-bit)
 Heap Region Size: 1M
 Heap Min Capacity: 8M
 Heap Initial Capacity: 256M
 Heap Max Capacity: 2G
 Pre-touch: Disabled
 Parallel Workers: 4
 Concurrent Workers: 1
 Concurrent Refinement Workers: 4
 Periodic GC: Disabled
Heap:
 garbage-first heap   total 140288K, used 114519K [0x0000000080000000, 0x0000000100000000)
  region size 1024K, 41 young (41984K), 1 survivors (1024K)
 Metaspace       used 73463K, committed 74176K, reserved 491520K
  class space    used 10220K, committed 10560K, reserved 425984K
GC Heap History (20 events):
Event: 35.074 GC heap before
{Heap before GC invocations=23 (full 0):
 garbage-first heap   total 96256K, used 66549K [0x0000000080000000, 0x0000000100000000)
  region size 1024K, 14 young (14336K), 1 survivors (1024K)
 Metaspace       used 58393K, committed 59008K, reserved 491520K
  class space    used 8137K, committed 8384K, reserved 425984K
}
Event: 35.080 GC heap after
{Heap after GC invocations=24 (full 0):
 garbage-first heap   total 96256K, used 54899K [0x0000000080000000, 0x0000000100000000)
  region size 1024K, 2 young (2048K), 2 survivors (2048K)
 Metaspace       used 58393K, committed 59008K, reserved 491520K
  class space    used 8137K, committed 8384K, reserved 425984K
}
Event: 35.655 GC heap before
{Heap before GC invocations=25 (full 0):
 garbage-first heap   total 106496K, used 78451K [0x0000000080000000, 0x0000000100000000)
  region size 1024K, 22 young (22528K), 2 survivors (2048K)
 Metaspace       used 59741K, committed 60352K, reserved 491520K
  class space    used 8290K, committed 8576K, reserved 425984K
}
Event: 35.658 GC heap after
{Heap after GC invocations=26 (full 0):
 garbage-first heap   total 106496K, used 59878K [0x0000000080000000, 0x0000000100000000)
  region size 1024K, 3 young (3072K), 3 survivors (3072K)
 Metaspace       used 59741K, committed 60352K, reserved 491520K
  class space    used 8290K, committed 8576K, reserved 425984K
}
Event: 36.126 GC heap before
{Heap before GC invocations=26 (full 0):
 garbage-first heap   total 106496K, used 83430K [0x0000000080000000, 0x0000000100000000)
  region size 1024K, 26 young (26624K), 3 survivors (3072K)
 Metaspace       used 61758K, committed 62400K, reserved 491520K
  class space    used 8599K, committed 8896K, reserved 425984K
}
Event: 36.135 GC heap after
{Heap after GC invocations=27 (full 0):
 garbage-first heap   total 106496K, used 60943K [0x0000000080000000, 0x0000000100000000)
  region size 1024K, 3 young (3072K), 3 survivors (3072K)
 Metaspace       used 61758K, committed 62400K, reserved 491520K
  class space    used 8599K, committed 8896K, reserved 425984K
}
Event: 36.530 GC heap before
{Heap before GC invocations=28 (full 0):
 garbage-first heap   total 106496K, used 84495K [0x0000000080000000, 0x0000000100000000)
  region size 1024K, 27 young (27648K), 3 survivors (3072K)
 Metaspace       used 64702K, committed 65344K, reserved 491520K
  class space    used 8979K, committed 9280K, reserved 425984K
}
Event: 36.536 GC heap after
{Heap after GC invocations=29 (full 0):
 garbage-first heap   total 106496K, used 61985K [0x0000000080000000, 0x0000000100000000)
  region size 1024K, 4 young (4096K), 4 survivors (4096K)
 Metaspace       used 64702K, committed 65344K, reserved 491520K
  class space    used 8979K, committed 9280K, reserved 425984K
}
Event: 37.086 GC heap before
{Heap before GC invocations=29 (full 0):
 garbage-first heap   total 106496K, used 84513K [0x0000000080000000, 0x0000000100000000)
  region size 1024K, 27 young (27648K), 4 survivors (4096K)
 Metaspace       used 66320K, committed 67008K, reserved 491520K
  class space    used 9216K, committed 9536K, reserved 425984K
}
Event: 37.092 GC heap after
{Heap after GC invocations=30 (full 0):
 garbage-first heap   total 106496K, used 63447K [0x0000000080000000, 0x0000000100000000)
  region size 1024K, 4 young (4096K), 4 survivors (4096K)
 Metaspace       used 66320K, committed 67008K, reserved 491520K
  class space    used 9216K, committed 9536K, reserved 425984K
}
Event: 37.607 GC heap before
{Heap before GC invocations=31 (full 0):
 garbage-first heap   total 111616K, used 86999K [0x0000000080000000, 0x0000000100000000)
  region size 1024K, 27 young (27648K), 4 survivors (4096K)
 Metaspace       used 67367K, committed 68032K, reserved 491520K
  class space    used 9376K, committed 9664K, reserved 425984K
}
Event: 37.620 GC heap after
{Heap after GC invocations=32 (full 0):
 garbage-first heap   total 111616K, used 65060K [0x0000000080000000, 0x0000000100000000)
  region size 1024K, 3 young (3072K), 3 survivors (3072K)
 Metaspace       used 67367K, committed 68032K, reserved 491520K
  class space    used 9376K, committed 9664K, reserved 425984K
}
Event: 39.396 GC heap before
{Heap before GC invocations=32 (full 0):
 garbage-first heap   total 111616K, used 90660K [0x0000000080000000, 0x0000000100000000)
  region size 1024K, 29 young (29696K), 3 survivors (3072K)
 Metaspace       used 69139K, committed 69824K, reserved 491520K
  class space    used 9621K, committed 9920K, reserved 425984K
}
Event: 39.405 GC heap after
{Heap after GC invocations=33 (full 0):
 garbage-first heap   total 111616K, used 67426K [0x0000000080000000, 0x0000000100000000)
  region size 1024K, 4 young (4096K), 4 survivors (4096K)
 Metaspace       used 69139K, committed 69824K, reserved 491520K
  class space    used 9621K, committed 9920K, reserved 425984K
}
Event: 40.233 GC heap before
{Heap before GC invocations=34 (full 0):
 garbage-first heap   total 116736K, used 89954K [0x0000000080000000, 0x0000000100000000)
  region size 1024K, 27 young (27648K), 4 survivors (4096K)
 Metaspace       used 70784K, committed 71424K, reserved 491520K
  class space    used 9910K, committed 10240K, reserved 425984K
}
Event: 40.242 GC heap after
{Heap after GC invocations=35 (full 0):
 garbage-first heap   total 116736K, used 69803K [0x0000000080000000, 0x0000000100000000)
  region size 1024K, 3 young (3072K), 3 survivors (3072K)
 Metaspace       used 70784K, committed 71424K, reserved 491520K
  class space    used 9910K, committed 10240K, reserved 425984K
}
Event: 40.365 GC heap before
{Heap before GC invocations=35 (full 0):
 garbage-first heap   total 116736K, used 71851K [0x0000000080000000, 0x0000000100000000)
  region size 1024K, 5 young (5120K), 3 survivors (3072K)
 Metaspace       used 70939K, committed 71744K, reserved 491520K
  class space    used 9929K, committed 10304K, reserved 425984K
}
Event: 40.369 GC heap after
{Heap after GC invocations=36 (full 0):
 garbage-first heap   total 116736K, used 70014K [0x0000000080000000, 0x0000000100000000)
  region size 1024K, 1 young (1024K), 1 survivors (1024K)
 Metaspace       used 70939K, committed 71744K, reserved 491520K
  class space    used 9929K, committed 10304K, reserved 425984K
}
Event: 41.175 GC heap before
{Heap before GC invocations=36 (full 0):
 garbage-first heap   total 116736K, used 80254K [0x0000000080000000, 0x0000000100000000)
  region size 1024K, 13 young (13312K), 1 survivors (1024K)
 Metaspace       used 71083K, committed 71808K, reserved 491520K
  class space    used 9936K, committed 10304K, reserved 425984K
}
Event: 41.178 GC heap after
{Heap after GC invocations=37 (full 0):
 garbage-first heap   total 140288K, used 70487K [0x0000000080000000, 0x0000000100000000)
  region size 1024K, 1 young (1024K), 1 survivors (1024K)
 Metaspace       used 71083K, committed 71808K, reserved 491520K
  class space    used 9936K, committed 10304K, reserved 425984K
}

