# JRE version: OpenJDK Runtime Environment OpenLogic-OpenJDK (17.0.10+7) (build 17.0.10+7-adhoc..jdk17u)
# Java VM: OpenJDK 64-Bit Server VM OpenLogic-OpenJDK (17.0.10+7-adhoc..jdk17u, mixed mode, sharing, tiered, compressed oops, compressed class ptrs, g1 gc, windows-amd64)
GC Precious Log:
 CPUs: 4 total, 4 available
 Memory: 16309M
 Large Page Support: Disabled
 NUMA Support: Disabled
 Compressed Oops: Enabled (32-bit)
 Heap Region Size: 1M
 Heap Min Capacity: 8M
 Heap Initial Capacity: 256M
 Heap Max Capacity: 2G
 Pre-touch: Disabled
 Parallel Workers: 4
 Concurrent Workers: 1
 Concurrent Refinement Workers: 4
 Periodic GC: Disabled
Heap:
 garbage-first heap   total 86016K, used 65137K [0x0000000080000000, 0x0000000100000000)
  region size 1024K, 18 young (18432K), 3 survivors (3072K)
 Metaspace       used 50524K, committed 51136K, reserved 491520K
  class space    used 7115K, committed 7424K, reserved 425984K
GC Heap History (20 events):
Event: 8.897 GC heap before
{Heap before GC invocations=6 (full 0):
 garbage-first heap   total 81920K, used 58407K [0x0000000080000000, 0x0000000100000000)
  region size 1024K, 37 young (37888K), 4 survivors (4096K)
 Metaspace       used 31071K, committed 31424K, reserved 491520K
  class space    used 4382K, committed 4544K, reserved 425984K
}
Event: 8.903 GC heap after
{Heap after GC invocations=7 (full 0):
 garbage-first heap   total 81920K, used 29249K [0x0000000080000000, 0x0000000100000000)
  region size 1024K, 4 young (4096K), 4 survivors (4096K)
 Metaspace       used 31071K, committed 31424K, reserved 491520K
  class space    used 4382K, committed 4544K, reserved 425984K
}
Event: 29.519 GC heap before
{Heap before GC invocations=7 (full 0):
 garbage-first heap   total 81920K, used 65089K [0x0000000080000000, 0x0000000100000000)
  region size 1024K, 35 young (35840K), 4 survivors (4096K)
 Metaspace       used 33345K, committed 33792K, reserved 491520K
  class space    used 4596K, committed 4800K, reserved 425984K
}
Event: 29.529 GC heap after
{Heap after GC invocations=8 (full 0):
 garbage-first heap   total 81920K, used 30956K [0x0000000080000000, 0x0000000100000000)
  region size 1024K, 3 young (3072K), 3 survivors (3072K)
 Metaspace       used 33345K, committed 33792K, reserved 491520K
  class space    used 4596K, committed 4800K, reserved 425984K
}
Event: 30.363 GC heap before
{Heap before GC invocations=8 (full 0):
 garbage-first heap   total 81920K, used 62700K [0x0000000080000000, 0x0000000100000000)
  region size 1024K, 34 young (34816K), 3 survivors (3072K)
 Metaspace       used 34977K, committed 35456K, reserved 491520K
  class space    used 4844K, committed 5056K, reserved 425984K
}
Event: 30.369 GC heap after
{Heap after GC invocations=9 (full 0):
 garbage-first heap   total 81920K, used 33000K [0x0000000080000000, 0x0000000100000000)
  region size 1024K, 2 young (2048K), 2 survivors (2048K)
 Metaspace       used 34977K, committed 35456K, reserved 491520K
  class space    used 4844K, committed 5056K, reserved 425984K
}
Event: 30.396 GC heap before
{Heap before GC invocations=9 (full 0):
 garbage-first heap   total 81920K, used 37096K [0x0000000080000000, 0x0000000100000000)
  region size 1024K, 5 young (5120K), 2 survivors (2048K)
 Metaspace       used 35737K, committed 36160K, reserved 491520K
  class space    used 4851K, committed 5056K, reserved 425984K
}
Event: 30.400 GC heap after
{Heap after GC invocations=10 (full 0):
 garbage-first heap   total 81920K, used 33986K [0x0000000080000000, 0x0000000100000000)
  region size 1024K, 2 young (2048K), 2 survivors (2048K)
 Metaspace       used 35737K, committed 36160K, reserved 491520K
  class space    used 4851K, committed 5056K, reserved 425984K
}
Event: 31.164 GC heap before
{Heap before GC invocations=11 (full 0):
 garbage-first heap   total 81920K, used 63682K [0x0000000080000000, 0x0000000100000000)
  region size 1024K, 31 young (31744K), 2 survivors (2048K)
 Metaspace       used 38873K, committed 39360K, reserved 491520K
  class space    used 5372K, committed 5568K, reserved 425984K
}
Event: 31.169 GC heap after
{Heap after GC invocations=12 (full 0):
 garbage-first heap   total 81920K, used 34422K [0x0000000080000000, 0x0000000100000000)
  region size 1024K, 4 young (4096K), 4 survivors (4096K)
 Metaspace       used 38873K, committed 39360K, reserved 491520K
  class space    used 5372K, committed 5568K, reserved 425984K
}
Event: 31.974 GC heap before
{Heap before GC invocations=12 (full 0):
 garbage-first heap   total 81920K, used 64118K [0x0000000080000000, 0x0000000100000000)
  region size 1024K, 33 young (33792K), 4 survivors (4096K)
 Metaspace       used 41871K, committed 42368K, reserved 491520K
  class space    used 5854K, committed 6080K, reserved 425984K
}
Event: 31.982 GC heap after
{Heap after GC invocations=13 (full 0):
 garbage-first heap   total 81920K, used 36135K [0x0000000080000000, 0x0000000100000000)
  region size 1024K, 4 young (4096K), 4 survivors (4096K)
 Metaspace       used 41871K, committed 42368K, reserved 491520K
  class space    used 5854K, committed 6080K, reserved 425984K
}
Event: 33.044 GC heap before
{Heap before GC invocations=13 (full 0):
 garbage-first heap   total 81920K, used 64807K [0x0000000080000000, 0x0000000100000000)
  region size 1024K, 32 young (32768K), 4 survivors (4096K)
 Metaspace       used 45335K, committed 45952K, reserved 491520K
  class space    used 6404K, committed 6720K, reserved 425984K
}
Event: 33.049 GC heap after
{Heap after GC invocations=14 (full 0):
 garbage-first heap   total 81920K, used 38038K [0x0000000080000000, 0x0000000100000000)
  region size 1024K, 4 young (4096K), 4 survivors (4096K)
 Metaspace       used 45335K, committed 45952K, reserved 491520K
  class space    used 6404K, committed 6720K, reserved 425984K
}
Event: 33.586 GC heap before
{Heap before GC invocations=14 (full 0):
 garbage-first heap   total 81920K, used 53398K [0x0000000080000000, 0x0000000100000000)
  region size 1024K, 18 young (18432K), 4 survivors (4096K)
 Metaspace       used 46554K, committed 47168K, reserved 491520K
  class space    used 6555K, committed 6848K, reserved 425984K
}
Event: 33.593 GC heap after
{Heap after GC invocations=15 (full 0):
 garbage-first heap   total 81920K, used 41624K [0x0000000080000000, 0x0000000100000000)
  region size 1024K, 4 young (4096K), 4 survivors (4096K)
 Metaspace       used 46554K, committed 47168K, reserved 491520K
  class space    used 6555K, committed 6848K, reserved 425984K
}
Event: 33.699 GC heap before
{Heap before GC invocations=16 (full 0):
 garbage-first heap   total 81920K, used 46744K [0x0000000080000000, 0x0000000100000000)
  region size 1024K, 8 young (8192K), 4 survivors (4096K)
 Metaspace       used 46675K, committed 47296K, reserved 491520K
  class space    used 6571K, committed 6848K, reserved 425984K
}
Event: 33.705 GC heap after
{Heap after GC invocations=17 (full 0):
 garbage-first heap   total 81920K, used 44360K [0x0000000080000000, 0x0000000100000000)
  region size 1024K, 3 young (3072K), 3 survivors (3072K)
 Metaspace       used 46675K, committed 47296K, reserved 491520K
  class space    used 6571K, committed 6848K, reserved 425984K
}
Event: 34.451 GC heap before
{Heap before GC invocations=18 (full 0):
 garbage-first heap   total 86016K, used 69960K [0x0000000080000000, 0x0000000100000000)
  region size 1024K, 24 young (24576K), 3 survivors (3072K)
 Metaspace       used 49227K, committed 49792K, reserved 491520K
  class space    used 6893K, committed 7168K, reserved 425984K
}
Event: 34.456 GC heap after
{Heap after GC invocations=19 (full 0):
 garbage-first heap   total 86016K, used 50801K [0x0000000080000000, 0x0000000100000000)
  region size 1024K, 3 young (3072K), 3 survivors (3072K)
 Metaspace       used 49227K, committed 49792K, reserved 491520K
  class space    used 6893K, committed 7168K, reserved 425984K
}

