# JRE version: OpenJDK Runtime Environment OpenLogic-OpenJDK (17.0.10+7) (build 17.0.10+7-adhoc..jdk17u)
# Java VM: OpenJDK 64-Bit Server VM OpenLogic-OpenJDK (17.0.10+7-adhoc..jdk17u, mixed mode, sharing, tiered, compressed oops, compressed class ptrs, g1 gc, windows-amd64)
GC Precious Log:
 CPUs: 4 total, 4 available
 Memory: 16309M
 Large Page Support: Disabled
 NUMA Support: Disabled
 Compressed Oops: Enabled (32-bit)
 Heap Region Size: 1M
 Heap Min Capacity: 8M
 Heap Initial Capacity: 256M
 Heap Max Capacity: 2G
 Pre-touch: Disabled
 Parallel Workers: 4
 Concurrent Workers: 1
 Concurrent Refinement Workers: 4
 Periodic GC: Disabled
Heap:
 garbage-first heap   total 497664K, used 345075K [0x0000000080000000, 0x0000000100000000)
  region size 1024K, 196 young (200704K), 5 survivors (5120K)
 Metaspace       used 101951K, committed 103104K, reserved 557056K
  class space    used 14269K, committed 14784K, reserved 425984K
GC Heap History (20 events):
Event: 35.571 GC heap before
{Heap before GC invocations=37 (full 0):
 garbage-first heap   total 224256K, used 165765K [0x0000000080000000, 0x0000000100000000)
  region size 1024K, 85 young (87040K), 7 survivors (7168K)
 Metaspace       used 79545K, committed 80320K, reserved 557056K
  class space    used 11003K, committed 11392K, reserved 425984K
}
Event: 35.580 GC heap after
{Heap after GC invocations=38 (full 0):
 garbage-first heap   total 224256K, used 92017K [0x0000000080000000, 0x0000000100000000)
  region size 1024K, 6 young (6144K), 6 survivors (6144K)
 Metaspace       used 79545K, committed 80320K, reserved 557056K
  class space    used 11003K, committed 11392K, reserved 425984K
}
Event: 36.457 GC heap before
{Heap before GC invocations=38 (full 0):
 garbage-first heap   total 224256K, used 170865K [0x0000000080000000, 0x0000000100000000)
  region size 1024K, 83 young (84992K), 6 survivors (6144K)
 Metaspace       used 84876K, committed 85696K, reserved 557056K
  class space    used 11908K, committed 12288K, reserved 425984K
}
Event: 36.463 GC heap after
{Heap after GC invocations=39 (full 0):
 garbage-first heap   total 224256K, used 94137K [0x0000000080000000, 0x0000000100000000)
  region size 1024K, 8 young (8192K), 8 survivors (8192K)
 Metaspace       used 84876K, committed 85696K, reserved 557056K
  class space    used 11908K, committed 12288K, reserved 425984K
}
Event: 38.265 GC heap before
{Heap before GC invocations=39 (full 0):
 garbage-first heap   total 224256K, used 177081K [0x0000000080000000, 0x0000000100000000)
  region size 1024K, 87 young (89088K), 8 survivors (8192K)
 Metaspace       used 89698K, committed 90496K, reserved 557056K
  class space    used 12555K, committed 12928K, reserved 425984K
}
Event: 38.287 GC heap after
{Heap after GC invocations=40 (full 0):
 garbage-first heap   total 224256K, used 106730K [0x0000000080000000, 0x0000000100000000)
  region size 1024K, 11 young (11264K), 11 survivors (11264K)
 Metaspace       used 89698K, committed 90496K, reserved 557056K
  class space    used 12555K, committed 12928K, reserved 425984K
}
Event: 39.210 GC heap before
{Heap before GC invocations=40 (full 0):
 garbage-first heap   total 224256K, used 144618K [0x0000000080000000, 0x0000000100000000)
  region size 1024K, 46 young (47104K), 11 survivors (11264K)
 Metaspace       used 90031K, committed 90880K, reserved 557056K
  class space    used 12571K, committed 12992K, reserved 425984K
}
Event: 39.224 GC heap after
{Heap after GC invocations=41 (full 0):
 garbage-first heap   total 224256K, used 120917K [0x0000000080000000, 0x0000000100000000)
  region size 1024K, 10 young (10240K), 10 survivors (10240K)
 Metaspace       used 90031K, committed 90880K, reserved 557056K
  class space    used 12571K, committed 12992K, reserved 425984K
}
Event: 40.273 GC heap before
{Heap before GC invocations=42 (full 0):
 garbage-first heap   total 224256K, used 176213K [0x0000000080000000, 0x0000000100000000)
  region size 1024K, 60 young (61440K), 10 survivors (10240K)
 Metaspace       used 91163K, committed 92096K, reserved 557056K
  class space    used 12768K, committed 13184K, reserved 425984K
}
Event: 40.283 GC heap after
{Heap after GC invocations=43 (full 0):
 garbage-first heap   total 224256K, used 135888K [0x0000000080000000, 0x0000000100000000)
  region size 1024K, 8 young (8192K), 8 survivors (8192K)
 Metaspace       used 91163K, committed 92096K, reserved 557056K
  class space    used 12768K, committed 13184K, reserved 425984K
}
Event: 40.303 GC heap before
{Heap before GC invocations=43 (full 0):
 garbage-first heap   total 224256K, used 137936K [0x0000000080000000, 0x0000000100000000)
  region size 1024K, 10 young (10240K), 8 survivors (8192K)
 Metaspace       used 91195K, committed 92160K, reserved 557056K
  class space    used 12771K, committed 13184K, reserved 425984K
}
Event: 40.315 GC heap after
{Heap after GC invocations=44 (full 0):
 garbage-first heap   total 224256K, used 137008K [0x0000000080000000, 0x0000000100000000)
  region size 1024K, 1 young (1024K), 1 survivors (1024K)
 Metaspace       used 91195K, committed 92160K, reserved 557056K
  class space    used 12771K, committed 13184K, reserved 425984K
}
Event: 41.067 GC heap before
{Heap before GC invocations=44 (full 0):
 garbage-first heap   total 224256K, used 177968K [0x0000000080000000, 0x0000000100000000)
  region size 1024K, 41 young (41984K), 1 survivors (1024K)
 Metaspace       used 93046K, committed 94080K, reserved 557056K
  class space    used 13010K, committed 13504K, reserved 425984K
}
Event: 41.072 GC heap after
{Heap after GC invocations=45 (full 0):
 garbage-first heap   total 224256K, used 140553K [0x0000000080000000, 0x0000000100000000)
  region size 1024K, 5 young (5120K), 5 survivors (5120K)
 Metaspace       used 93046K, committed 94080K, reserved 557056K
  class space    used 13010K, committed 13504K, reserved 425984K
}
Event: 42.081 GC heap before
{Heap before GC invocations=46 (full 0):
 garbage-first heap   total 240640K, used 179465K [0x0000000080000000, 0x0000000100000000)
  region size 1024K, 43 young (44032K), 5 survivors (5120K)
 Metaspace       used 95052K, committed 96128K, reserved 557056K
  class space    used 13314K, committed 13824K, reserved 425984K
}
Event: 42.089 GC heap after
{Heap after GC invocations=47 (full 0):
 garbage-first heap   total 240640K, used 142512K [0x0000000080000000, 0x0000000100000000)
  region size 1024K, 2 young (2048K), 2 survivors (2048K)
 Metaspace       used 95052K, committed 96128K, reserved 557056K
  class space    used 13314K, committed 13824K, reserved 425984K
}
Event: 42.213 GC heap before
{Heap before GC invocations=47 (full 0):
 garbage-first heap   total 240640K, used 151728K [0x0000000080000000, 0x0000000100000000)
  region size 1024K, 11 young (11264K), 2 survivors (2048K)
 Metaspace       used 95506K, committed 96576K, reserved 557056K
  class space    used 13379K, committed 13888K, reserved 425984K
}
Event: 42.218 GC heap after
{Heap after GC invocations=48 (full 0):
 garbage-first heap   total 240640K, used 142015K [0x0000000080000000, 0x0000000100000000)
  region size 1024K, 1 young (1024K), 1 survivors (1024K)
 Metaspace       used 95506K, committed 96576K, reserved 557056K
  class space    used 13379K, committed 13888K, reserved 425984K
}
Event: 42.853 GC heap before
{Heap before GC invocations=48 (full 0):
 garbage-first heap   total 240640K, used 193215K [0x0000000080000000, 0x0000000100000000)
  region size 1024K, 51 young (52224K), 1 survivors (1024K)
 Metaspace       used 97704K, committed 98752K, reserved 557056K
  class space    used 13670K, committed 14208K, reserved 425984K
}
Event: 42.861 GC heap after
{Heap after GC invocations=49 (full 0):
 garbage-first heap   total 497664K, used 146419K [0x0000000080000000, 0x0000000100000000)
  region size 1024K, 5 young (5120K), 5 survivors (5120K)
 Metaspace       used 97704K, committed 98752K, reserved 557056K
  class space    used 13670K, committed 14208K, reserved 425984K
}

