# JRE version: OpenJDK Runtime Environment OpenLogic-OpenJDK (17.0.10+7) (build 17.0.10+7-adhoc..jdk17u)
# Java VM: OpenJDK 64-Bit Server VM OpenLogic-OpenJDK (17.0.10+7-adhoc..jdk17u, mixed mode, sharing, tiered, compressed oops, compressed class ptrs, g1 gc, windows-amd64)
GC Precious Log:
 CPUs: 4 total, 4 available
 Memory: 16309M
 Large Page Support: Disabled
 NUMA Support: Disabled
 Compressed Oops: Enabled (32-bit)
 Heap Region Size: 1M
 Heap Min Capacity: 8M
 Heap Initial Capacity: 256M
 Heap Max Capacity: 2G
 Pre-touch: Disabled
 Parallel Workers: 4
 Concurrent Workers: 1
 Concurrent Refinement Workers: 4
 Periodic GC: Disabled
Heap:
 garbage-first heap   total 339968K, used 256658K [0x0000000080000000, 0x0000000100000000)
  region size 1024K, 51 young (52224K), 9 survivors (9216K)
 Metaspace       used 107154K, committed 108352K, reserved 557056K
  class space    used 14763K, committed 15296K, reserved 425984K
GC Heap History (20 events):
Event: 48.018 GC heap before
{Heap before GC invocations=52 (full 0):
 garbage-first heap   total 286720K, used 221226K [0x0000000080000000, 0x0000000100000000)
  region size 1024K, 122 young (124928K), 7 survivors (7168K)
 Metaspace       used 91050K, committed 91968K, reserved 557056K
  class space    used 12708K, committed 13120K, reserved 425984K
}
Event: 48.045 GC heap after
{Heap after GC invocations=53 (full 0):
 garbage-first heap   total 286720K, used 129069K [0x0000000080000000, 0x0000000100000000)
  region size 1024K, 16 young (16384K), 16 survivors (16384K)
 Metaspace       used 91050K, committed 91968K, reserved 557056K
  class space    used 12708K, committed 13120K, reserved 425984K
}
Event: 49.953 GC heap before
{Heap before GC invocations=53 (full 0):
 garbage-first heap   total 286720K, used 219181K [0x0000000080000000, 0x0000000100000000)
  region size 1024K, 102 young (104448K), 16 survivors (16384K)
 Metaspace       used 94299K, committed 95360K, reserved 557056K
  class space    used 13172K, committed 13696K, reserved 425984K
}
Event: 49.992 GC heap after
{Heap after GC invocations=54 (full 0):
 garbage-first heap   total 286720K, used 144192K [0x0000000080000000, 0x0000000100000000)
  region size 1024K, 12 young (12288K), 12 survivors (12288K)
 Metaspace       used 94299K, committed 95360K, reserved 557056K
  class space    used 13172K, committed 13696K, reserved 425984K
}
Event: 52.049 GC heap before
{Heap before GC invocations=54 (full 0):
 garbage-first heap   total 286720K, used 222016K [0x0000000080000000, 0x0000000100000000)
  region size 1024K, 88 young (90112K), 12 survivors (12288K)
 Metaspace       used 98165K, committed 99328K, reserved 557056K
  class space    used 13719K, committed 14272K, reserved 425984K
}
Event: 52.067 GC heap after
{Heap after GC invocations=55 (full 0):
 garbage-first heap   total 286720K, used 148810K [0x0000000080000000, 0x0000000100000000)
  region size 1024K, 6 young (6144K), 6 survivors (6144K)
 Metaspace       used 98165K, committed 99328K, reserved 557056K
  class space    used 13719K, committed 14272K, reserved 425984K
}
Event: 53.345 GC heap before
{Heap before GC invocations=55 (full 0):
 garbage-first heap   total 286720K, used 226634K [0x0000000080000000, 0x0000000100000000)
  region size 1024K, 82 young (83968K), 6 survivors (6144K)
 Metaspace       used 98455K, committed 99520K, reserved 557056K
  class space    used 13744K, committed 14272K, reserved 425984K
}
Event: 53.365 GC heap after
{Heap after GC invocations=56 (full 0):
 garbage-first heap   total 286720K, used 162161K [0x0000000080000000, 0x0000000100000000)
  region size 1024K, 11 young (11264K), 11 survivors (11264K)
 Metaspace       used 98455K, committed 99520K, reserved 557056K
  class space    used 13744K, committed 14272K, reserved 425984K
}
Event: 55.168 GC heap before
{Heap before GC invocations=56 (full 0):
 garbage-first heap   total 286720K, used 229745K [0x0000000080000000, 0x0000000100000000)
  region size 1024K, 76 young (77824K), 11 survivors (11264K)
 Metaspace       used 99117K, committed 100352K, reserved 557056K
  class space    used 13822K, committed 14400K, reserved 425984K
}
Event: 55.195 GC heap after
{Heap after GC invocations=57 (full 0):
 garbage-first heap   total 286720K, used 175366K [0x0000000080000000, 0x0000000100000000)
  region size 1024K, 10 young (10240K), 10 survivors (10240K)
 Metaspace       used 99117K, committed 100352K, reserved 557056K
  class space    used 13822K, committed 14400K, reserved 425984K
}
Event: 56.538 GC heap before
{Heap before GC invocations=57 (full 0):
 garbage-first heap   total 286720K, used 235782K [0x0000000080000000, 0x0000000100000000)
  region size 1024K, 65 young (66560K), 10 survivors (10240K)
 Metaspace       used 99567K, committed 100736K, reserved 557056K
  class space    used 13868K, committed 14400K, reserved 425984K
}
Event: 56.560 GC heap after
{Heap after GC invocations=58 (full 0):
 garbage-first heap   total 286720K, used 192384K [0x0000000080000000, 0x0000000100000000)
  region size 1024K, 9 young (9216K), 9 survivors (9216K)
 Metaspace       used 99567K, committed 100736K, reserved 557056K
  class space    used 13868K, committed 14400K, reserved 425984K
}
Event: 58.370 GC heap before
{Heap before GC invocations=58 (full 0):
 garbage-first heap   total 286720K, used 236416K [0x0000000080000000, 0x0000000100000000)
  region size 1024K, 52 young (53248K), 9 survivors (9216K)
 Metaspace       used 102965K, committed 104128K, reserved 557056K
  class space    used 14368K, committed 14912K, reserved 425984K
}
Event: 58.388 GC heap after
{Heap after GC invocations=59 (full 0):
 garbage-first heap   total 286720K, used 197326K [0x0000000080000000, 0x0000000100000000)
  region size 1024K, 4 young (4096K), 4 survivors (4096K)
 Metaspace       used 102965K, committed 104128K, reserved 557056K
  class space    used 14368K, committed 14912K, reserved 425984K
}
Event: 60.586 GC heap before
{Heap before GC invocations=60 (full 0):
 garbage-first heap   total 339968K, used 240334K [0x0000000080000000, 0x0000000100000000)
  region size 1024K, 46 young (47104K), 4 survivors (4096K)
 Metaspace       used 104211K, committed 105408K, reserved 557056K
  class space    used 14520K, committed 15104K, reserved 425984K
}
Event: 60.606 GC heap after
{Heap after GC invocations=61 (full 0):
 garbage-first heap   total 339968K, used 203648K [0x0000000080000000, 0x0000000100000000)
  region size 1024K, 6 young (6144K), 6 survivors (6144K)
 Metaspace       used 104211K, committed 105408K, reserved 557056K
  class space    used 14520K, committed 15104K, reserved 425984K
}
Event: 60.776 GC heap before
{Heap before GC invocations=61 (full 0):
 garbage-first heap   total 339968K, used 213888K [0x0000000080000000, 0x0000000100000000)
  region size 1024K, 16 young (16384K), 6 survivors (6144K)
 Metaspace       used 104344K, committed 105600K, reserved 557056K
  class space    used 14531K, committed 15104K, reserved 425984K
}
Event: 60.792 GC heap after
{Heap after GC invocations=62 (full 0):
 garbage-first heap   total 339968K, used 203669K [0x0000000080000000, 0x0000000100000000)
  region size 1024K, 2 young (2048K), 2 survivors (2048K)
 Metaspace       used 104344K, committed 105600K, reserved 557056K
  class space    used 14531K, committed 15104K, reserved 425984K
}
Event: 64.677 GC heap before
{Heap before GC invocations=62 (full 0):
 garbage-first heap   total 339968K, used 276373K [0x0000000080000000, 0x0000000100000000)
  region size 1024K, 73 young (74752K), 2 survivors (2048K)
 Metaspace       used 104796K, committed 105984K, reserved 557056K
  class space    used 14554K, committed 15104K, reserved 425984K
}
Event: 64.693 GC heap after
{Heap after GC invocations=63 (full 0):
 garbage-first heap   total 339968K, used 210578K [0x0000000080000000, 0x0000000100000000)
  region size 1024K, 9 young (9216K), 9 survivors (9216K)
 Metaspace       used 104796K, committed 105984K, reserved 557056K
  class space    used 14554K, committed 15104K, reserved 425984K
}

