# JRE version: OpenJDK Runtime Environment OpenLogic-OpenJDK (17.0.10+7) (build 17.0.10+7-adhoc..jdk17u)
# Java VM: OpenJDK 64-Bit Server VM OpenLogic-OpenJDK (17.0.10+7-adhoc..jdk17u, mixed mode, sharing, tiered, compressed oops, compressed class ptrs, g1 gc, windows-amd64)
GC Precious Log:
 CPUs: 4 total, 4 available
 Memory: 16309M
 Large Page Support: Disabled
 NUMA Support: Disabled
 Compressed Oops: Enabled (32-bit)
 Heap Region Size: 1M
 Heap Min Capacity: 8M
 Heap Initial Capacity: 256M
 Heap Max Capacity: 2G
 Pre-touch: Disabled
 Parallel Workers: 4
 Concurrent Workers: 1
 Concurrent Refinement Workers: 4
 Periodic GC: Disabled
Heap:
 garbage-first heap   total 198656K, used 96153K [0x0000000080000000, 0x0000000100000000)
  region size 1024K, 13 young (13312K), 8 survivors (8192K)
 Metaspace       used 81261K, committed 81984K, reserved 557056K
  class space    used 11253K, committed 11584K, reserved 425984K
GC Heap History (20 events):
Event: 23.452 GC heap before
{Heap before GC invocations=28 (full 0):
 garbage-first heap   total 114688K, used 90043K [0x0000000080000000, 0x0000000100000000)
  region size 1024K, 31 young (31744K), 4 survivors (4096K)
 Metaspace       used 63074K, committed 63744K, reserved 491520K
  class space    used 8931K, committed 9280K, reserved 425984K
}
Event: 23.462 GC heap after
{Heap after GC invocations=29 (full 0):
 garbage-first heap   total 114688K, used 65149K [0x0000000080000000, 0x0000000100000000)
  region size 1024K, 4 young (4096K), 4 survivors (4096K)
 Metaspace       used 63074K, committed 63744K, reserved 491520K
  class space    used 8931K, committed 9280K, reserved 425984K
}
Event: 23.978 GC heap before
{Heap before GC invocations=29 (full 0):
 garbage-first heap   total 114688K, used 92797K [0x0000000080000000, 0x0000000100000000)
  region size 1024K, 32 young (32768K), 4 survivors (4096K)
 Metaspace       used 64534K, committed 65280K, reserved 491520K
  class space    used 9165K, committed 9536K, reserved 425984K
}
Event: 23.986 GC heap after
{Heap after GC invocations=30 (full 0):
 garbage-first heap   total 114688K, used 67631K [0x0000000080000000, 0x0000000100000000)
  region size 1024K, 3 young (3072K), 3 survivors (3072K)
 Metaspace       used 64534K, committed 65280K, reserved 491520K
  class space    used 9165K, committed 9536K, reserved 425984K
}
Event: 24.105 GC heap before
{Heap before GC invocations=31 (full 0):
 garbage-first heap   total 116736K, used 67631K [0x0000000080000000, 0x0000000100000000)
  region size 1024K, 4 young (4096K), 3 survivors (3072K)
 Metaspace       used 64558K, committed 65280K, reserved 491520K
  class space    used 9168K, committed 9536K, reserved 425984K
}
Event: 24.108 GC heap after
{Heap after GC invocations=32 (full 0):
 garbage-first heap   total 116736K, used 68327K [0x0000000080000000, 0x0000000100000000)
  region size 1024K, 1 young (1024K), 1 survivors (1024K)
 Metaspace       used 64558K, committed 65280K, reserved 491520K
  class space    used 9168K, committed 9536K, reserved 425984K
}
Event: 25.471 GC heap before
{Heap before GC invocations=33 (full 0):
 garbage-first heap   total 121856K, used 99047K [0x0000000080000000, 0x0000000100000000)
  region size 1024K, 27 young (27648K), 1 survivors (1024K)
 Metaspace       used 65836K, committed 66560K, reserved 491520K
  class space    used 9326K, committed 9664K, reserved 425984K
}
Event: 25.474 GC heap after
{Heap after GC invocations=34 (full 0):
 garbage-first heap   total 121856K, used 79416K [0x0000000080000000, 0x0000000100000000)
  region size 1024K, 4 young (4096K), 4 survivors (4096K)
 Metaspace       used 65836K, committed 66560K, reserved 491520K
  class space    used 9326K, committed 9664K, reserved 425984K
}
Event: 25.497 GC heap before
{Heap before GC invocations=34 (full 0):
 garbage-first heap   total 121856K, used 80440K [0x0000000080000000, 0x0000000100000000)
  region size 1024K, 5 young (5120K), 4 survivors (4096K)
 Metaspace       used 65928K, committed 66688K, reserved 491520K
  class space    used 9339K, committed 9664K, reserved 425984K
}
Event: 25.500 GC heap after
{Heap after GC invocations=35 (full 0):
 garbage-first heap   total 121856K, used 78234K [0x0000000080000000, 0x0000000100000000)
  region size 1024K, 1 young (1024K), 1 survivors (1024K)
 Metaspace       used 65928K, committed 66688K, reserved 491520K
  class space    used 9339K, committed 9664K, reserved 425984K
}
Event: 25.711 GC heap before
{Heap before GC invocations=35 (full 0):
 garbage-first heap   total 121856K, used 98714K [0x0000000080000000, 0x0000000100000000)
  region size 1024K, 22 young (22528K), 1 survivors (1024K)
 Metaspace       used 67836K, committed 68544K, reserved 491520K
  class space    used 9539K, committed 9856K, reserved 425984K
}
Event: 25.712 GC heap after
{Heap after GC invocations=36 (full 0):
 garbage-first heap   total 121856K, used 78794K [0x0000000080000000, 0x0000000100000000)
  region size 1024K, 1 young (1024K), 1 survivors (1024K)
 Metaspace       used 67836K, committed 68544K, reserved 491520K
  class space    used 9539K, committed 9856K, reserved 425984K
}
Event: 25.960 GC heap before
{Heap before GC invocations=37 (full 0):
 garbage-first heap   total 147456K, used 99274K [0x0000000080000000, 0x0000000100000000)
  region size 1024K, 22 young (22528K), 1 survivors (1024K)
 Metaspace       used 69688K, committed 70400K, reserved 491520K
  class space    used 9732K, committed 10048K, reserved 425984K
}
Event: 25.963 GC heap after
{Heap after GC invocations=38 (full 0):
 garbage-first heap   total 147456K, used 79360K [0x0000000080000000, 0x0000000100000000)
  region size 1024K, 2 young (2048K), 2 survivors (2048K)
 Metaspace       used 69688K, committed 70400K, reserved 491520K
  class space    used 9732K, committed 10048K, reserved 425984K
}
Event: 26.058 GC heap before
{Heap before GC invocations=38 (full 0):
 garbage-first heap   total 147456K, used 84480K [0x0000000080000000, 0x0000000100000000)
  region size 1024K, 7 young (7168K), 2 survivors (2048K)
 Metaspace       used 70075K, committed 70784K, reserved 491520K
  class space    used 9782K, committed 10112K, reserved 425984K
}
Event: 26.061 GC heap after
{Heap after GC invocations=39 (full 0):
 garbage-first heap   total 198656K, used 79179K [0x0000000080000000, 0x0000000100000000)
  region size 1024K, 1 young (1024K), 1 survivors (1024K)
 Metaspace       used 70075K, committed 70784K, reserved 491520K
  class space    used 9782K, committed 10112K, reserved 425984K
}
Event: 27.040 GC heap before
{Heap before GC invocations=39 (full 0):
 garbage-first heap   total 198656K, used 149835K [0x0000000080000000, 0x0000000100000000)
  region size 1024K, 64 young (65536K), 1 survivors (1024K)
 Metaspace       used 74690K, committed 75392K, reserved 491520K
  class space    used 10357K, committed 10688K, reserved 425984K
}
Event: 27.045 GC heap after
{Heap after GC invocations=40 (full 0):
 garbage-first heap   total 198656K, used 84637K [0x0000000080000000, 0x0000000100000000)
  region size 1024K, 6 young (6144K), 6 survivors (6144K)
 Metaspace       used 74690K, committed 75392K, reserved 491520K
  class space    used 10357K, committed 10688K, reserved 425984K
}
Event: 27.624 GC heap before
{Heap before GC invocations=40 (full 0):
 garbage-first heap   total 198656K, used 147101K [0x0000000080000000, 0x0000000100000000)
  region size 1024K, 68 young (69632K), 6 survivors (6144K)
 Metaspace       used 77829K, committed 78528K, reserved 557056K
  class space    used 10781K, committed 11072K, reserved 425984K
}
Event: 27.630 GC heap after
{Heap after GC invocations=41 (full 0):
 garbage-first heap   total 198656K, used 88615K [0x0000000080000000, 0x0000000100000000)
  region size 1024K, 4 young (4096K), 4 survivors (4096K)
 Metaspace       used 77829K, committed 78528K, reserved 557056K
  class space    used 10781K, committed 11072K, reserved 425984K
}

