# JRE version: OpenJDK Runtime Environment OpenLogic-OpenJDK (17.0.10+7) (build 17.0.10+7-adhoc..jdk17u)
# Java VM: OpenJDK 64-Bit Server VM OpenLogic-OpenJDK (17.0.10+7-adhoc..jdk17u, mixed mode, sharing, tiered, compressed oops, compressed class ptrs, g1 gc, windows-amd64)
GC Precious Log:
 CPUs: 4 total, 4 available
 Memory: 16309M
 Large Page Support: Disabled
 NUMA Support: Disabled
 Compressed Oops: Enabled (32-bit)
 Heap Region Size: 1M
 Heap Min Capacity: 8M
 Heap Initial Capacity: 256M
 Heap Max Capacity: 2G
 Pre-touch: Disabled
 Parallel Workers: 4
 Concurrent Workers: 1
 Concurrent Refinement Workers: 4
 Periodic GC: Disabled
Heap:
 garbage-first heap   total 107520K, used 65747K [0x0000000080000000, 0x0000000100000000)
  region size 1024K, 9 young (9216K), 4 survivors (4096K)
 Metaspace       used 60753K, committed 61376K, reserved 491520K
  class space    used 8577K, committed 8832K, reserved 425984K
GC Heap History (20 events):
Event: 17.045 GC heap before
{Heap before GC invocations=11 (full 0):
 garbage-first heap   total 86016K, used 66810K [0x0000000080000000, 0x0000000100000000)
  region size 1024K, 35 young (35840K), 3 survivors (3072K)
 Metaspace       used 42413K, committed 42944K, reserved 491520K
  class space    used 5924K, committed 6144K, reserved 425984K
}
Event: 17.050 GC heap after
{Heap after GC invocations=12 (full 0):
 garbage-first heap   total 86016K, used 35999K [0x0000000080000000, 0x0000000100000000)
  region size 1024K, 4 young (4096K), 4 survivors (4096K)
 Metaspace       used 42413K, committed 42944K, reserved 491520K
  class space    used 5924K, committed 6144K, reserved 425984K
}
Event: 17.978 GC heap before
{Heap before GC invocations=12 (full 0):
 garbage-first heap   total 86016K, used 67743K [0x0000000080000000, 0x0000000100000000)
  region size 1024K, 35 young (35840K), 4 survivors (4096K)
 Metaspace       used 46147K, committed 46720K, reserved 491520K
  class space    used 6518K, committed 6784K, reserved 425984K
}
Event: 17.983 GC heap after
{Heap after GC invocations=13 (full 0):
 garbage-first heap   total 86016K, used 38052K [0x0000000080000000, 0x0000000100000000)
  region size 1024K, 4 young (4096K), 4 survivors (4096K)
 Metaspace       used 46147K, committed 46720K, reserved 491520K
  class space    used 6518K, committed 6784K, reserved 425984K
}
Event: 18.306 GC heap before
{Heap before GC invocations=13 (full 0):
 garbage-first heap   total 86016K, used 51364K [0x0000000080000000, 0x0000000100000000)
  region size 1024K, 14 young (14336K), 4 survivors (4096K)
 Metaspace       used 46597K, committed 47232K, reserved 491520K
  class space    used 6568K, committed 6848K, reserved 425984K
}
Event: 18.314 GC heap after
{Heap after GC invocations=14 (full 0):
 garbage-first heap   total 86016K, used 44144K [0x0000000080000000, 0x0000000100000000)
  region size 1024K, 4 young (4096K), 4 survivors (4096K)
 Metaspace       used 46597K, committed 47232K, reserved 491520K
  class space    used 6568K, committed 6848K, reserved 425984K
}
Event: 18.966 GC heap before
{Heap before GC invocations=15 (full 0):
 garbage-first heap   total 86016K, used 71792K [0x0000000080000000, 0x0000000100000000)
  region size 1024K, 28 young (28672K), 4 survivors (4096K)
 Metaspace       used 49342K, committed 49984K, reserved 491520K
  class space    used 6918K, committed 7232K, reserved 425984K
}
Event: 18.971 GC heap after
{Heap after GC invocations=16 (full 0):
 garbage-first heap   total 86016K, used 50172K [0x0000000080000000, 0x0000000100000000)
  region size 1024K, 4 young (4096K), 4 survivors (4096K)
 Metaspace       used 49342K, committed 49984K, reserved 491520K
  class space    used 6918K, committed 7232K, reserved 425984K
}
Event: 19.481 GC heap before
{Heap before GC invocations=16 (full 0):
 garbage-first heap   total 86016K, used 69628K [0x0000000080000000, 0x0000000100000000)
  region size 1024K, 23 young (23552K), 4 survivors (4096K)
 Metaspace       used 51220K, committed 51840K, reserved 491520K
  class space    used 7232K, committed 7488K, reserved 425984K
}
Event: 19.485 GC heap after
{Heap after GC invocations=17 (full 0):
 garbage-first heap   total 103424K, used 51180K [0x0000000080000000, 0x0000000100000000)
  region size 1024K, 1 young (1024K), 1 survivors (1024K)
 Metaspace       used 51220K, committed 51840K, reserved 491520K
  class space    used 7232K, committed 7488K, reserved 425984K
}
Event: 19.653 GC heap before
{Heap before GC invocations=18 (full 0):
 garbage-first heap   total 103424K, used 58348K [0x0000000080000000, 0x0000000100000000)
  region size 1024K, 9 young (9216K), 1 survivors (1024K)
 Metaspace       used 51902K, committed 52480K, reserved 491520K
  class space    used 7355K, committed 7616K, reserved 425984K
}
Event: 19.656 GC heap after
{Heap after GC invocations=19 (full 0):
 garbage-first heap   total 103424K, used 51524K [0x0000000080000000, 0x0000000100000000)
  region size 1024K, 2 young (2048K), 2 survivors (2048K)
 Metaspace       used 51902K, committed 52480K, reserved 491520K
  class space    used 7355K, committed 7616K, reserved 425984K
}
Event: 20.322 GC heap before
{Heap before GC invocations=20 (full 0):
 garbage-first heap   total 103424K, used 84292K [0x0000000080000000, 0x0000000100000000)
  region size 1024K, 30 young (30720K), 2 survivors (2048K)
 Metaspace       used 53959K, committed 54592K, reserved 491520K
  class space    used 7616K, committed 7936K, reserved 425984K
}
Event: 20.326 GC heap after
{Heap after GC invocations=21 (full 0):
 garbage-first heap   total 103424K, used 56678K [0x0000000080000000, 0x0000000100000000)
  region size 1024K, 3 young (3072K), 3 survivors (3072K)
 Metaspace       used 53959K, committed 54592K, reserved 491520K
  class space    used 7616K, committed 7936K, reserved 425984K
}
Event: 20.814 GC heap before
{Heap before GC invocations=21 (full 0):
 garbage-first heap   total 103424K, used 83302K [0x0000000080000000, 0x0000000100000000)
  region size 1024K, 29 young (29696K), 3 survivors (3072K)
 Metaspace       used 56562K, committed 57152K, reserved 491520K
  class space    used 7992K, committed 8256K, reserved 425984K
}
Event: 20.818 GC heap after
{Heap after GC invocations=22 (full 0):
 garbage-first heap   total 103424K, used 57798K [0x0000000080000000, 0x0000000100000000)
  region size 1024K, 3 young (3072K), 3 survivors (3072K)
 Metaspace       used 56562K, committed 57152K, reserved 491520K
  class space    used 7992K, committed 8256K, reserved 425984K
}
Event: 21.365 GC heap before
{Heap before GC invocations=23 (full 0):
 garbage-first heap   total 106496K, used 83398K [0x0000000080000000, 0x0000000100000000)
  region size 1024K, 29 young (29696K), 3 survivors (3072K)
 Metaspace       used 58705K, committed 59328K, reserved 491520K
  class space    used 8258K, committed 8512K, reserved 425984K
}
Event: 21.369 GC heap after
{Heap after GC invocations=24 (full 0):
 garbage-first heap   total 106496K, used 59490K [0x0000000080000000, 0x0000000100000000)
  region size 1024K, 3 young (3072K), 3 survivors (3072K)
 Metaspace       used 58705K, committed 59328K, reserved 491520K
  class space    used 8258K, committed 8512K, reserved 425984K
}
Event: 21.885 GC heap before
{Heap before GC invocations=24 (full 0):
 garbage-first heap   total 106496K, used 86114K [0x0000000080000000, 0x0000000100000000)
  region size 1024K, 30 young (30720K), 3 survivors (3072K)
 Metaspace       used 60448K, committed 61120K, reserved 491520K
  class space    used 8530K, committed 8832K, reserved 425984K
}
Event: 21.890 GC heap after
{Heap after GC invocations=25 (full 0):
 garbage-first heap   total 106496K, used 61651K [0x0000000080000000, 0x0000000100000000)
  region size 1024K, 4 young (4096K), 4 survivors (4096K)
 Metaspace       used 60448K, committed 61120K, reserved 491520K
  class space    used 8530K, committed 8832K, reserved 425984K
}

