# JRE version: OpenJDK Runtime Environment OpenLogic-OpenJDK (17.0.10+7) (build 17.0.10+7-adhoc..jdk17u)
# Java VM: OpenJDK 64-Bit Server VM OpenLogic-OpenJDK (17.0.10+7-adhoc..jdk17u, mixed mode, sharing, tiered, compressed oops, compressed class ptrs, g1 gc, windows-amd64)
GC Precious Log:
 CPUs: 4 total, 4 available
 Memory: 16309M
 Large Page Support: Disabled
 NUMA Support: Disabled
 Compressed Oops: Enabled (32-bit)
 Heap Region Size: 1M
 Heap Min Capacity: 8M
 Heap Initial Capacity: 256M
 Heap Max Capacity: 2G
 Pre-touch: Disabled
 Parallel Workers: 4
 Concurrent Workers: 1
 Concurrent Refinement Workers: 4
 Periodic GC: Disabled
Heap:
 garbage-first heap   total 81920K, used 56642K [0x0000000080000000, 0x0000000100000000)
  region size 1024K, 27 young (27648K), 4 survivors (4096K)
 Metaspace       used 33006K, committed 33408K, reserved 491520K
  class space    used 4539K, committed 4736K, reserved 425984K
GC Heap History (14 events):
Event: 0.676 GC heap before
{Heap before GC invocations=0 (full 0):
 garbage-first heap   total 262144K, used 13312K [0x0000000080000000, 0x0000000100000000)
  region size 1024K, 13 young (13312K), 0 survivors (0K)
 Metaspace       used 1023K, committed 1152K, reserved 491520K
  class space    used 79K, committed 128K, reserved 425984K
}
Event: 0.682 GC heap after
{Heap after GC invocations=1 (full 0):
 garbage-first heap   total 262144K, used 3337K [0x0000000080000000, 0x0000000100000000)
  region size 1024K, 2 young (2048K), 2 survivors (2048K)
 Metaspace       used 1023K, committed 1152K, reserved 491520K
  class space    used 79K, committed 128K, reserved 425984K
}
Event: 1.429 GC heap before
{Heap before GC invocations=1 (full 0):
 garbage-first heap   total 262144K, used 21769K [0x0000000080000000, 0x0000000100000000)
  region size 1024K, 17 young (17408K), 2 survivors (2048K)
 Metaspace       used 3893K, committed 4032K, reserved 491520K
  class space    used 487K, committed 576K, reserved 425984K
}
Event: 1.433 GC heap after
{Heap after GC invocations=2 (full 0):
 garbage-first heap   total 262144K, used 10637K [0x0000000080000000, 0x0000000100000000)
  region size 1024K, 3 young (3072K), 3 survivors (3072K)
 Metaspace       used 3893K, committed 4032K, reserved 491520K
  class space    used 487K, committed 576K, reserved 425984K
}
Event: 2.332 GC heap before
{Heap before GC invocations=2 (full 0):
 garbage-first heap   total 262144K, used 33165K [0x0000000080000000, 0x0000000100000000)
  region size 1024K, 25 young (25600K), 3 survivors (3072K)
 Metaspace       used 4041K, committed 4224K, reserved 491520K
  class space    used 490K, committed 576K, reserved 425984K
}
Event: 2.335 GC heap after
{Heap after GC invocations=3 (full 0):
 garbage-first heap   total 262144K, used 12552K [0x0000000080000000, 0x0000000100000000)
  region size 1024K, 2 young (2048K), 2 survivors (2048K)
 Metaspace       used 4041K, committed 4224K, reserved 491520K
  class space    used 490K, committed 576K, reserved 425984K
}
Event: 6.396 GC heap before
{Heap before GC invocations=3 (full 0):
 garbage-first heap   total 262144K, used 126216K [0x0000000080000000, 0x0000000100000000)
  region size 1024K, 114 young (116736K), 2 survivors (2048K)
 Metaspace       used 21158K, committed 21504K, reserved 491520K
  class space    used 3123K, committed 3328K, reserved 425984K
}
Event: 6.406 GC heap after
{Heap after GC invocations=4 (full 0):
 garbage-first heap   total 262144K, used 22862K [0x0000000080000000, 0x0000000100000000)
  region size 1024K, 12 young (12288K), 12 survivors (12288K)
 Metaspace       used 21158K, committed 21504K, reserved 491520K
  class space    used 3123K, committed 3328K, reserved 425984K
}
Event: 7.726 GC heap before
{Heap before GC invocations=5 (full 0):
 garbage-first heap   total 81920K, used 59726K [0x0000000080000000, 0x0000000100000000)
  region size 1024K, 48 young (49152K), 12 survivors (12288K)
 Metaspace       used 27766K, committed 28096K, reserved 491520K
  class space    used 3944K, committed 4096K, reserved 425984K
}
Event: 7.736 GC heap after
{Heap after GC invocations=6 (full 0):
 garbage-first heap   total 81920K, used 25715K [0x0000000080000000, 0x0000000100000000)
  region size 1024K, 4 young (4096K), 4 survivors (4096K)
 Metaspace       used 27766K, committed 28096K, reserved 491520K
  class space    used 3944K, committed 4096K, reserved 425984K
}
Event: 7.774 GC heap before
{Heap before GC invocations=6 (full 0):
 garbage-first heap   total 81920K, used 25715K [0x0000000080000000, 0x0000000100000000)
  region size 1024K, 5 young (5120K), 4 survivors (4096K)
 Metaspace       used 27927K, committed 28224K, reserved 491520K
  class space    used 3971K, committed 4096K, reserved 425984K
}
Event: 7.778 GC heap after
{Heap after GC invocations=7 (full 0):
 garbage-first heap   total 81920K, used 25972K [0x0000000080000000, 0x0000000100000000)
  region size 1024K, 1 young (1024K), 1 survivors (1024K)
 Metaspace       used 27927K, committed 28224K, reserved 491520K
  class space    used 3971K, committed 4096K, reserved 425984K
}
Event: 8.983 GC heap before
{Heap before GC invocations=7 (full 0):
 garbage-first heap   total 81920K, used 60788K [0x0000000080000000, 0x0000000100000000)
  region size 1024K, 36 young (36864K), 1 survivors (1024K)
 Metaspace       used 31226K, committed 31616K, reserved 491520K
  class space    used 4396K, committed 4608K, reserved 425984K
}
Event: 8.991 GC heap after
{Heap after GC invocations=8 (full 0):
 garbage-first heap   total 81920K, used 28994K [0x0000000080000000, 0x0000000100000000)
  region size 1024K, 4 young (4096K), 4 survivors (4096K)
 Metaspace       used 31226K, committed 31616K, reserved 491520K
  class space    used 4396K, committed 4608K, reserved 425984K
}

