# JRE version: OpenJDK Runtime Environment OpenLogic-OpenJDK (17.0.10+7) (build 17.0.10+7-adhoc..jdk17u)
# Java VM: OpenJDK 64-Bit Server VM OpenLogic-OpenJDK (17.0.10+7-adhoc..jdk17u, mixed mode, sharing, tiered, compressed oops, compressed class ptrs, g1 gc, windows-amd64)
GC Precious Log:
 CPUs: 4 total, 4 available
 Memory: 16309M
 Large Page Support: Disabled
 NUMA Support: Disabled
 Compressed Oops: Enabled (32-bit)
 Heap Region Size: 1M
 Heap Min Capacity: 8M
 Heap Initial Capacity: 256M
 Heap Max Capacity: 2G
 Pre-touch: Disabled
 Parallel Workers: 4
 Concurrent Workers: 1
 Concurrent Refinement Workers: 4
 Periodic GC: Disabled
Heap:
 garbage-first heap   total 337920K, used 270439K [0x0000000080000000, 0x0000000100000000)
  region size 1024K, 91 young (93184K), 15 survivors (15360K)
 Metaspace       used 115194K, committed 116416K, reserved 557056K
  class space    used 15874K, committed 16384K, reserved 425984K
GC Heap History (20 events):
Event: 70.147 GC heap before
{Heap before GC invocations=58 (full 0):
 garbage-first heap   total 337920K, used 258540K [0x0000000080000000, 0x0000000100000000)
  region size 1024K, 158 young (161792K), 2 survivors (2048K)
 Metaspace       used 89990K, committed 90816K, reserved 557056K
  class space    used 12567K, committed 12928K, reserved 425984K
}
Event: 70.165 GC heap after
{Heap after GC invocations=59 (full 0):
 garbage-first heap   total 337920K, used 114075K [0x0000000080000000, 0x0000000100000000)
  region size 1024K, 18 young (18432K), 18 survivors (18432K)
 Metaspace       used 89990K, committed 90816K, reserved 557056K
  class space    used 12567K, committed 12928K, reserved 425984K
}
Event: 77.399 GC heap before
{Heap before GC invocations=59 (full 0):
 garbage-first heap   total 337920K, used 263579K [0x0000000080000000, 0x0000000100000000)
  region size 1024K, 160 young (163840K), 18 survivors (18432K)
 Metaspace       used 102435K, committed 103360K, reserved 557056K
  class space    used 14152K, committed 14592K, reserved 425984K
}
Event: 77.424 GC heap after
{Heap after GC invocations=60 (full 0):
 garbage-first heap   total 337920K, used 135137K [0x0000000080000000, 0x0000000100000000)
  region size 1024K, 17 young (17408K), 17 survivors (17408K)
 Metaspace       used 102435K, committed 103360K, reserved 557056K
  class space    used 14152K, committed 14592K, reserved 425984K
}
Event: 81.311 GC heap before
{Heap before GC invocations=60 (full 0):
 garbage-first heap   total 337920K, used 262113K [0x0000000080000000, 0x0000000100000000)
  region size 1024K, 142 young (145408K), 17 survivors (17408K)
 Metaspace       used 103120K, committed 104000K, reserved 557056K
  class space    used 14178K, committed 14592K, reserved 425984K
}
Event: 81.320 GC heap after
{Heap after GC invocations=61 (full 0):
 garbage-first heap   total 337920K, used 137477K [0x0000000080000000, 0x0000000100000000)
  region size 1024K, 2 young (2048K), 2 survivors (2048K)
 Metaspace       used 103120K, committed 104000K, reserved 557056K
  class space    used 14178K, committed 14592K, reserved 425984K
}
Event: 83.176 GC heap before
{Heap before GC invocations=61 (full 0):
 garbage-first heap   total 337920K, used 269573K [0x0000000080000000, 0x0000000100000000)
  region size 1024K, 132 young (135168K), 2 survivors (2048K)
 Metaspace       used 103144K, committed 104000K, reserved 557056K
  class space    used 14178K, committed 14592K, reserved 425984K
}
Event: 83.179 GC heap after
{Heap after GC invocations=62 (full 0):
 garbage-first heap   total 337920K, used 137431K [0x0000000080000000, 0x0000000100000000)
  region size 1024K, 2 young (2048K), 2 survivors (2048K)
 Metaspace       used 103144K, committed 104000K, reserved 557056K
  class space    used 14178K, committed 14592K, reserved 425984K
}
Event: 83.952 GC heap before
{Heap before GC invocations=62 (full 0):
 garbage-first heap   total 337920K, used 273623K [0x0000000080000000, 0x0000000100000000)
  region size 1024K, 136 young (139264K), 2 survivors (2048K)
 Metaspace       used 103145K, committed 104000K, reserved 557056K
  class space    used 14178K, committed 14592K, reserved 425984K
}
Event: 83.954 GC heap after
{Heap after GC invocations=63 (full 0):
 garbage-first heap   total 337920K, used 137288K [0x0000000080000000, 0x0000000100000000)
  region size 1024K, 2 young (2048K), 2 survivors (2048K)
 Metaspace       used 103145K, committed 104000K, reserved 557056K
  class space    used 14178K, committed 14592K, reserved 425984K
}
Event: 84.489 GC heap before
{Heap before GC invocations=63 (full 0):
 garbage-first heap   total 337920K, used 278600K [0x0000000080000000, 0x0000000100000000)
  region size 1024K, 142 young (145408K), 2 survivors (2048K)
 Metaspace       used 103148K, committed 104000K, reserved 557056K
  class space    used 14178K, committed 14592K, reserved 425984K
}
Event: 84.492 GC heap after
{Heap after GC invocations=64 (full 0):
 garbage-first heap   total 337920K, used 136804K [0x0000000080000000, 0x0000000100000000)
  region size 1024K, 2 young (2048K), 2 survivors (2048K)
 Metaspace       used 103148K, committed 104000K, reserved 557056K
  class space    used 14178K, committed 14592K, reserved 425984K
}
Event: 85.482 GC heap before
{Heap before GC invocations=64 (full 0):
 garbage-first heap   total 337920K, used 283236K [0x0000000080000000, 0x0000000100000000)
  region size 1024K, 145 young (148480K), 2 survivors (2048K)
 Metaspace       used 103312K, committed 104256K, reserved 557056K
  class space    used 14201K, committed 14656K, reserved 425984K
}
Event: 85.484 GC heap after
{Heap after GC invocations=65 (full 0):
 garbage-first heap   total 337920K, used 135949K [0x0000000080000000, 0x0000000100000000)
  region size 1024K, 1 young (1024K), 1 survivors (1024K)
 Metaspace       used 103312K, committed 104256K, reserved 557056K
  class space    used 14201K, committed 14656K, reserved 425984K
}
Event: 93.221 GC heap before
{Heap before GC invocations=65 (full 0):
 garbage-first heap   total 337920K, used 289549K [0x0000000080000000, 0x0000000100000000)
  region size 1024K, 149 young (152576K), 1 survivors (1024K)
 Metaspace       used 107404K, committed 108480K, reserved 557056K
  class space    used 14790K, committed 15296K, reserved 425984K
}
Event: 93.233 GC heap after
{Heap after GC invocations=66 (full 0):
 garbage-first heap   total 337920K, used 152503K [0x0000000080000000, 0x0000000100000000)
  region size 1024K, 15 young (15360K), 15 survivors (15360K)
 Metaspace       used 107404K, committed 108480K, reserved 557056K
  class space    used 14790K, committed 15296K, reserved 425984K
}
Event: 95.664 GC heap before
{Heap before GC invocations=66 (full 0):
 garbage-first heap   total 337920K, used 279479K [0x0000000080000000, 0x0000000100000000)
  region size 1024K, 139 young (142336K), 15 survivors (15360K)
 Metaspace       used 110924K, committed 112000K, reserved 557056K
  class space    used 15265K, committed 15744K, reserved 425984K
}
Event: 95.685 GC heap after
{Heap after GC invocations=67 (full 0):
 garbage-first heap   total 337920K, used 168314K [0x0000000080000000, 0x0000000100000000)
  region size 1024K, 16 young (16384K), 16 survivors (16384K)
 Metaspace       used 110924K, committed 112000K, reserved 557056K
  class space    used 15265K, committed 15744K, reserved 425984K
}
Event: 100.272 GC heap before
{Heap before GC invocations=67 (full 0):
 garbage-first heap   total 337920K, used 276858K [0x0000000080000000, 0x0000000100000000)
  region size 1024K, 119 young (121856K), 16 survivors (16384K)
 Metaspace       used 111768K, committed 112960K, reserved 557056K
  class space    used 15361K, committed 15872K, reserved 425984K
}
Event: 100.295 GC heap after
{Heap after GC invocations=68 (full 0):
 garbage-first heap   total 337920K, used 191591K [0x0000000080000000, 0x0000000100000000)
  region size 1024K, 15 young (15360K), 15 survivors (15360K)
 Metaspace       used 111768K, committed 112960K, reserved 557056K
  class space    used 15361K, committed 15872K, reserved 425984K
}

