# JRE version: OpenJDK Runtime Environment OpenLogic-OpenJDK (17.0.10+7) (build 17.0.10+7-adhoc..jdk17u)
# Java VM: OpenJDK 64-Bit Server VM OpenLogic-OpenJDK (17.0.10+7-adhoc..jdk17u, mixed mode, sharing, tiered, compressed oops, compressed class ptrs, g1 gc, windows-amd64)
GC Precious Log:
 CPUs: 4 total, 4 available
 Memory: 16309M
 Large Page Support: Disabled
 NUMA Support: Disabled
 Compressed Oops: Enabled (32-bit)
 Heap Region Size: 1M
 Heap Min Capacity: 8M
 Heap Initial Capacity: 256M
 Heap Max Capacity: 2G
 Pre-touch: Disabled
 Parallel Workers: 4
 Concurrent Workers: 1
 Concurrent Refinement Workers: 4
 Periodic GC: Disabled
Heap:
 garbage-first heap   total 263168K, used 174707K [0x0000000080000000, 0x0000000100000000)
  region size 1024K, 27 young (27648K), 1 survivors (1024K)
 Metaspace       used 105830K, committed 106816K, reserved 557056K
  class space    used 14645K, committed 15104K, reserved 425984K
GC Heap History (20 events):
Event: 55.831 GC heap before
{Heap before GC invocations=36 (full 0):
 garbage-first heap   total 198656K, used 166435K [0x0000000080000000, 0x0000000100000000)
  region size 1024K, 66 young (67584K), 5 survivors (5120K)
 Metaspace       used 97985K, committed 98880K, reserved 557056K
  class space    used 13538K, committed 13952K, reserved 425984K
}
Event: 55.844 GC heap after
{Heap after GC invocations=37 (full 0):
 garbage-first heap   total 198656K, used 117631K [0x0000000080000000, 0x0000000100000000)
  region size 1024K, 9 young (9216K), 9 survivors (9216K)
 Metaspace       used 97985K, committed 98880K, reserved 557056K
  class space    used 13538K, committed 13952K, reserved 425984K
}
Event: 57.889 GC heap before
{Heap before GC invocations=37 (full 0):
 garbage-first heap   total 198656K, used 163711K [0x0000000080000000, 0x0000000100000000)
  region size 1024K, 51 young (52224K), 9 survivors (9216K)
 Metaspace       used 98727K, committed 99648K, reserved 557056K
  class space    used 13633K, committed 14080K, reserved 425984K
}
Event: 57.900 GC heap after
{Heap after GC invocations=38 (full 0):
 garbage-first heap   total 198656K, used 131708K [0x0000000080000000, 0x0000000100000000)
  region size 1024K, 7 young (7168K), 7 survivors (7168K)
 Metaspace       used 98727K, committed 99648K, reserved 557056K
  class space    used 13633K, committed 14080K, reserved 425984K
}
Event: 61.404 GC heap before
{Heap before GC invocations=38 (full 0):
 garbage-first heap   total 198656K, used 162428K [0x0000000080000000, 0x0000000100000000)
  region size 1024K, 35 young (35840K), 7 survivors (7168K)
 Metaspace       used 99090K, committed 100032K, reserved 557056K
  class space    used 13682K, committed 14144K, reserved 425984K
}
Event: 61.412 GC heap after
{Heap after GC invocations=39 (full 0):
 garbage-first heap   total 198656K, used 140173K [0x0000000080000000, 0x0000000100000000)
  region size 1024K, 5 young (5120K), 5 survivors (5120K)
 Metaspace       used 99090K, committed 100032K, reserved 557056K
  class space    used 13682K, committed 14144K, reserved 425984K
}
Event: 61.617 GC heap before
{Heap before GC invocations=39 (full 0):
 garbage-first heap   total 198656K, used 162701K [0x0000000080000000, 0x0000000100000000)
  region size 1024K, 27 young (27648K), 5 survivors (5120K)
 Metaspace       used 99673K, committed 100608K, reserved 557056K
  class space    used 13791K, committed 14208K, reserved 425984K
}
Event: 61.624 GC heap after
{Heap after GC invocations=40 (full 0):
 garbage-first heap   total 198656K, used 143692K [0x0000000080000000, 0x0000000100000000)
  region size 1024K, 3 young (3072K), 3 survivors (3072K)
 Metaspace       used 99673K, committed 100608K, reserved 557056K
  class space    used 13791K, committed 14208K, reserved 425984K
}
Event: 62.131 GC heap before
{Heap before GC invocations=40 (full 0):
 garbage-first heap   total 198656K, used 165196K [0x0000000080000000, 0x0000000100000000)
  region size 1024K, 24 young (24576K), 3 survivors (3072K)
 Metaspace       used 101017K, committed 102016K, reserved 557056K
  class space    used 13960K, committed 14400K, reserved 425984K
}
Event: 62.144 GC heap after
{Heap after GC invocations=41 (full 0):
 garbage-first heap   total 198656K, used 146040K [0x0000000080000000, 0x0000000100000000)
  region size 1024K, 3 young (3072K), 3 survivors (3072K)
 Metaspace       used 101017K, committed 102016K, reserved 557056K
  class space    used 13960K, committed 14400K, reserved 425984K
}
Event: 62.728 GC heap before
{Heap before GC invocations=41 (full 0):
 garbage-first heap   total 198656K, used 165496K [0x0000000080000000, 0x0000000100000000)
  region size 1024K, 23 young (23552K), 3 survivors (3072K)
 Metaspace       used 102088K, committed 103168K, reserved 557056K
  class space    used 14107K, committed 14592K, reserved 425984K
}
Event: 62.736 GC heap after
{Heap after GC invocations=42 (full 0):
 garbage-first heap   total 198656K, used 146811K [0x0000000080000000, 0x0000000100000000)
  region size 1024K, 1 young (1024K), 1 survivors (1024K)
 Metaspace       used 102088K, committed 103168K, reserved 557056K
  class space    used 14107K, committed 14592K, reserved 425984K
}
Event: 63.154 GC heap before
{Heap before GC invocations=42 (full 0):
 garbage-first heap   total 198656K, used 168315K [0x0000000080000000, 0x0000000100000000)
  region size 1024K, 22 young (22528K), 1 survivors (1024K)
 Metaspace       used 103242K, committed 104256K, reserved 557056K
  class space    used 14283K, committed 14720K, reserved 425984K
}
Event: 63.159 GC heap after
{Heap after GC invocations=43 (full 0):
 garbage-first heap   total 198656K, used 147707K [0x0000000080000000, 0x0000000100000000)
  region size 1024K, 2 young (2048K), 2 survivors (2048K)
 Metaspace       used 103242K, committed 104256K, reserved 557056K
  class space    used 14283K, committed 14720K, reserved 425984K
}
Event: 63.312 GC heap before
{Heap before GC invocations=43 (full 0):
 garbage-first heap   total 198656K, used 159995K [0x0000000080000000, 0x0000000100000000)
  region size 1024K, 15 young (15360K), 2 survivors (2048K)
 Metaspace       used 103900K, committed 104896K, reserved 557056K
  class space    used 14381K, committed 14848K, reserved 425984K
}
Event: 63.316 GC heap after
{Heap after GC invocations=44 (full 0):
 garbage-first heap   total 198656K, used 148392K [0x0000000080000000, 0x0000000100000000)
  region size 1024K, 2 young (2048K), 2 survivors (2048K)
 Metaspace       used 103900K, committed 104896K, reserved 557056K
  class space    used 14381K, committed 14848K, reserved 425984K
}
Event: 63.785 GC heap before
{Heap before GC invocations=45 (full 0):
 garbage-first heap   total 263168K, used 164776K [0x0000000080000000, 0x0000000100000000)
  region size 1024K, 18 young (18432K), 2 survivors (2048K)
 Metaspace       used 104623K, committed 105664K, reserved 557056K
  class space    used 14494K, committed 14976K, reserved 425984K
}
Event: 63.791 GC heap after
{Heap after GC invocations=46 (full 0):
 garbage-first heap   total 263168K, used 149516K [0x0000000080000000, 0x0000000100000000)
  region size 1024K, 2 young (2048K), 2 survivors (2048K)
 Metaspace       used 104623K, committed 105664K, reserved 557056K
  class space    used 14494K, committed 14976K, reserved 425984K
}
Event: 63.933 GC heap before
{Heap before GC invocations=46 (full 0):
 garbage-first heap   total 263168K, used 158732K [0x0000000080000000, 0x0000000100000000)
  region size 1024K, 12 young (12288K), 2 survivors (2048K)
 Metaspace       used 105255K, committed 106304K, reserved 557056K
  class space    used 14571K, committed 15040K, reserved 425984K
}
Event: 63.937 GC heap after
{Heap after GC invocations=47 (full 0):
 garbage-first heap   total 263168K, used 149107K [0x0000000080000000, 0x0000000100000000)
  region size 1024K, 1 young (1024K), 1 survivors (1024K)
 Metaspace       used 105255K, committed 106304K, reserved 557056K
  class space    used 14571K, committed 15040K, reserved 425984K
}

